# step       rmse_val    rmse_trn    rmse_e_val  rmse_e_trn    rmse_f_val  rmse_f_trn   lr      
# If there is no available reference data, rmse_*_{val,trn} will print nan
      1      8.62e+01    4.82e+01      4.71e+00    4.07e-01      2.56e+00    1.52e+00    1.0e-03
    100      4.44e+01    4.32e+01      2.01e-01    1.63e-01      1.40e+00    1.36e+00    1.0e-03
    200      3.82e+01    3.81e+01      1.94e-01    1.17e-01      1.21e+00    1.20e+00    1.0e-03
    300      4.13e+01    3.91e+01      2.97e-01    3.44e-01      1.31e+00    1.24e+00    1.0e-03
    400      5.02e+01    3.43e+01      1.45e-01    1.62e-01      1.59e+00    1.09e+00    1.0e-03
    500      3.72e+01    3.70e+01      6.79e-01    3.56e-01      1.17e+00    1.17e+00    1.0e-03
    600      3.39e+01    3.21e+01      9.01e-02    1.64e-01      1.07e+00    1.02e+00    1.0e-03
    700      3.70e+01    3.89e+01      3.02e-01    7.73e-01      1.17e+00    1.22e+00    1.0e-03
    800      2.98e+01    2.91e+01      1.60e-01    2.64e-01      9.42e-01    9.20e-01    1.0e-03
    900      3.09e+01    3.09e+01      1.57e-01    3.18e-01      9.78e-01    9.75e-01    1.0e-03
   1000      3.17e+01    3.04e+01      1.21e-01    1.62e-01      1.00e+00    9.61e-01    1.0e-03
   1100      3.17e+01    2.80e+01      2.66e-01    3.21e-01      1.00e+00    8.83e-01    1.0e-03
   1200      3.27e+01    8.67e+01      3.49e-01    2.39e-01      1.03e+00    2.74e+00    1.0e-03
   1300      2.76e+01    2.83e+01      3.29e-01    3.35e-01      8.69e-01    8.92e-01    1.0e-03
   1400      3.05e+01    2.71e+01      6.11e-01    6.24e-01      9.58e-01    8.49e-01    1.0e-03
   1500      4.13e+01    3.74e+01      8.43e-01    7.43e-01      1.30e+00    1.17e+00    1.0e-03
   1600      2.69e+01    2.67e+01      9.40e-02    3.44e-02      8.51e-01    8.45e-01    1.0e-03
   1700      4.54e+01    2.55e+01      1.85e-01    1.19e-01      1.44e+00    8.05e-01    1.0e-03
   1800      4.61e+01    3.67e+01      7.60e-01    8.75e-01      1.45e+00    1.15e+00    1.0e-03
   1900      2.73e+01    2.55e+01      3.24e-02    1.49e-01      8.64e-01    8.07e-01    1.0e-03
   2000      2.47e+01    2.29e+01      7.46e-02    8.34e-02      7.81e-01    7.25e-01    1.0e-03
   2100      2.47e+01    2.60e+01      1.09e-01    1.70e-01      7.80e-01    8.20e-01    1.0e-03
   2200      2.95e+01    2.71e+01      7.70e-02    4.16e-02      9.34e-01    8.58e-01    1.0e-03
   2300      2.81e+01    2.58e+01      2.55e-02    5.44e-02      8.89e-01    8.15e-01    1.0e-03
   2400      5.25e+01    2.76e+01      8.86e-02    9.94e-02      1.66e+00    8.71e-01    1.0e-03
   2500      3.85e+01    2.97e+01      5.22e-02    2.50e-02      1.22e+00    9.39e-01    1.0e-03
   2600      2.53e+01    2.50e+01      1.81e-01    2.52e-01      7.98e-01    7.88e-01    1.0e-03
   2700      4.22e+01    5.55e+01      2.98e-01    1.42e-01      1.33e+00    1.76e+00    1.0e-03
   2800      3.07e+01    3.04e+01      4.80e-02    4.06e-02      9.71e-01    9.62e-01    1.0e-03
   2900      3.54e+01    2.87e+01      4.58e-02    3.64e-02      1.12e+00    9.08e-01    1.0e-03
   3000      2.91e+01    2.84e+01      1.31e-01    5.47e-02      9.20e-01    8.99e-01    1.0e-03
   3100      2.66e+01    2.64e+01      3.99e-02    2.87e-02      8.42e-01    8.34e-01    1.0e-03
   3200      2.76e+01    2.29e+01      6.75e-02    3.55e-02      8.73e-01    7.24e-01    1.0e-03
   3300      2.38e+01    2.57e+01      3.48e-02    3.24e-02      7.54e-01    8.13e-01    1.0e-03
   3400      2.35e+01    2.37e+01      2.56e-01    4.03e-01      7.43e-01    7.46e-01    1.0e-03
   3500      2.23e+01    2.58e+01      4.15e-02    1.72e-02      7.06e-01    8.16e-01    1.0e-03
   3600      2.18e+01    2.12e+01      3.15e-02    1.29e-01      6.88e-01    6.70e-01    1.0e-03
   3700      2.21e+01    2.60e+01      1.20e-01    1.67e-01      6.98e-01    8.20e-01    1.0e-03
   3800      2.37e+01    1.91e+01      3.78e-02    2.55e-02      7.50e-01    6.05e-01    1.0e-03
   3900      2.13e+01    2.13e+01      1.95e-01    1.74e-01      6.72e-01    6.73e-01    1.0e-03
   4000      2.19e+01    2.25e+01      8.89e-02    2.78e-02      6.93e-01    7.10e-01    1.0e-03
   4100      2.25e+01    2.41e+01      1.85e-02    1.15e-01      7.12e-01    7.63e-01    1.0e-03
   4200      2.30e+01    2.03e+01      2.64e-01    2.74e-01      7.27e-01    6.40e-01    1.0e-03
   4300      1.97e+01    2.10e+01      1.02e-01    1.49e-01      6.23e-01    6.63e-01    1.0e-03
   4400      2.09e+01    2.39e+01      1.12e-01    6.49e-02      6.60e-01    7.54e-01    1.0e-03
   4500      2.09e+01    2.32e+01      3.17e-01    3.62e-01      6.57e-01    7.29e-01    1.0e-03
   4600      2.00e+01    1.76e+01      1.21e-01    1.68e-02      6.32e-01    5.57e-01    1.0e-03
   4700      1.83e+01    1.90e+01      4.03e-01    4.64e-01      5.73e-01    5.95e-01    1.0e-03
   4800      2.14e+01    1.97e+01      3.51e-01    4.80e-01      6.74e-01    6.16e-01    1.0e-03
   4900      1.91e+01    1.98e+01      2.23e-02    4.71e-02      6.04e-01    6.25e-01    1.0e-03
   5000      2.06e+01    1.57e+01      1.14e-01    1.67e-01      6.51e-01    4.95e-01    1.0e-03
   5100      1.28e+01    1.51e+01      2.29e-02    3.88e-02      5.23e-01    6.17e-01    6.0e-04
   5200      1.41e+01    1.21e+01      3.14e-02    1.95e-02      5.76e-01    4.96e-01    6.0e-04
   5300      1.46e+01    1.18e+01      6.78e-02    1.03e-02      5.96e-01    4.83e-01    6.0e-04
   5400      1.42e+01    1.43e+01      2.20e-02    1.49e-02      5.80e-01    5.83e-01    6.0e-04
   5500      1.29e+01    1.41e+01      1.49e-02    1.77e-02      5.27e-01    5.74e-01    6.0e-04
   5600      1.14e+01    1.14e+01      3.08e-02    3.60e-02      4.67e-01    4.65e-01    6.0e-04
   5700      1.50e+01    1.22e+01      2.03e-02    2.66e-02      6.11e-01    4.99e-01    6.0e-04
   5800      1.36e+01    1.31e+01      5.77e-02    1.29e-03      5.53e-01    5.35e-01    6.0e-04
   5900      1.27e+01    1.58e+01      1.86e-02    3.13e-02      5.17e-01    6.44e-01    6.0e-04
   6000      1.30e+01    1.18e+01      8.07e-02    1.87e-02      5.29e-01    4.82e-01    6.0e-04
   6100      1.11e+01    1.22e+01      4.87e-02    8.62e-02      4.51e-01    4.97e-01    6.0e-04
   6200      1.22e+01    1.40e+01      7.43e-02    9.20e-02      4.98e-01    5.68e-01    6.0e-04
   6300      1.09e+01    1.16e+01      1.34e-02    4.88e-02      4.46e-01    4.71e-01    6.0e-04
   6400      1.15e+01    1.08e+01      4.03e-02    7.56e-02      4.71e-01    4.39e-01    6.0e-04
   6500      1.16e+01    1.38e+01      2.08e-02    1.27e-01      4.72e-01    5.59e-01    6.0e-04
   6600      1.04e+01    1.21e+01      8.40e-02    1.02e-02      4.23e-01    4.94e-01    6.0e-04
   6700      1.28e+01    1.04e+01      1.67e-02    6.76e-02      5.23e-01    4.22e-01    6.0e-04
   6800      1.85e+01    9.82e+00      2.91e-02    2.99e-03      7.56e-01    4.01e-01    6.0e-04
   6900      1.07e+01    9.66e+00      8.68e-03    4.25e-02      4.36e-01    3.94e-01    6.0e-04
   7000      1.14e+01    9.93e+00      2.27e-02    1.24e-02      4.65e-01    4.06e-01    6.0e-04
   7100      1.11e+01    1.06e+01      8.95e-02    5.93e-02      4.49e-01    4.32e-01    6.0e-04
   7200      1.09e+01    1.12e+01      7.26e-03    5.07e-02      4.44e-01    4.57e-01    6.0e-04
   7300      1.12e+01    1.08e+01      4.86e-02    3.01e-02      4.56e-01    4.42e-01    6.0e-04
   7400      1.00e+01    9.76e+00      2.65e-02    7.02e-02      4.10e-01    3.97e-01    6.0e-04
   7500      1.01e+01    1.39e+01      5.09e-02    7.00e-02      4.11e-01    5.68e-01    6.0e-04
   7600      1.25e+01    1.13e+01      9.17e-02    6.28e-02      5.07e-01    4.59e-01    6.0e-04
   7700      1.08e+01    9.69e+00      8.68e-02    5.76e-02      4.40e-01    3.94e-01    6.0e-04
   7800      1.03e+01    1.11e+01      4.95e-02    3.77e-02      4.20e-01    4.52e-01    6.0e-04
   7900      1.07e+01    1.40e+01      9.33e-03    3.39e-02      4.37e-01    5.71e-01    6.0e-04
   8000      1.01e+01    1.38e+01      7.44e-02    6.60e-02      4.11e-01    5.63e-01    6.0e-04
   8100      1.00e+01    9.39e+00      2.57e-02    4.32e-02      4.09e-01    3.83e-01    6.0e-04
   8200      1.03e+01    1.03e+01      7.09e-03    1.28e-01      4.19e-01    4.14e-01    6.0e-04
   8300      1.69e+01    9.46e+00      1.86e-02    3.49e-04      6.90e-01    3.86e-01    6.0e-04
   8400      9.73e+00    1.01e+01      2.44e-02    4.25e-02      3.97e-01    4.10e-01    6.0e-04
   8500      9.36e+00    1.11e+01      5.28e-02    4.46e-02      3.81e-01    4.54e-01    6.0e-04
   8600      9.79e+00    8.28e+00      4.81e-02    9.25e-02      3.99e-01    3.34e-01    6.0e-04
   8700      1.12e+01    2.12e+01      9.61e-02    9.59e-02      4.53e-01    8.64e-01    6.0e-04
   8800      1.19e+01    1.32e+01      2.77e-02    7.76e-02      4.85e-01    5.36e-01    6.0e-04
   8900      9.53e+00    8.75e+00      8.75e-03    8.45e-02      3.89e-01    3.54e-01    6.0e-04
   9000      1.09e+01    1.16e+01      3.72e-02    1.56e-01      4.44e-01    4.66e-01    6.0e-04
   9100      9.43e+00    8.73e+00      2.88e-02    5.11e-03      3.85e-01    3.57e-01    6.0e-04
   9200      8.75e+00    9.26e+00      7.74e-02    2.71e-02      3.55e-01    3.78e-01    6.0e-04
   9300      1.07e+01    8.88e+00      5.01e-02    2.99e-02      4.35e-01    3.63e-01    6.0e-04
   9400      1.18e+01    9.34e+00      3.90e-02    4.91e-02      4.80e-01    3.80e-01    6.0e-04
   9500      9.94e+00    8.15e+00      1.52e-02    4.79e-02      4.06e-01    3.32e-01    6.0e-04
   9600      9.82e+00    7.47e+00      5.09e-03    1.95e-02      4.01e-01    3.05e-01    6.0e-04
   9700      9.14e+00    7.45e+00      6.65e-02    1.28e-02      3.72e-01    3.04e-01    6.0e-04
   9800      8.29e+00    9.09e+00      6.01e-02    1.39e-02      3.37e-01    3.71e-01    6.0e-04
   9900      8.48e+00    9.81e+00      7.74e-02    5.87e-03      3.44e-01    4.01e-01    6.0e-04
  10000      1.14e+01    1.15e+01      5.24e-02    2.33e-03      4.67e-01    4.69e-01    6.0e-04
  10100      6.29e+00    7.84e+00      3.39e-03    6.80e-03      3.32e-01    4.14e-01    3.6e-04
  10200      5.49e+00    9.40e+00      9.07e-03    2.49e-02      2.89e-01    4.96e-01    3.6e-04
  10300      7.73e+00    7.05e+00      7.06e-03    1.99e-02      4.08e-01    3.72e-01    3.6e-04
  10400      5.81e+00    5.61e+00      1.42e-02    2.02e-03      3.06e-01    2.96e-01    3.6e-04
  10500      6.71e+00    5.37e+00      1.35e-02    2.50e-02      3.54e-01    2.83e-01    3.6e-04
  10600      6.99e+00    5.93e+00      5.88e-03    3.09e-03      3.69e-01    3.13e-01    3.6e-04
  10700      6.27e+00    5.99e+00      1.91e-02    2.97e-02      3.30e-01    3.15e-01    3.6e-04
  10800      6.52e+00    7.04e+00      2.24e-02    3.03e-02      3.43e-01    3.71e-01    3.6e-04
  10900      7.67e+00    9.81e+00      3.49e-02    4.58e-02      4.04e-01    5.16e-01    3.6e-04
  11000      5.70e+00    8.23e+00      7.43e-03    1.35e-02      3.01e-01    4.34e-01    3.6e-04
  11100      6.73e+00    5.31e+00      1.34e-02    8.79e-04      3.55e-01    2.80e-01    3.6e-04
  11200      6.03e+00    7.62e+00      9.54e-03    6.95e-03      3.18e-01    4.02e-01    3.6e-04
  11300      6.66e+00    6.45e+00      7.26e-03    3.79e-04      3.51e-01    3.40e-01    3.6e-04
  11400      5.35e+00    9.54e+00      2.36e-02    2.78e-02      2.82e-01    5.03e-01    3.6e-04
  11500      5.86e+00    9.75e+00      8.19e-03    2.49e-02      3.09e-01    5.14e-01    3.6e-04
  11600      7.31e+00    5.07e+00      2.66e-02    1.54e-02      3.85e-01    2.67e-01    3.6e-04
  11700      6.52e+00    7.27e+00      1.30e-01    5.95e-02      3.25e-01    3.80e-01    3.6e-04
  11800      6.46e+00    7.64e+00      4.04e-02    3.41e-02      3.39e-01    4.02e-01    3.6e-04
  11900      5.61e+00    5.24e+00      9.73e-03    1.16e-02      2.96e-01    2.76e-01    3.6e-04
  12000      6.81e+00    5.30e+00      1.43e-02    2.11e-02      3.59e-01    2.79e-01    3.6e-04
  12100      5.64e+00    1.06e+01      2.23e-03    2.15e-02      2.97e-01    5.59e-01    3.6e-04
  12200      5.83e+00    5.00e+00      1.14e-02    1.36e-02      3.07e-01    2.64e-01    3.6e-04
  12300      5.12e+00    5.32e+00      3.40e-02    2.55e-02      2.69e-01    2.80e-01    3.6e-04
  12400      5.44e+00    7.13e+00      2.45e-02    6.23e-02      2.86e-01    3.73e-01    3.6e-04
  12500      6.57e+00    5.08e+00      5.87e-03    1.00e-02      3.47e-01    2.68e-01    3.6e-04
  12600      5.27e+00    5.04e+00      5.53e-02    1.60e-03      2.74e-01    2.66e-01    3.6e-04
  12700      5.25e+00    6.83e+00      6.43e-03    2.39e-02      2.77e-01    3.60e-01    3.6e-04
  12800      4.83e+00    4.83e+00      1.36e-02    4.66e-02      2.55e-01    2.52e-01    3.6e-04
  12900      7.03e+00    7.26e+00      6.53e-03    2.06e-02      3.71e-01    3.83e-01    3.6e-04
  13000      7.18e+00    7.62e+00      7.17e-02    2.35e-02      3.74e-01    4.02e-01    3.6e-04
  13100      7.97e+00    5.41e+00      5.22e-02    4.12e-02      4.18e-01    2.83e-01    3.6e-04
  13200      5.48e+00    6.42e+00      1.27e-02    5.92e-02      2.89e-01    3.35e-01    3.6e-04
  13300      7.37e+00    1.00e+01      1.09e-02    1.40e-02      3.89e-01    5.29e-01    3.6e-04
  13400      5.53e+00    6.47e+00      1.78e-03    2.97e-04      2.92e-01    3.42e-01    3.6e-04
  13500      6.42e+00    5.16e+00      4.60e-03    2.56e-02      3.39e-01    2.71e-01    3.6e-04
  13600      7.07e+00    4.56e+00      1.66e-02    8.72e-03      3.73e-01    2.40e-01    3.6e-04
  13700      6.37e+00    4.81e+00      2.06e-02    1.03e-02      3.36e-01    2.54e-01    3.6e-04
  13800      4.91e+00    5.28e+00      1.12e-03    3.15e-02      2.59e-01    2.77e-01    3.6e-04
  13900      7.33e+00    8.28e+00      4.52e-03    1.18e-02      3.87e-01    4.37e-01    3.6e-04
  14000      6.71e+00    4.80e+00      1.34e-02    8.92e-03      3.54e-01    2.53e-01    3.6e-04
  14100      9.20e+00    8.92e+00      3.65e-03    1.92e-02      4.85e-01    4.70e-01    3.6e-04
  14200      6.69e+00    5.76e+00      1.38e-02    3.14e-02      3.53e-01    3.03e-01    3.6e-04
  14300      5.75e+00    4.81e+00      3.08e-02    2.98e-02      3.02e-01    2.53e-01    3.6e-04
  14400      5.90e+00    7.17e+00      1.92e-02    2.91e-02      3.11e-01    3.78e-01    3.6e-04
  14500      7.14e+00    9.10e+00      3.13e-02    2.69e-04      3.76e-01    4.80e-01    3.6e-04
  14600      4.99e+00    4.62e+00      2.59e-03    2.97e-03      2.63e-01    2.44e-01    3.6e-04
  14700      6.43e+00    5.45e+00      3.32e-02    4.13e-02      3.38e-01    2.86e-01    3.6e-04
  14800      6.25e+00    4.44e+00      3.36e-02    1.11e-02      3.28e-01    2.34e-01    3.6e-04
  14900      7.54e+00    6.06e+00      5.59e-03    3.51e-02      3.98e-01    3.18e-01    3.6e-04
  15000      6.83e+00    5.58e+00      2.72e-02    1.82e-02      3.59e-01    2.94e-01    3.6e-04
  15100      5.69e+00    4.72e+00      1.08e-02    1.90e-02      3.88e-01    3.21e-01    2.1e-04
  15200      5.19e+00    3.35e+00      7.09e-03    4.72e-03      3.53e-01    2.28e-01    2.1e-04
  15300      7.48e+00    5.31e+00      1.26e-02    1.46e-02      5.09e-01    3.61e-01    2.1e-04
  15400      4.62e+00    7.82e+00      2.27e-02    1.02e-02      3.14e-01    5.32e-01    2.1e-04
  15500      4.50e+00    3.42e+00      1.11e-02    1.92e-02      3.06e-01    2.32e-01    2.1e-04
  15600      5.26e+00    3.43e+00      1.44e-02    2.27e-02      3.58e-01    2.32e-01    2.1e-04
  15700      4.53e+00    3.76e+00      9.08e-03    9.19e-03      3.08e-01    2.56e-01    2.1e-04
  15800      4.42e+00    4.11e+00      1.70e-02    1.28e-02      3.00e-01    2.80e-01    2.1e-04
  15900      4.00e+00    3.18e+00      2.61e-03    5.25e-03      2.73e-01    2.16e-01    2.1e-04
  16000      3.45e+00    3.71e+00      1.86e-02    1.24e-03      2.34e-01    2.53e-01    2.1e-04
  16100      3.91e+00    5.52e+00      7.62e-03    3.18e-02      2.67e-01    3.74e-01    2.1e-04
  16200      4.03e+00    3.30e+00      7.22e-03    2.18e-02      2.74e-01    2.24e-01    2.1e-04
  16300      5.55e+00    5.13e+00      1.78e-02    3.70e-03      3.78e-01    3.50e-01    2.1e-04
  16400      4.16e+00    3.75e+00      3.88e-02    2.42e-02      2.79e-01    2.54e-01    2.1e-04
  16500      4.68e+00    3.35e+00      2.88e-02    2.04e-02      3.17e-01    2.27e-01    2.1e-04
  16600      3.73e+00    5.61e+00      1.28e-03    2.14e-03      2.54e-01    3.82e-01    2.1e-04
  16700      3.44e+00    5.53e+00      2.16e-02    2.32e-03      2.33e-01    3.77e-01    2.1e-04
  16800      5.76e+00    3.33e+00      2.05e-02    3.23e-02      3.91e-01    2.24e-01    2.1e-04
  16900      4.69e+00    3.23e+00      1.46e-02    2.73e-02      3.19e-01    2.18e-01    2.1e-04
  17000      4.14e+00    4.38e+00      2.42e-03    1.58e-02      2.82e-01    2.98e-01    2.1e-04
  17100      4.50e+00    3.24e+00      3.62e-02    4.40e-02      3.03e-01    2.14e-01    2.1e-04
  17200      3.97e+00    3.81e+00      4.89e-03    7.92e-03      2.71e-01    2.59e-01    2.1e-04
  17300      5.01e+00    3.55e+00      1.78e-02    2.23e-02      3.40e-01    2.40e-01    2.1e-04
  17400      5.28e+00    3.07e+00      4.18e-02    1.16e-03      3.56e-01    2.09e-01    2.1e-04
  17500      3.96e+00    3.51e+00      5.54e-02    3.39e-02      2.61e-01    2.36e-01    2.1e-04
  17600      4.93e+00    3.22e+00      1.84e-02    8.51e-03      3.35e-01    2.19e-01    2.1e-04
  17700      5.22e+00    4.59e+00      5.75e-03    4.13e-03      3.56e-01    3.13e-01    2.1e-04
  17800      3.36e+00    4.83e+00      1.71e-02    8.19e-03      2.28e-01    3.29e-01    2.1e-04
  17900      4.86e+00    4.03e+00      3.65e-03    9.60e-03      3.31e-01    2.75e-01    2.1e-04
  18000      5.33e+00    4.93e+00      6.10e-03    1.65e-02      3.63e-01    3.35e-01    2.1e-04
  18100      6.35e+00    3.06e+00      8.39e-04    1.90e-02      4.33e-01    2.07e-01    2.1e-04
  18200      5.26e+00    3.53e+00      2.82e-03    2.31e-02      3.58e-01    2.39e-01    2.1e-04
  18300      3.61e+00    3.89e+00      1.74e-02    8.81e-03      2.45e-01    2.65e-01    2.1e-04
  18400      4.33e+00    6.62e+00      3.65e-02    1.26e-02      2.92e-01    4.51e-01    2.1e-04
  18500      5.22e+00    3.55e+00      4.82e-02    1.49e-02      3.51e-01    2.41e-01    2.1e-04
  18600      3.35e+00    3.50e+00      2.23e-02    4.14e-03      2.27e-01    2.39e-01    2.1e-04
  18700      3.79e+00    3.59e+00      2.01e-02    1.28e-02      2.57e-01    2.44e-01    2.1e-04
  18800      4.90e+00    3.07e+00      6.41e-03    4.13e-03      3.34e-01    2.09e-01    2.1e-04
  18900      3.53e+00    3.55e+00      2.60e-02    3.54e-02      2.39e-01    2.38e-01    2.1e-04
  19000      3.69e+00    3.70e+00      1.25e-02    1.24e-02      2.51e-01    2.52e-01    2.1e-04
  19100      3.10e+00    4.02e+00      6.98e-03    1.50e-03      2.11e-01    2.74e-01    2.1e-04
  19200      4.25e+00    3.10e+00      1.32e-02    2.18e-02      2.89e-01    2.09e-01    2.1e-04
  19300      3.23e+00    7.24e+00      4.49e-03    4.64e-02      2.20e-01    4.90e-01    2.1e-04
  19400      6.63e+00    3.09e+00      2.77e-02    1.75e-02      4.50e-01    2.10e-01    2.1e-04
  19500      6.08e+00    4.38e+00      2.29e-02    2.84e-02      4.13e-01    2.96e-01    2.1e-04
  19600      3.81e+00    2.89e+00      1.09e-02    1.00e-02      2.59e-01    1.96e-01    2.1e-04
  19700      3.22e+00    3.11e+00      1.96e-02    5.39e-02      2.18e-01    2.02e-01    2.1e-04
  19800      3.48e+00    3.21e+00      1.23e-02    2.49e-02      2.36e-01    2.17e-01    2.1e-04
  19900      3.56e+00    4.94e+00      1.13e-02    2.61e-02      2.42e-01    3.35e-01    2.1e-04
  20000      3.19e+00    3.00e+00      2.39e-02    7.10e-04      2.15e-01    2.04e-01    2.1e-04
  20100      2.28e+00    2.24e+00      2.21e-02    1.48e-02      1.97e-01    1.95e-01    1.3e-04
  20200      3.30e+00    2.29e+00      1.16e-02    1.31e-03      2.89e-01    2.01e-01    1.3e-04
  20300      2.70e+00    5.79e+00      2.58e-02    5.84e-03      2.34e-01    5.09e-01    1.3e-04
  20400      2.58e+00    4.03e+00      3.23e-03    8.35e-03      2.27e-01    3.54e-01    1.3e-04
  20500      3.65e+00    2.89e+00      6.39e-03    2.15e-02      3.21e-01    2.52e-01    1.3e-04
  20600      2.26e+00    2.61e+00      2.92e-02    2.69e-02      1.93e-01    2.25e-01    1.3e-04
  20700      2.71e+00    2.25e+00      1.83e-02    9.04e-03      2.36e-01    1.97e-01    1.3e-04
  20800      3.85e+00    2.71e+00      3.69e-03    2.15e-02      3.38e-01    2.36e-01    1.3e-04
  20900      3.28e+00    2.21e+00      9.30e-03    8.45e-03      2.88e-01    1.94e-01    1.3e-04
  21000      2.70e+00    3.50e+00      7.86e-03    1.12e-02      2.37e-01    3.07e-01    1.3e-04
  21100      4.19e+00    3.77e+00      2.78e-02    2.01e-02      3.65e-01    3.30e-01    1.3e-04
  21200      2.59e+00    4.03e+00      1.46e-02    8.26e-03      2.26e-01    3.54e-01    1.3e-04
  21300      2.52e+00    2.10e+00      2.82e-03    1.27e-02      2.21e-01    1.84e-01    1.3e-04
  21400      4.32e+00    3.99e+00      1.05e-02    5.99e-03      3.80e-01    3.50e-01    1.3e-04
  21500      2.91e+00    2.24e+00      7.45e-03    1.83e-02      2.56e-01    1.95e-01    1.3e-04
  21600      3.35e+00    2.18e+00      2.26e-02    3.32e-03      2.92e-01    1.92e-01    1.3e-04
  21700      3.32e+00    2.27e+00      7.57e-03    6.58e-03      2.92e-01    1.99e-01    1.3e-04
  21800      3.14e+00    3.96e+00      1.13e-02    5.84e-03      2.76e-01    3.48e-01    1.3e-04
  21900      3.55e+00    5.14e+00      3.33e-02    1.17e-03      3.07e-01    4.52e-01    1.3e-04
  22000      2.79e+00    3.95e+00      3.89e-03    1.94e-02      2.45e-01    3.46e-01    1.3e-04
  22100      3.61e+00    2.18e+00      1.52e-02    2.02e-02      3.16e-01    1.89e-01    1.3e-04
  22200      3.47e+00    5.82e+00      1.29e-02    1.53e-02      3.04e-01    5.11e-01    1.3e-04
  22300      3.40e+00    5.12e+00      3.19e-02    6.39e-03      2.95e-01    4.50e-01    1.3e-04
  22400      3.26e+00    5.23e+00      3.29e-02    4.02e-02      2.81e-01    4.55e-01    1.3e-04
  22500      4.07e+00    2.23e+00      2.17e-02    2.56e-03      3.56e-01    1.96e-01    1.3e-04
  22600      2.89e+00    3.01e+00      2.62e-02    1.32e-02      2.50e-01    2.64e-01    1.3e-04
  22700      2.30e+00    2.04e+00      5.35e-03    1.73e-03      2.02e-01    1.79e-01    1.3e-04
  22800      2.23e+00    2.22e+00      1.33e-02    3.84e-02      1.95e-01    1.85e-01    1.3e-04
  22900      4.06e+00    2.19e+00      3.32e-02    6.74e-04      3.52e-01    1.92e-01    1.3e-04
  23000      2.64e+00    5.64e+00      2.11e-03    4.96e-03      2.32e-01    4.96e-01    1.3e-04
  23100      3.09e+00    2.47e+00      1.78e-02    6.09e-03      2.70e-01    2.17e-01    1.3e-04
  23200      2.36e+00    2.40e+00      2.85e-02    3.57e-02      2.03e-01    2.03e-01    1.3e-04
  23300      3.51e+00    5.11e+00      2.70e-03    2.20e-02      3.08e-01    4.48e-01    1.3e-04
  23400      2.17e+00    2.59e+00      7.00e-03    2.26e-02      1.90e-01    2.24e-01    1.3e-04
  23500      2.78e+00    5.02e+00      3.04e-03    1.34e-03      2.44e-01    4.41e-01    1.3e-04
  23600      2.74e+00    2.18e+00      7.10e-03    2.35e-02      2.41e-01    1.88e-01    1.3e-04
  23700      3.29e+00    2.19e+00      1.92e-02    1.24e-02      2.88e-01    1.91e-01    1.3e-04
  23800      3.25e+00    3.35e+00      7.69e-03    5.70e-03      2.86e-01    2.95e-01    1.3e-04
  23900      3.04e+00    2.24e+00      1.35e-02    2.62e-02      2.66e-01    1.92e-01    1.3e-04
  24000      2.47e+00    2.20e+00      4.58e-03    4.44e-03      2.17e-01    1.93e-01    1.3e-04
  24100      3.21e+00    3.12e+00      1.18e-02    5.99e-03      2.81e-01    2.74e-01    1.3e-04
  24200      3.66e+00    3.90e+00      2.06e-02    2.38e-02      3.20e-01    3.41e-01    1.3e-04
  24300      2.25e+00    2.48e+00      6.56e-03    1.90e-02      1.97e-01    2.15e-01    1.3e-04
  24400      3.05e+00    2.11e+00      1.46e-02    7.01e-03      2.67e-01    1.85e-01    1.3e-04
  24500      4.52e+00    3.57e+00      1.49e-02    6.83e-03      3.96e-01    3.14e-01    1.3e-04
  24600      3.76e+00    2.13e+00      2.31e-02    1.55e-02      3.28e-01    1.86e-01    1.3e-04
  24700      2.72e+00    3.61e+00      4.62e-03    1.21e-02      2.39e-01    3.17e-01    1.3e-04
  24800      3.67e+00    2.05e+00      2.74e-02    4.83e-03      3.19e-01    1.80e-01    1.3e-04
  24900      2.63e+00    2.27e+00      9.25e-03    4.13e-02      2.30e-01    1.88e-01    1.3e-04
  25000      3.58e+00    4.99e+00      1.95e-02    1.13e-03      3.12e-01    4.39e-01    1.3e-04
  25100      2.73e+00    1.61e+00      4.75e-03    1.49e-02      3.09e-01    1.79e-01    7.7e-05
  25200      2.20e+00    2.53e+00      1.22e-02    1.64e-02      2.48e-01    2.85e-01    7.7e-05
  25300      1.83e+00    2.61e+00      3.25e-03    1.09e-02      2.07e-01    2.95e-01    7.7e-05
  25400      2.76e+00    1.56e+00      2.84e-03    1.67e-02      3.13e-01    1.73e-01    7.7e-05
  25500      1.79e+00    2.45e+00      1.65e-03    5.72e-03      2.03e-01    2.77e-01    7.7e-05
  25600      2.20e+00    1.61e+00      6.56e-03    1.40e-02      2.49e-01    1.80e-01    7.7e-05
  25700      1.73e+00    1.65e+00      1.22e-03    2.43e-02      1.96e-01    1.79e-01    7.7e-05
  25800      2.29e+00    1.61e+00      1.00e-02    1.84e-02      2.58e-01    1.78e-01    7.7e-05
  25900      2.29e+00    4.36e+00      5.90e-03    8.68e-03      2.59e-01    4.93e-01    7.7e-05
  26000      1.91e+00    1.52e+00      2.94e-02    1.51e-04      2.07e-01    1.72e-01    7.7e-05
  26100      1.59e+00    3.16e+00      4.33e-03    1.69e-04      1.80e-01    3.58e-01    7.7e-05
  26200      3.24e+00    3.69e+00      3.37e-03    6.16e-03      3.67e-01    4.18e-01    7.7e-05
  26300      2.37e+00    2.50e+00      1.83e-02    1.35e-02      2.65e-01    2.82e-01    7.7e-05
  26400      3.53e+00    3.61e+00      4.58e-03    1.58e-02      4.00e-01    4.07e-01    7.7e-05
  26500      2.67e+00    2.32e+00      2.20e-02    1.50e-02      2.99e-01    2.61e-01    7.7e-05
  26600      1.61e+00    4.29e+00      1.12e-02    1.74e-02      1.81e-01    4.85e-01    7.7e-05
  26700      2.10e+00    1.69e+00      9.77e-03    6.29e-04      2.37e-01    1.92e-01    7.7e-05
  26800      2.07e+00    3.25e+00      2.04e-03    1.50e-02      2.35e-01    3.67e-01    7.7e-05
  26900      2.67e+00    1.62e+00      3.88e-03    5.48e-03      3.02e-01    1.83e-01    7.7e-05
  27000      1.64e+00    1.60e+00      1.31e-02    1.38e-02      1.84e-01    1.79e-01    7.7e-05
  27100      1.72e+00    2.59e+00      1.91e-03    8.49e-03      1.95e-01    2.93e-01    7.7e-05
  27200      2.28e+00    3.74e+00      1.98e-02    2.20e-02      2.54e-01    4.21e-01    7.7e-05
  27300      1.98e+00    1.74e+00      1.32e-02    3.34e-02      2.23e-01    1.84e-01    7.7e-05
  27400      2.41e+00    1.49e+00      4.79e-03    7.61e-05      2.73e-01    1.68e-01    7.7e-05
  27500      2.69e+00    1.53e+00      1.81e-02    4.59e-03      3.02e-01    1.73e-01    7.7e-05
  27600      3.50e+00    1.60e+00      1.88e-03    1.25e-02      3.97e-01    1.79e-01    7.7e-05
  27700      2.26e+00    1.62e+00      1.38e-02    1.50e-02      2.55e-01    1.81e-01    7.7e-05
  27800      1.66e+00    3.67e+00      1.69e-02    3.51e-03      1.84e-01    4.15e-01    7.7e-05
  27900      2.11e+00    1.64e+00      1.17e-02    1.45e-02      2.37e-01    1.83e-01    7.7e-05
  28000      2.60e+00    1.82e+00      2.19e-02    6.24e-03      2.90e-01    2.05e-01    7.7e-05
  28100      2.35e+00    3.86e+00      6.02e-03    3.63e-03      2.66e-01    4.37e-01    7.7e-05
  28200      2.99e+00    1.60e+00      7.12e-03    1.07e-02      3.38e-01    1.79e-01    7.7e-05
  28300      1.66e+00    1.61e+00      1.72e-02    2.47e-02      1.84e-01    1.75e-01    7.7e-05
  28400      1.59e+00    2.37e+00      1.84e-03    6.55e-04      1.80e-01    2.68e-01    7.7e-05
  28500      2.29e+00    2.47e+00      1.69e-02    1.89e-02      2.57e-01    2.77e-01    7.7e-05
  28600      2.68e+00    1.48e+00      8.88e-03    6.75e-03      3.02e-01    1.67e-01    7.7e-05
  28700      2.45e+00    1.55e+00      4.08e-03    1.01e-02      2.78e-01    1.74e-01    7.7e-05
  28800      1.80e+00    2.81e+00      1.41e-02    1.13e-03      2.01e-01    3.18e-01    7.7e-05
  28900      2.33e+00    1.57e+00      2.63e-03    1.27e-02      2.64e-01    1.76e-01    7.7e-05
  29000      2.03e+00    2.44e+00      1.25e-02    1.59e-03      2.28e-01    2.76e-01    7.7e-05
  29100      3.61e+00    1.54e+00      1.87e-02    3.90e-03      4.07e-01    1.74e-01    7.7e-05
  29200      2.13e+00    3.60e+00      2.14e-02    1.42e-03      2.36e-01    4.08e-01    7.7e-05
  29300      2.00e+00    1.54e+00      2.62e-03    6.07e-03      2.27e-01    1.74e-01    7.7e-05
  29400      2.70e+00    2.76e+00      1.26e-02    2.01e-02      3.04e-01    3.10e-01    7.7e-05
  29500      1.83e+00    1.56e+00      1.01e-02    1.65e-02      2.06e-01    1.73e-01    7.7e-05
  29600      1.65e+00    1.78e+00      1.76e-03    2.31e-02      1.87e-01    1.95e-01    7.7e-05
  29700      2.96e+00    1.47e+00      9.73e-03    3.85e-03      3.34e-01    1.66e-01    7.7e-05
  29800      1.89e+00    1.62e+00      6.60e-03    1.98e-02      2.14e-01    1.79e-01    7.7e-05
  29900      2.65e+00    3.08e+00      1.38e-02    6.44e-03      2.99e-01    3.49e-01    7.7e-05
  30000      1.58e+00    1.59e+00      7.30e-03    1.13e-02      1.79e-01    1.79e-01    7.7e-05
  30100      1.45e+00    3.85e+00      3.90e-03    1.00e-02      2.11e-01    5.60e-01    4.6e-05
  30200      1.76e+00    2.41e+00      1.61e-03    1.55e-02      2.56e-01    3.48e-01    4.6e-05
  30300      1.90e+00    1.28e+00      1.99e-02    9.64e-03      2.71e-01    1.85e-01    4.6e-05
  30400      1.52e+00    1.12e+00      5.38e-03    3.08e-06      2.21e-01    1.63e-01    4.6e-05
  30500      2.67e+00    1.64e+00      1.63e-02    2.12e-03      3.86e-01    2.39e-01    4.6e-05
  30600      1.23e+00    1.87e+00      6.80e-03    7.90e-03      1.78e-01    2.72e-01    4.6e-05
  30700      1.92e+00    1.40e+00      1.27e-02    1.81e-04      2.77e-01    2.05e-01    4.6e-05
  30800      1.57e+00    1.15e+00      3.96e-03    6.63e-03      2.28e-01    1.66e-01    4.6e-05
  30900      1.28e+00    2.91e+00      3.81e-03    8.27e-03      1.87e-01    4.24e-01    4.6e-05
  31000      1.97e+00    1.19e+00      7.62e-03    1.41e-02      2.87e-01    1.69e-01    4.6e-05
  31100      1.51e+00    1.34e+00      3.89e-03    9.96e-03      2.20e-01    1.93e-01    4.6e-05
  31200      1.86e+00    1.20e+00      4.49e-03    4.15e-03      2.70e-01    1.75e-01    4.6e-05
  31300      1.61e+00    1.22e+00      3.31e-03    1.11e-02      2.35e-01    1.75e-01    4.6e-05
  31400      1.63e+00    1.24e+00      1.24e-02    1.42e-02      2.34e-01    1.77e-01    4.6e-05
  31500      1.88e+00    2.95e+00      1.55e-02    4.38e-03      2.70e-01    4.30e-01    4.6e-05
  31600      1.24e+00    1.15e+00      1.92e-02    4.63e-03      1.73e-01    1.67e-01    4.6e-05
  31700      1.46e+00    1.75e+00      5.55e-03    7.31e-05      2.12e-01    2.55e-01    4.6e-05
  31800      2.55e+00    1.14e+00      1.65e-02    7.11e-03      3.69e-01    1.65e-01    4.6e-05
  31900      1.69e+00    1.10e+00      1.11e-02    4.09e-04      2.45e-01    1.60e-01    4.6e-05
  32000      1.81e+00    1.41e+00      8.38e-03    6.54e-04      2.63e-01    2.05e-01    4.6e-05
  32100      2.94e+00    1.74e+00      3.23e-03    3.68e-03      4.28e-01    2.53e-01    4.6e-05
  32200      1.69e+00    1.22e+00      1.50e-03    5.87e-03      2.46e-01    1.76e-01    4.6e-05
  32300      2.00e+00    2.20e+00      8.91e-03    1.41e-03      2.90e-01    3.20e-01    4.6e-05
  32400      1.92e+00    1.75e+00      1.88e-02    1.77e-02      2.74e-01    2.50e-01    4.6e-05
  32500      1.71e+00    2.13e+00      2.84e-03    2.58e-02      2.49e-01    3.01e-01    4.6e-05
  32600      1.80e+00    1.54e+00      5.74e-03    8.50e-03      2.62e-01    2.24e-01    4.6e-05
  32700      1.35e+00    1.18e+00      5.11e-03    7.79e-03      1.97e-01    1.71e-01    4.6e-05
  32800      2.83e+00    1.17e+00      9.49e-03    5.43e-03      4.11e-01    1.70e-01    4.6e-05
  32900      1.36e+00    1.10e+00      1.10e-03    9.51e-03      1.99e-01    1.58e-01    4.6e-05
  33000      1.97e+00    1.13e+00      2.78e-03    7.63e-03      2.87e-01    1.64e-01    4.6e-05
  33100      2.25e+00    1.88e+00      2.40e-03    4.40e-04      3.28e-01    2.74e-01    4.6e-05
  33200      2.09e+00    3.37e+00      3.25e-03    1.25e-02      3.05e-01    4.90e-01    4.6e-05
  33300      1.98e+00    1.21e+00      3.63e-03    1.91e-02      2.89e-01    1.69e-01    4.6e-05
  33400      1.80e+00    1.59e+00      1.11e-03    1.65e-02      2.62e-01    2.28e-01    4.6e-05
  33500      2.34e+00    1.33e+00      4.06e-03    3.48e-03      3.40e-01    1.93e-01    4.6e-05
  33600      1.49e+00    1.23e+00      2.05e-02    1.49e-02      2.09e-01    1.74e-01    4.6e-05
  33700      2.37e+00    1.10e+00      1.64e-02    8.19e-03      3.42e-01    1.58e-01    4.6e-05
  33800      1.38e+00    1.24e+00      1.88e-02    1.39e-02      1.94e-01    1.76e-01    4.6e-05
  33900      1.45e+00    1.20e+00      9.56e-03    5.14e-03      2.10e-01    1.74e-01    4.6e-05
  34000      1.43e+00    2.38e+00      2.08e-02    3.39e-03      2.00e-01    3.47e-01    4.6e-05
  34100      1.56e+00    1.31e+00      2.13e-03    3.30e-03      2.27e-01    1.90e-01    4.6e-05
  34200      2.09e+00    3.22e+00      4.95e-03    1.20e-02      3.04e-01    4.69e-01    4.6e-05
  34300      1.49e+00    2.11e+00      2.07e-02    1.05e-02      2.09e-01    3.06e-01    4.6e-05
  34400      1.32e+00    2.89e+00      1.69e-03    4.82e-03      1.92e-01    4.21e-01    4.6e-05
  34500      2.08e+00    1.19e+00      1.26e-02    5.48e-03      3.01e-01    1.73e-01    4.6e-05
  34600      2.92e+00    1.16e+00      9.68e-04    2.45e-03      4.26e-01    1.68e-01    4.6e-05
  34700      1.93e+00    1.97e+00      1.72e-03    2.02e-02      2.81e-01    2.82e-01    4.6e-05
  34800      1.32e+00    2.18e+00      9.38e-03    7.86e-03      1.91e-01    3.17e-01    4.6e-05
  34900      1.72e+00    1.16e+00      3.99e-03    3.11e-03      2.51e-01    1.69e-01    4.6e-05
  35000      1.31e+00    1.15e+00      3.42e-03    5.93e-03      1.91e-01    1.66e-01    4.6e-05
  35100      1.50e+00    1.47e+00      5.43e-04    2.26e-03      2.80e-01    2.74e-01    2.8e-05
  35200      1.15e+00    9.17e-01      4.02e-03    1.15e-02      2.14e-01    1.66e-01    2.8e-05
  35300      9.78e-01    2.27e+00      2.46e-03    1.62e-03      1.83e-01    4.25e-01    2.8e-05
  35400      1.09e+00    1.45e+00      1.24e-03    2.80e-03      2.03e-01    2.70e-01    2.8e-05
  35500      1.30e+00    9.46e-01      6.38e-03    9.45e-03      2.42e-01    1.74e-01    2.8e-05
  35600      1.35e+00    8.82e-01      3.68e-03    4.93e-03      2.52e-01    1.64e-01    2.8e-05
  35700      1.69e+00    9.18e-01      1.08e-02    1.42e-02      3.14e-01    1.64e-01    2.8e-05
  35800      1.33e+00    9.31e-01      3.10e-03    8.40e-03      2.48e-01    1.72e-01    2.8e-05
  35900      1.61e+00    8.97e-01      3.19e-03    2.79e-03      3.02e-01    1.67e-01    2.8e-05
  36000      1.04e+00    9.08e-01      5.67e-03    6.73e-03      1.94e-01    1.68e-01    2.8e-05
  36100      1.21e+00    2.27e+00      5.39e-03    2.42e-03      2.25e-01    4.25e-01    2.8e-05
  36200      1.13e+00    1.78e+00      1.97e-03    2.05e-03      2.12e-01    3.33e-01    2.8e-05
  36300      1.09e+00    1.02e+00      9.70e-03    1.83e-02      2.01e-01    1.79e-01    2.8e-05
  36400      1.22e+00    8.99e-01      3.83e-03    1.42e-03      2.28e-01    1.68e-01    2.8e-05
  36500      1.36e+00    9.15e-01      7.59e-03    2.66e-03      2.53e-01    1.71e-01    2.8e-05
  36600      9.48e-01    1.24e+00      1.77e-02    1.18e-02      1.65e-01    2.28e-01    2.8e-05
  36700      1.48e+00    8.98e-01      1.41e-03    1.25e-03      2.77e-01    1.68e-01    2.8e-05
  36800      1.23e+00    1.51e+00      9.93e-03    2.09e-05      2.28e-01    2.83e-01    2.8e-05
  36900      9.02e-01    1.39e+00      2.71e-03    1.61e-02      1.68e-01    2.54e-01    2.8e-05
  37000      1.33e+00    1.07e+00      1.70e-02    4.26e-03      2.40e-01    2.00e-01    2.8e-05
  37100      1.49e+00    9.74e-01      5.58e-03    6.53e-03      2.77e-01    1.81e-01    2.8e-05
  37200      1.28e+00    1.23e+00      1.56e-03    7.82e-03      2.39e-01    2.29e-01    2.8e-05
  37300      1.50e+00    1.62e+00      1.10e-03    3.09e-03      2.81e-01    3.03e-01    2.8e-05
  37400      9.52e-01    1.07e+00      1.91e-02    2.35e-03      1.64e-01    1.99e-01    2.8e-05
  37500      1.67e+00    8.89e-01      2.17e-03    6.00e-03      3.12e-01    1.65e-01    2.8e-05
  37600      9.30e-01    8.59e-01      2.68e-03    4.46e-03      1.74e-01    1.60e-01    2.8e-05
  37700      1.15e+00    8.89e-01      1.83e-03    1.15e-03      2.16e-01    1.66e-01    2.8e-05
  37800      1.08e+00    2.14e+00      8.40e-03    2.11e-04      1.99e-01    3.99e-01    2.8e-05
  37900      9.69e-01    8.92e-01      2.84e-03    1.43e-02      1.81e-01    1.58e-01    2.8e-05
  38000      1.23e+00    8.79e-01      1.45e-02    4.72e-03      2.24e-01    1.64e-01    2.8e-05
  38100      1.91e+00    1.59e+00      3.21e-03    8.40e-04      3.57e-01    2.98e-01    2.8e-05
  38200      1.61e+00    1.85e+00      1.35e-02    1.23e-03      2.97e-01    3.45e-01    2.8e-05
  38300      1.93e+00    1.06e+00      8.00e-03    4.19e-03      3.59e-01    1.97e-01    2.8e-05
  38400      1.50e+00    2.61e+00      2.14e-03    2.29e-03      2.81e-01    4.88e-01    2.8e-05
  38500      1.64e+00    9.42e-01      1.05e-02    3.43e-03      3.04e-01    1.76e-01    2.8e-05
  38600      1.53e+00    2.81e+00      1.22e-02    3.53e-03      2.82e-01    5.25e-01    2.8e-05
  38700      1.71e+00    9.27e-01      7.01e-03    4.56e-03      3.19e-01    1.73e-01    2.8e-05
  38800      1.86e+00    8.88e-01      2.00e-03    6.98e-03      3.48e-01    1.64e-01    2.8e-05
  38900      1.26e+00    8.54e-01      8.76e-03    5.02e-03      2.34e-01    1.59e-01    2.8e-05
  39000      2.01e+00    9.38e-01      3.25e-03    6.68e-03      3.77e-01    1.74e-01    2.8e-05
  39100      1.09e+00    1.68e+00      3.10e-03    1.04e-04      2.03e-01    3.15e-01    2.8e-05
  39200      1.81e+00    1.76e+00      3.95e-03    3.11e-03      3.39e-01    3.30e-01    2.8e-05
  39300      1.54e+00    1.85e+00      8.44e-04    2.81e-03      2.89e-01    3.47e-01    2.8e-05
  39400      1.27e+00    8.61e-01      3.56e-03    2.29e-03      2.37e-01    1.61e-01    2.8e-05
  39500      1.46e+00    9.40e-01      6.38e-03    1.58e-02      2.73e-01    1.66e-01    2.8e-05
  39600      1.10e+00    1.01e+00      1.93e-03    1.08e-03      2.05e-01    1.89e-01    2.8e-05
  39700      1.02e+00    9.03e-01      2.64e-03    5.96e-04      1.91e-01    1.69e-01    2.8e-05
  39800      9.08e-01    9.20e-01      1.89e-03    4.36e-03      1.70e-01    1.71e-01    2.8e-05
  39900      8.77e-01    8.87e-01      2.87e-03    4.38e-03      1.64e-01    1.65e-01    2.8e-05
  40000      9.06e-01    9.11e-01      1.20e-02    8.14e-03      1.64e-01    1.68e-01    2.8e-05
  40100      1.40e+00    8.70e-01      5.51e-03    3.28e-03      3.33e-01    2.07e-01    1.7e-05
  40200      1.38e+00    9.76e-01      2.08e-03    1.03e-02      3.29e-01    2.28e-01    1.7e-05
  40300      7.40e-01    8.15e-01      9.69e-03    6.34e-03      1.71e-01    1.92e-01    1.7e-05
  40400      7.69e-01    6.82e-01      3.68e-03    4.71e-04      1.83e-01    1.63e-01    1.7e-05
  40500      1.51e+00    7.31e-01      6.72e-03    7.64e-03      3.58e-01    1.71e-01    1.7e-05
  40600      9.02e-01    6.63e-01      7.69e-03    6.83e-03      2.12e-01    1.55e-01    1.7e-05
  40700      7.56e-01    1.09e+00      8.65e-03    3.39e-03      1.76e-01    2.61e-01    1.7e-05
  40800      1.12e+00    2.07e+00      5.22e-03    7.19e-03      2.65e-01    4.94e-01    1.7e-05
  40900      8.68e-01    1.18e+00      1.69e-03    8.06e-03      2.07e-01    2.78e-01    1.7e-05
  41000      9.67e-01    7.87e-01      3.57e-03    1.31e-02      2.31e-01    1.78e-01    1.7e-05
  41100      9.29e-01    9.60e-01      6.58e-03    2.46e-03      2.19e-01    2.29e-01    1.7e-05
  41200      7.50e-01    7.05e-01      2.68e-03    6.85e-03      1.78e-01    1.65e-01    1.7e-05
  41300      1.51e+00    6.96e-01      7.58e-03    6.19e-03      3.59e-01    1.64e-01    1.7e-05
  41400      1.32e+00    6.96e-01      9.79e-03    5.52e-03      3.13e-01    1.64e-01    1.7e-05
  41500      8.96e-01    1.26e+00      1.53e-03    7.09e-03      2.14e-01    2.99e-01    1.7e-05
  41600      9.67e-01    6.49e-01      4.74e-03    3.85e-03      2.30e-01    1.54e-01    1.7e-05
  41700      1.25e+00    6.97e-01      6.44e-03    7.78e-04      2.97e-01    1.66e-01    1.7e-05
  41800      7.80e-01    8.67e-01      3.50e-03    1.40e-03      1.86e-01    2.07e-01    1.7e-05
  41900      7.28e-01    9.76e-01      6.35e-03    6.12e-03      1.71e-01    2.31e-01    1.7e-05
  42000      1.28e+00    1.26e+00      5.12e-04    2.17e-03      3.05e-01    3.00e-01    1.7e-05
  42100      1.26e+00    1.04e+00      3.17e-03    1.86e-03      3.02e-01    2.49e-01    1.7e-05
  42200      1.37e+00    9.53e-01      4.68e-03    3.63e-03      3.25e-01    2.27e-01    1.7e-05
  42300      1.53e+00    6.88e-01      1.74e-03    2.22e-03      3.66e-01    1.64e-01    1.7e-05
  42400      9.34e-01    7.42e-01      9.50e-03    5.03e-04      2.19e-01    1.77e-01    1.7e-05
  42500      7.93e-01    8.70e-01      3.61e-03    5.40e-03      1.89e-01    2.06e-01    1.7e-05
  42600      1.01e+00    1.77e+00      1.55e-03    3.61e-03      2.41e-01    4.23e-01    1.7e-05
  42700      1.05e+00    1.25e+00      4.59e-03    4.12e-03      2.51e-01    2.97e-01    1.7e-05
  42800      8.89e-01    1.38e+00      1.06e-03    2.55e-03      2.12e-01    3.30e-01    1.7e-05
  42900      1.16e+00    7.60e-01      9.44e-03    2.05e-03      2.74e-01    1.81e-01    1.7e-05
  43000      1.50e+00    8.43e-01      1.11e-02    3.87e-03      3.55e-01    2.01e-01    1.7e-05
  43100      1.26e+00    6.94e-01      5.48e-03    2.27e-03      3.01e-01    1.65e-01    1.7e-05
  43200      1.01e+00    2.04e+00      2.70e-03    4.95e-03      2.42e-01    4.88e-01    1.7e-05
  43300      1.08e+00    6.92e-01      2.81e-03    1.36e-04      2.58e-01    1.65e-01    1.7e-05
  43400      1.32e+00    1.45e+00      4.37e-03    2.11e-03      3.13e-01    3.47e-01    1.7e-05
  43500      7.27e-01    2.39e+00      2.22e-03    4.79e-03      1.74e-01    5.70e-01    1.7e-05
  43600      6.82e-01    1.31e+00      5.22e-04    7.71e-03      1.63e-01    3.11e-01    1.7e-05
  43700      1.20e+00    7.60e-01      1.42e-02    7.64e-03      2.80e-01    1.78e-01    1.7e-05
  43800      6.79e-01    7.10e-01      2.14e-03    9.23e-03      1.62e-01    1.64e-01    1.7e-05
  43900      1.15e+00    9.35e-01      5.15e-03    8.32e-03      2.74e-01    2.20e-01    1.7e-05
  44000      7.60e-01    2.01e+00      2.56e-03    5.91e-04      1.81e-01    4.81e-01    1.7e-05
  44100      9.36e-01    1.07e+00      4.26e-03    4.70e-04      2.22e-01    2.56e-01    1.7e-05
  44200      7.24e-01    7.02e-01      5.00e-03    1.10e-03      1.71e-01    1.68e-01    1.7e-05
  44300      1.15e+00    6.85e-01      1.90e-03    9.05e-04      2.75e-01    1.64e-01    1.7e-05
  44400      1.39e+00    6.99e-01      6.41e-03    7.71e-03      3.30e-01    1.63e-01    1.7e-05
  44500      8.42e-01    6.59e-01      1.05e-02    3.20e-04      1.95e-01    1.58e-01    1.7e-05
  44600      1.50e+00    1.70e+00      1.41e-03    1.68e-03      3.58e-01    4.06e-01    1.7e-05
  44700      8.39e-01    9.32e-01      4.81e-03    4.12e-03      1.99e-01    2.22e-01    1.7e-05
  44800      1.21e+00    8.27e-01      2.46e-03    7.68e-03      2.90e-01    1.94e-01    1.7e-05
  44900      7.17e-01    6.45e-01      1.78e-03    4.20e-03      1.71e-01    1.53e-01    1.7e-05
  45000      9.30e-01    1.34e+00      4.76e-03    4.40e-03      2.21e-01    3.20e-01    1.7e-05
  45100      1.09e+00    8.95e-01      4.65e-04    1.83e-03      3.29e-01    2.71e-01    9.9e-06
  45200      6.53e-01    5.86e-01      8.80e-04    4.81e-03      1.98e-01    1.75e-01    9.9e-06
  45300      6.38e-01    1.57e+00      7.32e-04    3.25e-03      1.93e-01    4.76e-01    9.9e-06
  45400      7.85e-01    1.12e+00      3.33e-03    8.44e-04      2.37e-01    3.39e-01    9.9e-06
  45500      9.44e-01    1.39e+00      2.78e-03    1.50e-03      2.85e-01    4.21e-01    9.9e-06
  45600      7.39e-01    1.10e+00      2.60e-03    3.44e-03      2.23e-01    3.33e-01    9.9e-06
  45700      6.50e-01    1.54e+00      4.24e-03    2.69e-03      1.95e-01    4.65e-01    9.9e-06
  45800      9.93e-01    7.56e-01      3.98e-03    2.63e-03      3.00e-01    2.29e-01    9.9e-06
  45900      6.00e-01    1.14e+00      4.07e-03    1.69e-03      1.80e-01    3.47e-01    9.9e-06
  46000      1.13e+00    5.34e-01      1.56e-03    2.18e-03      3.42e-01    1.61e-01    9.9e-06
  46100      9.22e-01    5.09e-01      2.39e-03    1.20e-03      2.79e-01    1.54e-01    9.9e-06
  46200      5.49e-01    5.62e-01      3.03e-03    5.39e-04      1.66e-01    1.70e-01    9.9e-06
  46300      7.45e-01    9.76e-01      1.53e-03    1.89e-03      2.25e-01    2.96e-01    9.9e-06
  46400      9.76e-01    7.61e-01      4.03e-03    7.06e-03      2.94e-01    2.27e-01    9.9e-06
  46500      5.44e-01    5.47e-01      1.44e-03    4.19e-03      1.65e-01    1.64e-01    9.9e-06
  46600      1.08e+00    7.31e-01      5.41e-04    5.04e-03      3.28e-01    2.20e-01    9.9e-06
  46700      7.42e-01    1.24e+00      1.07e-03    6.34e-03      2.25e-01    3.74e-01    9.9e-06
  46800      8.11e-01    5.13e-01      9.18e-03    4.15e-03      2.39e-01    1.53e-01    9.9e-06
  46900      9.79e-01    1.32e+00      2.78e-03    5.05e-03      2.96e-01    3.98e-01    9.9e-06
  47000      1.11e+00    5.13e-01      1.44e-03    2.95e-03      3.35e-01    1.54e-01    9.9e-06
