# step       rmse_val    rmse_trn    rmse_e_val  rmse_e_trn    rmse_f_val  rmse_f_trn   lr      
# If there is no available reference data, rmse_*_{val,trn} will print nan
      1      8.14e+01    4.23e+01      4.67e+00    4.20e-01      2.41e+00    1.34e+00    1.0e-03
    100      3.84e+01    4.04e+01      3.93e-03    2.43e-02      1.22e+00    1.28e+00    1.0e-03
    200      4.04e+01    3.95e+01      4.23e-02    1.18e-01      1.28e+00    1.25e+00    1.0e-03
    300      3.37e+01    3.26e+01      1.79e-01    2.44e-01      1.07e+00    1.03e+00    1.0e-03
    400      2.71e+01    2.45e+01      1.72e-01    3.69e-02      8.56e-01    7.76e-01    1.0e-03
    500      2.71e+01    2.58e+01      5.13e-01    3.83e-01      8.51e-01    8.12e-01    1.0e-03
    600      2.37e+01    2.43e+01      2.74e-02    2.32e-01      7.50e-01    7.66e-01    1.0e-03
    700      2.56e+01    2.30e+01      2.24e-01    4.59e-01      8.08e-01    7.21e-01    1.0e-03
    800      2.36e+01    2.54e+01      3.17e-01    1.96e-01      7.45e-01    8.03e-01    1.0e-03
    900      2.06e+01    2.02e+01      6.41e-02    2.94e-01      6.50e-01    6.35e-01    1.0e-03
   1000      2.00e+01    1.99e+01      2.35e-01    5.36e-01      6.30e-01    6.21e-01    1.0e-03
   1100      1.82e+01    1.93e+01      3.32e-02    7.86e-02      5.76e-01    6.10e-01    1.0e-03
   1200      1.83e+01    1.88e+01      6.68e-02    8.60e-02      5.78e-01    5.94e-01    1.0e-03
   1300      1.81e+01    1.74e+01      2.34e-01    2.88e-01      5.70e-01    5.47e-01    1.0e-03
   1400      1.73e+01    1.73e+01      1.07e-01    1.21e-01      5.47e-01    5.47e-01    1.0e-03
   1500      1.80e+01    2.20e+01      2.40e-01    5.62e-01      5.67e-01    6.88e-01    1.0e-03
   1600      1.69e+01    1.70e+01      4.07e-01    2.51e-01      5.27e-01    5.36e-01    1.0e-03
   1700      1.75e+01    1.75e+01      2.63e-01    4.43e-01      5.50e-01    5.48e-01    1.0e-03
   1800      1.76e+01    1.51e+01      2.04e-02    6.60e-03      5.58e-01    4.77e-01    1.0e-03
   1900      1.72e+01    1.58e+01      7.61e-03    2.23e-01      5.43e-01    4.98e-01    1.0e-03
   2000      1.39e+01    1.56e+01      5.03e-02    5.32e-02      4.38e-01    4.92e-01    1.0e-03
   2100      1.40e+01    1.44e+01      6.80e-03    2.66e-03      4.44e-01    4.55e-01    1.0e-03
   2200      1.59e+01    1.42e+01      2.96e-01    1.17e-02      4.99e-01    4.49e-01    1.0e-03
   2300      1.51e+01    1.37e+01      2.55e-01    3.40e-01      4.75e-01    4.29e-01    1.0e-03
   2400      1.33e+01    1.34e+01      7.38e-02    3.99e-02      4.19e-01    4.23e-01    1.0e-03
   2500      1.67e+01    1.25e+01      2.36e-01    5.26e-02      5.27e-01    3.94e-01    1.0e-03
   2600      1.37e+01    1.24e+01      3.14e-01    2.85e-01      4.30e-01    3.88e-01    1.0e-03
   2700      1.36e+01    1.38e+01      2.21e-01    1.28e-01      4.28e-01    4.37e-01    1.0e-03
   2800      1.28e+01    1.45e+01      3.18e-01    5.22e-02      4.01e-01    4.60e-01    1.0e-03
   2900      1.27e+01    1.13e+01      1.83e-02    1.31e-01      4.02e-01    3.57e-01    1.0e-03
   3000      1.22e+01    2.70e+01      9.69e-02    2.89e-01      3.85e-01    8.51e-01    1.0e-03
   3100      1.20e+01    1.22e+01      1.26e-01    1.66e-02      3.79e-01    3.85e-01    1.0e-03
   3200      1.32e+01    1.07e+01      7.30e-02    1.21e-01      4.17e-01    3.38e-01    1.0e-03
   3300      1.16e+01    1.12e+01      1.35e-01    1.04e-01      3.67e-01    3.54e-01    1.0e-03
   3400      1.17e+01    2.09e+01      2.90e-03    1.39e-01      3.70e-01    6.60e-01    1.0e-03
   3500      1.25e+01    1.14e+01      1.63e-01    7.97e-02      3.94e-01    3.60e-01    1.0e-03
   3600      1.24e+01    1.11e+01      9.99e-02    6.69e-04      3.93e-01    3.52e-01    1.0e-03
   3700      1.05e+01    1.07e+01      6.75e-02    2.18e-01      3.33e-01    3.37e-01    1.0e-03
   3800      1.04e+01    1.08e+01      9.41e-03    3.17e-02      3.28e-01    3.43e-01    1.0e-03
   3900      1.64e+01    1.24e+01      1.04e-01    5.55e-02      5.18e-01    3.93e-01    1.0e-03
   4000      1.14e+01    1.08e+01      1.41e-02    3.20e-02      3.60e-01    3.41e-01    1.0e-03
   4100      1.20e+01    9.28e+00      6.63e-02    5.65e-02      3.80e-01    2.93e-01    1.0e-03
   4200      1.11e+01    1.10e+01      1.29e-02    8.88e-02      3.52e-01    3.49e-01    1.0e-03
   4300      1.24e+01    1.21e+01      2.16e-01    1.72e-01      3.90e-01    3.82e-01    1.0e-03
   4400      1.29e+01    1.03e+01      2.72e-02    5.74e-02      4.09e-01    3.25e-01    1.0e-03
   4500      9.49e+00    1.03e+01      2.80e-02    9.35e-02      3.00e-01    3.24e-01    1.0e-03
   4600      1.09e+01    9.48e+00      3.94e-03    2.42e-01      3.46e-01    2.96e-01    1.0e-03
   4700      1.00e+01    1.22e+01      1.72e-01    1.29e-01      3.16e-01    3.86e-01    1.0e-03
   4800      9.61e+00    9.62e+00      3.39e-02    3.57e-02      3.04e-01    3.04e-01    1.0e-03
   4900      1.13e+01    9.98e+00      6.12e-02    4.73e-02      3.58e-01    3.16e-01    1.0e-03
   5000      9.56e+00    9.82e+00      1.36e-01    2.90e-01      3.01e-01    3.05e-01    1.0e-03
   5100      7.87e+00    6.06e+00      4.53e-02    5.34e-02      3.21e-01    2.46e-01    6.0e-04
   5200      7.65e+00    8.80e+00      5.28e-02    1.79e-02      3.11e-01    3.59e-01    6.0e-04
   5300      6.62e+00    8.70e+00      1.31e-02    3.96e-03      2.70e-01    3.56e-01    6.0e-04
   5400      7.70e+00    9.48e+00      6.60e-03    2.93e-02      3.14e-01    3.87e-01    6.0e-04
   5500      6.16e+00    6.77e+00      2.22e-02    1.72e-02      2.51e-01    2.76e-01    6.0e-04
   5600      8.97e+00    6.79e+00      9.25e-02    4.18e-02      3.63e-01    2.77e-01    6.0e-04
   5700      6.87e+00    8.29e+00      1.55e-02    2.76e-02      2.80e-01    3.38e-01    6.0e-04
   5800      8.02e+00    6.54e+00      3.44e-02    2.03e-02      3.27e-01    2.67e-01    6.0e-04
   5900      7.47e+00    6.67e+00      6.33e-03    5.93e-02      3.05e-01    2.70e-01    6.0e-04
   6000      9.53e+00    9.58e+00      7.11e-02    5.19e-02      3.87e-01    3.90e-01    6.0e-04
   6100      6.47e+00    6.27e+00      8.10e-02    2.74e-02      2.61e-01    2.56e-01    6.0e-04
   6200      6.19e+00    6.57e+00      1.19e-01    2.54e-02      2.44e-01    2.68e-01    6.0e-04
   6300      6.39e+00    7.57e+00      4.39e-02    8.53e-02      2.60e-01    3.06e-01    6.0e-04
   6400      7.44e+00    8.02e+00      5.95e-02    5.89e-03      3.02e-01    3.28e-01    6.0e-04
   6500      6.56e+00    6.29e+00      1.33e-01    1.55e-01      2.58e-01    2.43e-01    6.0e-04
   6600      6.37e+00    9.44e+00      3.44e-03    2.79e-03      2.60e-01    3.86e-01    6.0e-04
   6700      5.94e+00    9.05e+00      3.79e-03    1.63e-01      2.43e-01    3.59e-01    6.0e-04
   6800      9.26e+00    9.20e+00      2.79e-02    8.13e-02      3.78e-01    3.73e-01    6.0e-04
   6900      8.12e+00    9.35e+00      7.06e-02    2.78e-02      3.29e-01    3.82e-01    6.0e-04
   7000      8.22e+00    1.14e+01      9.39e-02    6.26e-02      3.32e-01    4.65e-01    6.0e-04
   7100      6.01e+00    6.10e+00      1.59e-02    6.77e-02      2.45e-01    2.46e-01    6.0e-04
   7200      6.19e+00    6.60e+00      1.07e-01    7.98e-02      2.46e-01    2.66e-01    6.0e-04
   7300      7.99e+00    7.54e+00      2.25e-02    4.97e-02      3.26e-01    3.07e-01    6.0e-04
   7400      6.11e+00    5.98e+00      1.38e-01    1.33e-02      2.38e-01    2.44e-01    6.0e-04
   7500      6.86e+00    5.52e+00      7.95e-02    7.01e-02      2.77e-01    2.22e-01    6.0e-04
   7600      5.67e+00    1.16e+01      5.45e-03    6.52e-02      2.32e-01    4.72e-01    6.0e-04
   7700      9.55e+00    6.57e+00      2.11e-02    6.51e-02      3.90e-01    2.66e-01    6.0e-04
   7800      6.89e+00    8.47e+00      2.12e-02    4.39e-02      2.81e-01    3.45e-01    6.0e-04
   7900      8.63e+00    1.15e+01      8.56e-03    3.61e-02      3.52e-01    4.69e-01    6.0e-04
   8000      8.90e+00    7.08e+00      1.99e-02    3.91e-02      3.63e-01    2.89e-01    6.0e-04
   8100      5.81e+00    5.89e+00      5.31e-02    1.66e-02      2.36e-01    2.41e-01    6.0e-04
   8200      6.72e+00    5.64e+00      8.05e-02    6.75e-03      2.71e-01    2.30e-01    6.0e-04
   8300      6.45e+00    5.33e+00      4.66e-02    4.48e-02      2.62e-01    2.16e-01    6.0e-04
   8400      7.27e+00    1.79e+01      9.69e-02    7.76e-03      2.92e-01    7.32e-01    6.0e-04
   8500      6.29e+00    5.39e+00      4.78e-02    4.84e-02      2.56e-01    2.19e-01    6.0e-04
   8600      7.48e+00    5.68e+00      9.43e-02    4.05e-02      3.01e-01    2.31e-01    6.0e-04
   8700      6.21e+00    5.90e+00      2.94e-02    4.73e-02      2.53e-01    2.40e-01    6.0e-04
   8800      8.26e+00    5.96e+00      5.28e-02    2.99e-02      3.36e-01    2.43e-01    6.0e-04
   8900      5.05e+00    5.62e+00      6.60e-02    2.04e-02      2.03e-01    2.29e-01    6.0e-04
   9000      7.39e+00    5.52e+00      1.34e-02    7.05e-02      3.02e-01    2.22e-01    6.0e-04
   9100      1.00e+01    1.45e+01      3.88e-02    9.20e-02      4.08e-01    5.89e-01    6.0e-04
   9200      9.74e+00    5.80e+00      1.81e-02    2.25e-02      3.98e-01    2.37e-01    6.0e-04
   9300      6.82e+00    5.70e+00      9.22e-02    1.62e-02      2.74e-01    2.33e-01    6.0e-04
   9400      8.62e+00    6.88e+00      4.08e-02    2.26e-02      3.52e-01    2.81e-01    6.0e-04
   9500      5.97e+00    6.94e+00      1.03e-02    1.57e-01      2.44e-01    2.70e-01    6.0e-04
   9600      5.90e+00    5.13e+00      9.12e-02    1.41e-02      2.36e-01    2.09e-01    6.0e-04
   9700      5.43e+00    6.33e+00      2.11e-02    6.27e-02      2.21e-01    2.56e-01    6.0e-04
   9800      5.70e+00    5.16e+00      6.37e-02    4.73e-02      2.30e-01    2.09e-01    6.0e-04
   9900      5.69e+00    5.46e+00      5.33e-02    6.46e-02      2.31e-01    2.20e-01    6.0e-04
  10000      4.88e+00    5.54e+00      1.68e-02    5.25e-02      1.99e-01    2.24e-01    6.0e-04
  10100      3.54e+00    6.65e+00      4.97e-03    1.93e-02      1.87e-01    3.51e-01    3.6e-04
  10200      5.04e+00    3.86e+00      1.33e-02    2.31e-03      2.66e-01    2.04e-01    3.6e-04
  10300      3.58e+00    3.85e+00      1.42e-03    1.63e-02      1.89e-01    2.02e-01    3.6e-04
  10400      3.85e+00    3.65e+00      3.67e-03    1.47e-02      2.03e-01    1.92e-01    3.6e-04
  10500      4.01e+00    3.51e+00      1.11e-02    1.35e-02      2.11e-01    1.85e-01    3.6e-04
  10600      3.93e+00    5.24e+00      2.10e-02    1.30e-02      2.07e-01    2.76e-01    3.6e-04
  10700      3.57e+00    3.59e+00      7.27e-03    3.61e-03      1.88e-01    1.89e-01    3.6e-04
  10800      3.85e+00    3.47e+00      1.83e-02    1.68e-02      2.03e-01    1.83e-01    3.6e-04
  10900      7.14e+00    3.61e+00      3.85e-04    1.93e-02      3.77e-01    1.90e-01    3.6e-04
  11000      3.76e+00    5.64e+00      4.52e-03    5.57e-03      1.98e-01    2.97e-01    3.6e-04
  11100      8.50e+00    3.49e+00      2.56e-02    8.43e-04      4.48e-01    1.84e-01    3.6e-04
  11200      4.61e+00    3.97e+00      1.85e-02    5.41e-04      2.43e-01    2.10e-01    3.6e-04
  11300      3.88e+00    3.33e+00      1.70e-02    3.44e-02      2.04e-01    1.73e-01    3.6e-04
  11400      8.68e+00    3.58e+00      3.00e-02    6.98e-03      4.57e-01    1.89e-01    3.6e-04
  11500      3.72e+00    3.50e+00      6.64e-03    1.91e-02      1.96e-01    1.84e-01    3.6e-04
  11600      3.55e+00    9.60e+00      4.92e-03    1.12e-02      1.87e-01    5.07e-01    3.6e-04
  11700      4.55e+00    3.69e+00      4.03e-02    1.77e-02      2.37e-01    1.94e-01    3.6e-04
  11800      3.63e+00    3.32e+00      2.74e-02    6.70e-03      1.90e-01    1.75e-01    3.6e-04
  11900      3.91e+00    3.39e+00      1.71e-02    7.52e-03      2.06e-01    1.79e-01    3.6e-04
  12000      5.16e+00    5.36e+00      2.29e-02    5.15e-02      2.71e-01    2.80e-01    3.6e-04
  12100      3.86e+00    3.24e+00      4.10e-02    1.75e-02      2.01e-01    1.70e-01    3.6e-04
  12200      4.05e+00    5.20e+00      2.94e-02    1.37e-02      2.12e-01    2.74e-01    3.6e-04
  12300      3.98e+00    3.38e+00      3.59e-03    9.09e-03      2.10e-01    1.78e-01    3.6e-04
  12400      3.73e+00    3.30e+00      1.33e-02    7.44e-03      1.96e-01    1.74e-01    3.6e-04
  12500      4.89e+00    3.24e+00      9.26e-03    1.58e-02      2.58e-01    1.70e-01    3.6e-04
  12600      5.51e+00    9.59e+00      7.69e-04    2.23e-02      2.91e-01    5.06e-01    3.6e-04
  12700      3.26e+00    6.64e+00      1.88e-02    2.73e-02      1.71e-01    3.50e-01    3.6e-04
  12800      3.55e+00    3.63e+00      1.73e-02    1.85e-02      1.87e-01    1.91e-01    3.6e-04
  12900      3.27e+00    3.56e+00      4.89e-03    3.96e-02      1.72e-01    1.85e-01    3.6e-04
  13000      3.51e+00    3.19e+00      4.56e-02    5.70e-02      1.81e-01    1.61e-01    3.6e-04
  13100      3.49e+00    3.58e+00      3.90e-02    1.48e-02      1.81e-01    1.89e-01    3.6e-04
  13200      5.38e+00    3.30e+00      1.40e-02    2.95e-02      2.84e-01    1.72e-01    3.6e-04
  13300      3.40e+00    3.85e+00      8.26e-03    7.02e-02      1.79e-01    1.94e-01    3.6e-04
  13400      3.61e+00    3.32e+00      1.90e-02    1.92e-02      1.90e-01    1.74e-01    3.6e-04
  13500      4.04e+00    3.37e+00      2.71e-02    1.28e-02      2.12e-01    1.78e-01    3.6e-04
  13600      3.84e+00    3.52e+00      1.22e-02    5.94e-03      2.02e-01    1.86e-01    3.6e-04
  13700      3.85e+00    3.32e+00      1.32e-02    2.24e-02      2.03e-01    1.74e-01    3.6e-04
  13800      3.92e+00    3.39e+00      4.08e-02    2.35e-02      2.04e-01    1.78e-01    3.6e-04
  13900      3.17e+00    3.45e+00      1.10e-02    1.74e-02      1.67e-01    1.82e-01    3.6e-04
  14000      8.36e+00    3.77e+00      3.45e-02    2.62e-02      4.40e-01    1.98e-01    3.6e-04
  14100      3.79e+00    3.43e+00      1.92e-02    9.46e-03      1.99e-01    1.81e-01    3.6e-04
  14200      3.58e+00    5.60e+00      3.47e-02    4.40e-02      1.87e-01    2.93e-01    3.6e-04
  14300      3.32e+00    3.28e+00      2.87e-02    3.56e-02      1.74e-01    1.71e-01    3.6e-04
  14400      4.03e+00    3.93e+00      1.66e-03    9.76e-03      2.13e-01    2.07e-01    3.6e-04
  14500      3.42e+00    3.18e+00      1.77e-02    4.57e-03      1.80e-01    1.68e-01    3.6e-04
  14600      3.43e+00    3.26e+00      3.48e-02    7.71e-02      1.79e-01    1.59e-01    3.6e-04
  14700      3.84e+00    3.66e+00      6.28e-02    1.35e-02      1.95e-01    1.93e-01    3.6e-04
  14800      5.06e+00    3.34e+00      2.26e-02    2.27e-02      2.66e-01    1.75e-01    3.6e-04
  14900      3.76e+00    3.69e+00      8.72e-02    5.48e-02      1.84e-01    1.89e-01    3.6e-04
  15000      3.59e+00    4.17e+00      2.48e-02    3.00e-02      1.88e-01    2.18e-01    3.6e-04
  15100      2.25e+00    2.47e+00      9.27e-03    1.30e-03      1.53e-01    1.68e-01    2.1e-04
  15200      3.21e+00    2.28e+00      5.94e-03    5.37e-03      2.18e-01    1.55e-01    2.1e-04
  15300      2.59e+00    2.49e+00      1.27e-02    5.53e-03      1.76e-01    1.69e-01    2.1e-04
  15400      2.54e+00    2.35e+00      4.56e-03    9.81e-03      1.73e-01    1.60e-01    2.1e-04
  15500      2.45e+00    2.43e+00      1.53e-02    5.52e-03      1.66e-01    1.66e-01    2.1e-04
  15600      2.38e+00    2.31e+00      6.24e-03    7.95e-03      1.62e-01    1.57e-01    2.1e-04
  15700      3.24e+00    3.35e+00      1.18e-02    3.03e-03      2.20e-01    2.28e-01    2.1e-04
  15800      3.32e+00    2.57e+00      4.57e-03    6.41e-03      2.26e-01    1.75e-01    2.1e-04
  15900      2.44e+00    2.40e+00      6.59e-04    8.59e-03      1.66e-01    1.63e-01    2.1e-04
  16000      2.39e+00    3.75e+00      1.98e-02    1.40e-02      1.61e-01    2.55e-01    2.1e-04
  16100      2.40e+00    6.02e+00      3.17e-03    2.46e-03      1.63e-01    4.10e-01    2.1e-04
  16200      3.34e+00    2.43e+00      1.36e-02    1.68e-02      2.27e-01    1.64e-01    2.1e-04
  16300      2.56e+00    2.15e+00      3.36e-02    1.25e-02      1.69e-01    1.46e-01    2.1e-04
  16400      2.69e+00    3.37e+00      1.09e-02    2.28e-02      1.83e-01    2.28e-01    2.1e-04
  16500      2.33e+00    2.95e+00      5.32e-03    1.84e-02      1.59e-01    2.00e-01    2.1e-04
  16600      3.63e+00    2.47e+00      6.69e-03    1.57e-02      2.47e-01    1.67e-01    2.1e-04
  16700      2.83e+00    5.00e+00      1.70e-02    1.35e-02      1.92e-01    3.40e-01    2.1e-04
  16800      4.31e+00    2.44e+00      1.59e-02    5.55e-03      2.93e-01    1.66e-01    2.1e-04
  16900      2.39e+00    3.73e+00      2.91e-02    1.47e-02      1.59e-01    2.53e-01    2.1e-04
  17000      2.45e+00    2.46e+00      1.88e-02    3.20e-02      1.65e-01    1.63e-01    2.1e-04
  17100      2.69e+00    2.34e+00      1.30e-02    7.83e-03      1.83e-01    1.59e-01    2.1e-04
  17200      3.78e+00    2.30e+00      1.50e-02    5.33e-03      2.56e-01    1.57e-01    2.1e-04
  17300      2.45e+00    3.64e+00      1.66e-02    1.12e-02      1.66e-01    2.48e-01    2.1e-04
  17400      2.36e+00    2.62e+00      2.77e-02    4.69e-04      1.57e-01    1.78e-01    2.1e-04
  17500      2.48e+00    2.83e+00      3.34e-03    1.31e-02      1.69e-01    1.92e-01    2.1e-04
  17600      3.69e+00    2.36e+00      1.29e-02    1.75e-02      2.51e-01    1.59e-01    2.1e-04
  17700      2.62e+00    2.63e+00      1.52e-03    7.52e-03      1.79e-01    1.79e-01    2.1e-04
  17800      2.33e+00    2.58e+00      6.85e-03    3.75e-02      1.58e-01    1.70e-01    2.1e-04
  17900      2.33e+00    2.96e+00      7.73e-03    2.61e-02      1.58e-01    1.99e-01    2.1e-04
  18000      2.40e+00    3.17e+00      7.11e-03    1.91e-03      1.63e-01    2.16e-01    2.1e-04
  18100      2.46e+00    2.35e+00      1.76e-02    1.26e-02      1.66e-01    1.59e-01    2.1e-04
  18200      2.55e+00    2.67e+00      1.87e-02    4.20e-04      1.72e-01    1.82e-01    2.1e-04
  18300      3.70e+00    2.44e+00      1.46e-02    1.23e-02      2.52e-01    1.65e-01    2.1e-04
  18400      2.68e+00    2.45e+00      1.82e-02    1.22e-02      1.81e-01    1.66e-01    2.1e-04
  18500      2.43e+00    2.24e+00      1.94e-02    6.01e-03      1.64e-01    1.52e-01    2.1e-04
  18600      3.53e+00    2.59e+00      2.50e-02    1.59e-02      2.38e-01    1.75e-01    2.1e-04
  18700      3.55e+00    2.52e+00      1.96e-02    8.44e-03      2.40e-01    1.71e-01    2.1e-04
  18800      2.70e+00    2.39e+00      1.76e-02    8.72e-03      1.83e-01    1.62e-01    2.1e-04
  18900      3.01e+00    2.42e+00      1.59e-02    1.02e-03      2.04e-01    1.65e-01    2.1e-04
  19000      2.84e+00    2.58e+00      2.59e-02    2.12e-02      1.91e-01    1.74e-01    2.1e-04
  19100      2.86e+00    2.71e+00      5.20e-03    2.95e-02      1.94e-01    1.81e-01    2.1e-04
  19200      2.46e+00    2.85e+00      7.46e-03    1.50e-02      1.67e-01    1.94e-01    2.1e-04
  19300      2.34e+00    2.36e+00      8.79e-03    2.49e-02      1.59e-01    1.58e-01    2.1e-04
  19400      2.67e+00    2.26e+00      1.56e-02    9.44e-03      1.81e-01    1.53e-01    2.1e-04
  19500      3.27e+00    4.16e+00      7.05e-03    1.86e-02      2.23e-01    2.82e-01    2.1e-04
  19600      2.33e+00    2.24e+00      9.87e-03    1.51e-02      1.58e-01    1.52e-01    2.1e-04
  19700      3.70e+00    2.31e+00      3.11e-02    1.88e-02      2.49e-01    1.55e-01    2.1e-04
  19800      2.27e+00    2.29e+00      1.24e-03    4.26e-02      1.54e-01    1.47e-01    2.1e-04
  19900      3.59e+00    2.18e+00      4.94e-03    1.70e-03      2.45e-01    1.49e-01    2.1e-04
  20000      2.70e+00    2.61e+00      4.71e-02    6.13e-02      1.75e-01    1.62e-01    2.1e-04
  20100      2.66e+00    3.07e+00      7.05e-03    1.65e-03      2.34e-01    2.70e-01    1.3e-04
  20200      1.72e+00    8.31e+00      6.16e-03    1.14e-03      1.51e-01    7.30e-01    1.3e-04
  20300      1.65e+00    1.74e+00      5.44e-03    4.91e-03      1.45e-01    1.53e-01    1.3e-04
  20400      1.71e+00    1.57e+00      2.83e-03    3.79e-03      1.50e-01    1.38e-01    1.3e-04
  20500      2.18e+00    1.71e+00      2.22e-03    3.52e-03      1.92e-01    1.50e-01    1.3e-04
  20600      1.75e+00    1.64e+00      4.33e-03    1.58e-03      1.53e-01    1.44e-01    1.3e-04
  20700      1.70e+00    1.65e+00      9.83e-03    3.83e-03      1.48e-01    1.45e-01    1.3e-04
  20800      2.17e+00    1.72e+00      1.30e-03    7.55e-03      1.91e-01    1.51e-01    1.3e-04
  20900      2.69e+00    1.63e+00      1.93e-04    1.01e-03      2.37e-01    1.43e-01    1.3e-04
  21000      1.66e+00    1.69e+00      6.73e-03    3.61e-03      1.46e-01    1.48e-01    1.3e-04
  21100      2.36e+00    1.54e+00      1.28e-03    7.67e-03      2.08e-01    1.34e-01    1.3e-04
  21200      2.48e+00    1.56e+00      1.48e-02    1.20e-02      2.17e-01    1.36e-01    1.3e-04
  21300      3.80e+00    1.66e+00      6.06e-03    1.20e-02      3.34e-01    1.44e-01    1.3e-04
  21400      1.71e+00    1.90e+00      6.66e-03    1.45e-02      1.50e-01    1.65e-01    1.3e-04
  21500      2.67e+00    1.81e+00      5.35e-03    6.02e-03      2.34e-01    1.59e-01    1.3e-04
  21600      2.22e+00    1.79e+00      3.80e-03    6.62e-03      1.95e-01    1.57e-01    1.3e-04
  21700      1.71e+00    4.97e+00      6.62e-03    9.47e-03      1.50e-01    4.37e-01    1.3e-04
  21800      2.01e+00    1.61e+00      4.52e-03    9.19e-03      1.76e-01    1.41e-01    1.3e-04
  21900      1.73e+00    1.55e+00      1.09e-02    4.52e-04      1.51e-01    1.36e-01    1.3e-04
  22000      1.84e+00    2.21e+00      7.67e-03    1.15e-02      1.61e-01    1.93e-01    1.3e-04
  22100      1.77e+00    1.77e+00      6.53e-03    5.09e-04      1.56e-01    1.56e-01    1.3e-04
  22200      1.83e+00    1.64e+00      7.53e-04    2.41e-03      1.61e-01    1.44e-01    1.3e-04
  22300      1.79e+00    1.67e+00      1.62e-02    1.07e-02      1.55e-01    1.46e-01    1.3e-04
  22400      3.29e+00    5.04e+00      4.05e-04    1.13e-02      2.89e-01    4.43e-01    1.3e-04
  22500      2.95e+00    1.93e+00      3.69e-03    2.98e-03      2.59e-01    1.69e-01    1.3e-04
  22600      1.88e+00    2.10e+00      2.63e-02    9.79e-03      1.60e-01    1.84e-01    1.3e-04
  22700      1.69e+00    1.65e+00      1.75e-02    8.92e-03      1.46e-01    1.44e-01    1.3e-04
  22800      1.93e+00    1.71e+00      1.82e-02    1.21e-02      1.67e-01    1.49e-01    1.3e-04
  22900      3.29e+00    1.64e+00      9.06e-03    8.46e-03      2.88e-01    1.43e-01    1.3e-04
  23000      1.90e+00    1.69e+00      2.82e-02    2.32e-02      1.60e-01    1.44e-01    1.3e-04
  23100      2.99e+00    1.54e+00      2.80e-03    4.28e-03      2.63e-01    1.36e-01    1.3e-04
  23200      1.84e+00    1.71e+00      1.46e-02    8.36e-03      1.60e-01    1.49e-01    1.3e-04
  23300      3.17e+00    2.02e+00      3.75e-03    9.47e-04      2.79e-01    1.78e-01    1.3e-04
  23400      1.75e+00    1.60e+00      2.82e-03    9.25e-03      1.54e-01    1.40e-01    1.3e-04
  23500      1.84e+00    2.07e+00      1.14e-02    1.22e-02      1.60e-01    1.81e-01    1.3e-04
  23600      1.56e+00    1.60e+00      2.54e-03    1.92e-03      1.37e-01    1.40e-01    1.3e-04
  23700      3.61e+00    2.05e+00      2.60e-02    1.71e-03      3.13e-01    1.80e-01    1.3e-04
  23800      1.67e+00    2.07e+00      4.54e-03    6.06e-04      1.46e-01    1.82e-01    1.3e-04
  23900      1.64e+00    1.68e+00      6.60e-03    1.11e-02      1.44e-01    1.46e-01    1.3e-04
  24000      1.68e+00    1.68e+00      9.97e-03    2.12e-02      1.47e-01    1.44e-01    1.3e-04
  24100      2.85e+00    1.68e+00      3.78e-03    5.12e-03      2.51e-01    1.47e-01    1.3e-04
  24200      1.70e+00    1.56e+00      9.88e-03    9.38e-03      1.49e-01    1.37e-01    1.3e-04
  24300      1.80e+00    3.74e+00      3.71e-03    7.19e-03      1.58e-01    3.28e-01    1.3e-04
  24400      2.71e+00    3.01e+00      4.66e-04    1.17e-02      2.38e-01    2.64e-01    1.3e-04
  24500      3.28e+00    3.13e+00      2.01e-03    1.37e-02      2.89e-01    2.74e-01    1.3e-04
  24600      2.94e+00    5.53e+00      2.59e-02    5.51e-03      2.54e-01    4.86e-01    1.3e-04
  24700      2.08e+00    4.50e+00      2.64e-03    2.18e-03      1.83e-01    3.96e-01    1.3e-04
  24800      2.65e+00    1.64e+00      1.24e-02    1.34e-02      2.32e-01    1.43e-01    1.3e-04
  24900      2.43e+00    1.57e+00      7.73e-03    5.92e-03      2.13e-01    1.37e-01    1.3e-04
  25000      1.83e+00    1.67e+00      1.63e-02    1.35e-02      1.59e-01    1.45e-01    1.3e-04
  25100      2.01e+00    1.26e+00      4.53e-03    3.29e-03      2.28e-01    1.42e-01    7.7e-05
  25200      1.23e+00    1.26e+00      4.28e-03    3.60e-03      1.39e-01    1.43e-01    7.7e-05
  25300      1.32e+00    1.25e+00      6.59e-04    4.10e-03      1.49e-01    1.41e-01    7.7e-05
  25400      2.04e+00    3.62e+00      5.32e-03    5.47e-03      2.30e-01    4.11e-01    7.7e-05
  25500      1.63e+00    1.19e+00      3.06e-03    1.86e-03      1.85e-01    1.35e-01    7.7e-05
  25600      1.74e+00    1.29e+00      2.00e-03    1.33e-03      1.97e-01    1.46e-01    7.7e-05
  25700      1.20e+00    1.18e+00      4.34e-03    9.13e-04      1.36e-01    1.34e-01    7.7e-05
  25800      1.58e+00    1.19e+00      3.94e-03    2.25e-03      1.78e-01    1.34e-01    7.7e-05
  25900      1.27e+00    1.21e+00      1.78e-03    3.56e-03      1.44e-01    1.37e-01    7.7e-05
  26000      1.30e+00    1.25e+00      1.07e-02    5.43e-03      1.45e-01    1.41e-01    7.7e-05
  26100      2.02e+00    3.60e+00      8.39e-04    4.99e-03      2.29e-01    4.07e-01    7.7e-05
  26200      1.63e+00    1.18e+00      1.02e-03    2.40e-04      1.84e-01    1.34e-01    7.7e-05
  26300      1.48e+00    1.16e+00      3.76e-03    6.61e-04      1.68e-01    1.32e-01    7.7e-05
  26400      2.35e+00    1.21e+00      8.16e-04    2.38e-03      2.66e-01    1.37e-01    7.7e-05
  26500      1.22e+00    1.26e+00      9.05e-03    1.07e-02      1.37e-01    1.41e-01    7.7e-05
  26600      1.37e+00    2.42e+00      2.21e-03    4.23e-03      1.55e-01    2.74e-01    7.7e-05
  26700      1.32e+00    1.20e+00      2.96e-03    1.05e-02      1.49e-01    1.34e-01    7.7e-05
  26800      1.78e+00    1.19e+00      7.30e-04    4.87e-04      2.02e-01    1.34e-01    7.7e-05
  26900      1.37e+00    1.17e+00      9.23e-04    3.88e-03      1.55e-01    1.33e-01    7.7e-05
  27000      1.99e+00    1.16e+00      2.61e-03    4.72e-03      2.26e-01    1.31e-01    7.7e-05
  27100      2.15e+00    3.51e+00      3.29e-03    1.72e-03      2.43e-01    3.97e-01    7.7e-05
  27200      2.89e+00    1.32e+00      9.63e-04    5.62e-03      3.27e-01    1.49e-01    7.7e-05
  27300      1.34e+00    1.26e+00      2.82e-03    3.15e-03      1.52e-01    1.42e-01    7.7e-05
  27400      1.30e+00    1.24e+00      9.16e-03    2.74e-03      1.46e-01    1.41e-01    7.7e-05
  27500      1.28e+00    1.42e+00      8.03e-03    7.12e-03      1.44e-01    1.60e-01    7.7e-05
  27600      1.24e+00    1.64e+00      3.79e-03    9.32e-03      1.40e-01    1.85e-01    7.7e-05
  27700      1.28e+00    1.38e+00      7.43e-03    2.33e-02      1.45e-01    1.49e-01    7.7e-05
  27800      1.72e+00    1.20e+00      3.09e-03    3.00e-03      1.95e-01    1.36e-01    7.7e-05
  27900      1.87e+00    1.25e+00      1.33e-02    1.25e-02      2.09e-01    1.40e-01    7.7e-05
  28000      2.06e+00    1.24e+00      3.63e-04    1.29e-03      2.33e-01    1.40e-01    7.7e-05
  28100      1.43e+00    1.42e+00      7.50e-04    4.93e-03      1.62e-01    1.60e-01    7.7e-05
  28200      1.30e+00    1.32e+00      4.76e-03    6.54e-04      1.47e-01    1.49e-01    7.7e-05
  28300      1.37e+00    1.24e+00      3.99e-03    3.16e-03      1.55e-01    1.40e-01    7.7e-05
  28400      1.18e+00    3.50e+00      5.25e-03    4.34e-03      1.34e-01    3.96e-01    7.7e-05
  28500      1.20e+00    1.16e+00      8.20e-04    4.41e-03      1.36e-01    1.31e-01    7.7e-05
  28600      1.18e+00    1.15e+00      1.97e-03    7.15e-03      1.34e-01    1.30e-01    7.7e-05
  28700      1.34e+00    1.15e+00      8.20e-03    5.30e-03      1.51e-01    1.30e-01    7.7e-05
  28800      1.95e+00    1.17e+00      4.31e-03    2.04e-03      2.21e-01    1.33e-01    7.7e-05
  28900      3.08e+00    2.87e+00      4.26e-03    1.91e-03      3.49e-01    3.25e-01    7.7e-05
  29000      2.13e+00    1.14e+00      2.21e-03    4.49e-04      2.41e-01    1.29e-01    7.7e-05
  29100      1.63e+00    1.28e+00      2.68e-03    4.72e-03      1.85e-01    1.44e-01    7.7e-05
  29200      1.98e+00    3.30e+00      1.98e-03    7.71e-03      2.24e-01    3.74e-01    7.7e-05
  29300      1.73e+00    1.43e+00      8.75e-03    1.04e-02      1.95e-01    1.60e-01    7.7e-05
  29400      1.89e+00    1.42e+00      3.56e-04    2.85e-03      2.14e-01    1.61e-01    7.7e-05
  29500      1.97e+00    1.14e+00      6.61e-04    2.33e-03      2.23e-01    1.29e-01    7.7e-05
  29600      2.71e+00    1.14e+00      3.04e-04    1.76e-03      3.07e-01    1.30e-01    7.7e-05
  29700      1.74e+00    1.57e+00      6.97e-03    4.27e-03      1.97e-01    1.77e-01    7.7e-05
  29800      1.61e+00    1.28e+00      1.33e-02    1.63e-02      1.80e-01    1.40e-01    7.7e-05
  29900      1.64e+00    3.61e+00      6.25e-03    3.00e-03      1.85e-01    4.09e-01    7.7e-05
  30000      2.01e+00    3.56e+00      3.21e-03    2.53e-03      2.28e-01    4.04e-01    7.7e-05
  30100      1.44e+00    8.86e-01      3.09e-03    1.24e-03      2.09e-01    1.29e-01    4.6e-05
  30200      1.02e+00    9.35e-01      2.85e-03    2.04e-04      1.49e-01    1.36e-01    4.6e-05
  30300      1.03e+00    1.12e+00      2.16e-03    1.14e-03      1.49e-01    1.63e-01    4.6e-05
  30400      1.00e+00    9.70e-01      1.70e-03    3.89e-03      1.46e-01    1.41e-01    4.6e-05
  30500      2.03e+00    9.46e-01      1.62e-03    5.46e-03      2.95e-01    1.37e-01    4.6e-05
  30600      1.03e+00    9.45e-01      2.36e-03    4.04e-04      1.51e-01    1.38e-01    4.6e-05
  30700      9.17e-01    1.32e+00      2.44e-03    1.51e-03      1.34e-01    1.92e-01    4.6e-05
  30800      1.04e+00    8.92e-01      3.64e-03    3.34e-03      1.51e-01    1.30e-01    4.6e-05
  30900      9.94e-01    9.32e-01      1.40e-03    2.60e-03      1.45e-01    1.36e-01    4.6e-05
  31000      8.77e-01    9.50e-01      6.24e-04    2.08e-03      1.28e-01    1.38e-01    4.6e-05
  31100      9.40e-01    9.06e-01      2.89e-03    5.67e-03      1.37e-01    1.31e-01    4.6e-05
  31200      1.77e+00    9.65e-01      2.59e-03    4.47e-04      2.58e-01    1.41e-01    4.6e-05
  31300      9.78e-01    9.47e-01      6.08e-04    2.67e-03      1.43e-01    1.38e-01    4.6e-05
  31400      9.41e-01    1.19e+00      7.23e-03    1.72e-03      1.36e-01    1.74e-01    4.6e-05
  31500      1.53e+00    1.09e+00      1.75e-03    4.56e-03      2.23e-01    1.58e-01    4.6e-05
  31600      1.06e+00    1.01e+00      1.01e-02    8.22e-06      1.51e-01    1.48e-01    4.6e-05
  31700      1.52e+00    1.30e+00      4.35e-04    7.43e-04      2.22e-01    1.90e-01    4.6e-05
  31800      1.02e+00    1.27e+00      1.81e-03    2.13e-03      1.49e-01    1.85e-01    4.6e-05
  31900      1.63e+00    9.39e-01      1.03e-02    4.22e-03      2.35e-01    1.36e-01    4.6e-05
  32000      9.89e-01    9.04e-01      1.00e-02    1.31e-02      1.41e-01    1.27e-01    4.6e-05
  32100      1.18e+00    9.07e-01      8.76e-03    1.88e-04      1.71e-01    1.32e-01    4.6e-05
  32200      9.86e-01    8.88e-01      5.84e-03    3.81e-03      1.43e-01    1.29e-01    4.6e-05
  32300      8.98e-01    1.90e+00      1.87e-03    6.73e-04      1.31e-01    2.77e-01    4.6e-05
  32400      9.69e-01    1.08e+00      2.03e-03    1.96e-03      1.41e-01    1.57e-01    4.6e-05
  32500      1.58e+00    1.05e+00      9.83e-03    6.76e-03      2.28e-01    1.52e-01    4.6e-05
  32600      1.00e+00    2.71e+00      5.21e-03    3.97e-03      1.46e-01    3.95e-01    4.6e-05
  32700      9.16e-01    9.17e-01      6.59e-03    2.57e-03      1.32e-01    1.34e-01    4.6e-05
  32800      9.91e-01    1.10e+00      1.39e-02    1.26e-02      1.39e-01    1.56e-01    4.6e-05
  32900      9.13e-01    9.09e-01      1.78e-03    6.14e-03      1.33e-01    1.31e-01    4.6e-05
  33000      9.89e-01    1.98e+00      2.91e-04    5.77e-03      1.44e-01    2.88e-01    4.6e-05
  33100      1.05e+00    2.71e+00      2.19e-03    7.19e-03      1.54e-01    3.95e-01    4.6e-05
  33200      1.52e+00    1.08e+00      5.27e-03    7.12e-03      2.22e-01    1.57e-01    4.6e-05
  33300      1.08e+00    9.27e-01      1.40e-03    8.32e-03      1.57e-01    1.33e-01    4.6e-05
  33400      1.24e+00    1.45e+00      1.90e-03    3.52e-03      1.81e-01    2.11e-01    4.6e-05
  33500      1.52e+00    1.02e+00      8.71e-04    1.83e-03      2.21e-01    1.48e-01    4.6e-05
  33600      9.21e-01    8.76e-01      8.09e-04    3.24e-03      1.34e-01    1.27e-01    4.6e-05
  33700      9.66e-01    9.33e-01      2.60e-03    9.64e-04      1.41e-01    1.36e-01    4.6e-05
  33800      9.63e-01    2.69e+00      4.80e-03    8.87e-04      1.40e-01    3.92e-01    4.6e-05
  33900      9.32e-01    1.25e+00      4.59e-03    3.28e-05      1.35e-01    1.82e-01    4.6e-05
  34000      9.37e-01    1.05e+00      5.88e-03    4.98e-03      1.36e-01    1.52e-01    4.6e-05
  34100      1.01e+00    9.80e-01      4.19e-03    2.53e-03      1.46e-01    1.43e-01    4.6e-05
  34200      1.15e+00    9.68e-01      1.40e-03    8.77e-03      1.68e-01    1.39e-01    4.6e-05
  34300      9.55e-01    4.81e+00      1.12e-02    8.68e-03      1.36e-01    7.02e-01    4.6e-05
  34400      1.13e+00    9.25e-01      4.20e-03    3.37e-03      1.64e-01    1.35e-01    4.6e-05
  34500      9.40e-01    8.78e-01      2.10e-03    1.60e-03      1.37e-01    1.28e-01    4.6e-05
  34600      1.09e+00    1.65e+00      3.37e-04    1.93e-03      1.60e-01    2.41e-01    4.6e-05
  34700      9.09e-01    2.24e+00      2.97e-04    1.99e-03      1.33e-01    3.26e-01    4.6e-05
  34800      1.62e+00    9.12e-01      8.21e-03    2.30e-03      2.35e-01    1.33e-01    4.6e-05
  34900      2.29e+00    8.75e-01      2.17e-03    1.06e-03      3.33e-01    1.27e-01    4.6e-05
  35000      1.38e+00    9.40e-01      6.22e-03    1.16e-03      2.00e-01    1.37e-01    4.6e-05
  35100      7.17e-01    7.08e-01      6.23e-04    6.53e-04      1.34e-01    1.32e-01    2.8e-05
  35200      7.49e-01    8.04e-01      3.35e-03    6.53e-04      1.40e-01    1.50e-01    2.8e-05
  35300      7.60e-01    7.00e-01      8.79e-04    7.94e-04      1.42e-01    1.31e-01    2.8e-05
  35400      1.93e+00    7.19e-01      3.26e-04    3.23e-04      3.61e-01    1.35e-01    2.8e-05
  35500      7.93e-01    7.17e-01      1.10e-03    2.34e-03      1.48e-01    1.34e-01    2.8e-05
  35600      7.41e-01    9.62e-01      3.46e-04    6.14e-04      1.39e-01    1.80e-01    2.8e-05
  35700      2.23e+00    7.17e-01      7.14e-04    2.86e-03      4.17e-01    1.34e-01    2.8e-05
  35800      7.32e-01    6.68e-01      7.07e-04    4.61e-05      1.37e-01    1.25e-01    2.8e-05
  35900      1.20e+00    7.61e-01      5.64e-04    1.58e-03      2.25e-01    1.42e-01    2.8e-05
  36000      7.03e-01    1.71e+00      2.77e-03    1.60e-03      1.31e-01    3.20e-01    2.8e-05
  36100      9.70e-01    7.10e-01      1.58e-03    8.70e-04      1.81e-01    1.33e-01    2.8e-05
  36200      7.04e-01    6.92e-01      2.26e-04    3.05e-03      1.32e-01    1.29e-01    2.8e-05
  36300      1.51e+00    9.69e-01      4.22e-03    5.06e-04      2.81e-01    1.81e-01    2.8e-05
  36400      6.99e-01    7.14e-01      2.32e-03    3.82e-03      1.30e-01    1.33e-01    2.8e-05
  36500      7.83e-01    7.60e-01      5.93e-04    8.46e-04      1.47e-01    1.42e-01    2.8e-05
  36600      7.14e-01    7.23e-01      3.64e-03    1.74e-03      1.33e-01    1.35e-01    2.8e-05
  36700      1.20e+00    6.64e-01      8.51e-04    4.36e-03      2.24e-01    1.23e-01    2.8e-05
  36800      6.96e-01    7.28e-01      1.94e-03    3.70e-03      1.30e-01    1.35e-01    2.8e-05
  36900      8.04e-01    7.00e-01      1.93e-03    7.82e-05      1.50e-01    1.31e-01    2.8e-05
  37000      7.78e-01    7.07e-01      8.00e-04    7.07e-04      1.46e-01    1.32e-01    2.8e-05
  37100      7.18e-01    6.97e-01      3.12e-03    1.18e-04      1.34e-01    1.30e-01    2.8e-05
  37200      7.07e-01    6.90e-01      2.73e-03    2.21e-03      1.32e-01    1.29e-01    2.8e-05
  37300      1.29e+00    7.64e-01      1.59e-03    5.34e-03      2.42e-01    1.42e-01    2.8e-05
  37400      7.29e-01    7.05e-01      2.36e-03    2.03e-03      1.36e-01    1.32e-01    2.8e-05
  37500      8.77e-01    2.21e+00      4.17e-03    2.01e-03      1.63e-01    4.14e-01    2.8e-05
  37600      1.09e+00    3.74e+00      1.88e-03    1.96e-03      2.05e-01    7.00e-01    2.8e-05
  37700      1.14e+00    7.81e-01      1.18e-03    2.33e-03      2.14e-01    1.46e-01    2.8e-05
  37800      7.64e-01    6.94e-01      2.37e-03    4.55e-03      1.43e-01    1.29e-01    2.8e-05
  37900      7.65e-01    8.61e-01      3.57e-03    3.56e-03      1.43e-01    1.61e-01    2.8e-05
  38000      1.79e+00    1.20e+00      3.03e-03    2.03e-03      3.34e-01    2.25e-01    2.8e-05
  38100      7.84e-01    7.27e-01      8.50e-04    6.63e-04      1.47e-01    1.36e-01    2.8e-05
  38200      8.16e-01    8.46e-01      3.64e-04    5.69e-03      1.53e-01    1.57e-01    2.8e-05
  38300      1.29e+00    8.91e-01      3.66e-03    1.32e-06      2.41e-01    1.67e-01    2.8e-05
  38400      6.95e-01    7.22e-01      4.31e-04    4.13e-03      1.30e-01    1.34e-01    2.8e-05
  38500      1.25e+00    7.13e-01      6.11e-04    3.69e-03      2.33e-01    1.33e-01    2.8e-05
  38600      7.45e-01    6.66e-01      6.99e-03    4.13e-04      1.37e-01    1.25e-01    2.8e-05
  38700      7.06e-01    7.27e-01      2.07e-03    1.09e-03      1.32e-01    1.36e-01    2.8e-05
  38800      9.93e-01    6.68e-01      4.92e-04    1.28e-03      1.86e-01    1.25e-01    2.8e-05
  38900      1.45e+00    7.81e-01      1.01e-03    4.17e-03      2.71e-01    1.45e-01    2.8e-05
  39000      7.71e-01    1.72e+00      6.22e-03    2.91e-03      1.43e-01    3.22e-01    2.8e-05
  39100      7.83e-01    7.76e-01      1.59e-03    5.86e-03      1.46e-01    1.44e-01    2.8e-05
  39200      1.17e+00    7.68e-01      1.30e-03    4.52e-03      2.18e-01    1.43e-01    2.8e-05
  39300      7.65e-01    7.18e-01      1.17e-03    9.72e-04      1.43e-01    1.34e-01    2.8e-05
  39400      9.51e-01    7.42e-01      1.26e-03    5.11e-03      1.78e-01    1.38e-01    2.8e-05
  39500      8.65e-01    6.98e-01      1.10e-03    1.06e-03      1.62e-01    1.30e-01    2.8e-05
  39600      1.03e+00    3.74e+00      2.86e-03    2.95e-03      1.93e-01    6.99e-01    2.8e-05
  39700      9.55e-01    6.93e-01      3.75e-03    3.25e-04      1.78e-01    1.30e-01    2.8e-05
  39800      7.70e-01    7.00e-01      6.42e-03    2.93e-04      1.42e-01    1.31e-01    2.8e-05
  39900      7.53e-01    7.07e-01      1.70e-03    3.25e-03      1.41e-01    1.32e-01    2.8e-05
  40000      1.70e+00    7.43e-01      1.79e-04    6.07e-03      3.18e-01    1.37e-01    2.8e-05
  40100      1.37e+00    5.39e-01      2.84e-03    1.37e-03      3.27e-01    1.29e-01    1.7e-05
  40200      5.46e-01    7.51e-01      4.73e-04    6.66e-04      1.30e-01    1.79e-01    1.7e-05
  40300      5.31e-01    5.52e-01      1.87e-03    2.47e-03      1.26e-01    1.32e-01    1.7e-05
  40400      7.31e-01    5.70e-01      2.16e-04    7.53e-04      1.75e-01    1.36e-01    1.7e-05
  40500      5.67e-01    5.13e-01      1.79e-03    1.63e-03      1.35e-01    1.22e-01    1.7e-05
  40600      8.75e-01    6.88e-01      1.11e-03    1.51e-03      2.09e-01    1.64e-01    1.7e-05
  40700      7.80e-01    6.35e-01      1.96e-03    4.67e-04      1.86e-01    1.52e-01    1.7e-05
  40800      5.28e-01    6.11e-01      2.02e-03    8.27e-04      1.26e-01    1.46e-01    1.7e-05
  40900      5.86e-01    5.65e-01      2.27e-03    2.50e-03      1.40e-01    1.35e-01    1.7e-05
  41000      6.81e-01    5.39e-01      1.31e-03    3.32e-03      1.63e-01    1.28e-01    1.7e-05
  41100      5.53e-01    6.14e-01      1.00e-03    6.44e-04      1.32e-01    1.47e-01    1.7e-05
  41200      7.32e-01    5.50e-01      7.72e-04    1.57e-03      1.75e-01    1.31e-01    1.7e-05
  41300      5.87e-01    5.56e-01      1.14e-03    1.90e-03      1.40e-01    1.33e-01    1.7e-05
  41400      1.05e+00    5.57e-01      3.08e-03    5.97e-04      2.51e-01    1.33e-01    1.7e-05
  41500      5.40e-01    5.44e-01      1.66e-04    6.10e-04      1.29e-01    1.30e-01    1.7e-05
  41600      5.72e-01    1.82e+00      3.55e-04    7.37e-04      1.37e-01    4.35e-01    1.7e-05
  41700      5.45e-01    5.38e-01      1.14e-03    9.10e-04      1.30e-01    1.28e-01    1.7e-05
  41800      6.00e-01    5.32e-01      2.08e-04    4.74e-04      1.43e-01    1.27e-01    1.7e-05
  41900      5.84e-01    5.30e-01      8.05e-04    6.02e-04      1.40e-01    1.27e-01    1.7e-05
  42000      5.54e-01    5.37e-01      1.87e-03    1.08e-03      1.32e-01    1.28e-01    1.7e-05
  42100      5.48e-01    5.59e-01      1.72e-03    4.51e-04      1.31e-01    1.34e-01    1.7e-05
  42200      1.01e+00    5.23e-01      9.10e-04    2.76e-03      2.41e-01    1.24e-01    1.7e-05
  42300      9.25e-01    5.14e-01      2.33e-03    9.06e-04      2.21e-01    1.23e-01    1.7e-05
  42400      5.74e-01    5.50e-01      6.45e-03    3.24e-03      1.34e-01    1.31e-01    1.7e-05
  42500      5.52e-01    6.63e-01      3.52e-03    4.80e-04      1.31e-01    1.58e-01    1.7e-05
  42600      6.97e-01    7.00e-01      2.19e-03    1.28e-03      1.66e-01    1.67e-01    1.7e-05
  42700      5.45e-01    5.57e-01      5.74e-04    2.47e-03      1.30e-01    1.33e-01    1.7e-05
  42800      5.40e-01    5.43e-01      5.77e-04    4.27e-04      1.29e-01    1.30e-01    1.7e-05
  42900      5.48e-01    1.38e+00      1.53e-03    5.45e-04      1.31e-01    3.30e-01    1.7e-05
  43000      5.53e-01    6.05e-01      7.29e-04    1.28e-03      1.32e-01    1.44e-01    1.7e-05
  43100      5.44e-01    5.18e-01      1.42e-03    1.24e-03      1.30e-01    1.24e-01    1.7e-05
  43200      1.00e+00    5.32e-01      4.21e-04    3.49e-04      2.40e-01    1.27e-01    1.7e-05
  43300      5.73e-01    5.36e-01      2.59e-03    2.65e-03      1.36e-01    1.27e-01    1.7e-05
  43400      1.28e+00    5.49e-01      3.31e-04    1.46e-03      3.07e-01    1.31e-01    1.7e-05
  43500      8.51e-01    5.41e-01      1.09e-03    1.97e-03      2.03e-01    1.29e-01    1.7e-05
  43600      8.92e-01    5.94e-01      2.84e-03    2.02e-04      2.13e-01    1.42e-01    1.7e-05
  43700      8.07e-01    5.52e-01      4.29e-04    9.98e-04      1.93e-01    1.32e-01    1.7e-05
  43800      8.06e-01    5.26e-01      4.37e-03    3.17e-03      1.91e-01    1.25e-01    1.7e-05
  43900      6.20e-01    6.14e-01      9.93e-04    1.00e-03      1.48e-01    1.47e-01    1.7e-05
  44000      5.30e-01    5.25e-01      1.11e-03    1.81e-04      1.27e-01    1.26e-01    1.7e-05
  44100      5.51e-01    5.15e-01      2.89e-03    1.91e-03      1.31e-01    1.23e-01    1.7e-05
  44200      7.27e-01    1.46e+00      2.76e-03    2.30e-04      1.73e-01    3.48e-01    1.7e-05
  44300      5.48e-01    5.28e-01      2.38e-03    8.24e-04      1.31e-01    1.26e-01    1.7e-05
  44400      5.81e-01    6.19e-01      8.74e-04    2.77e-03      1.39e-01    1.47e-01    1.7e-05
  44500      6.00e-01    5.38e-01      1.33e-04    4.10e-03      1.43e-01    1.27e-01    1.7e-05
  44600      8.10e-01    7.44e-01      9.43e-04    5.51e-04      1.93e-01    1.78e-01    1.7e-05
  44700      5.34e-01    5.25e-01      3.58e-03    3.62e-03      1.27e-01    1.24e-01    1.7e-05
  44800      5.41e-01    1.35e+00      1.62e-03    2.90e-03      1.29e-01    3.22e-01    1.7e-05
  44900      7.59e-01    5.78e-01      6.98e-04    1.47e-03      1.81e-01    1.38e-01    1.7e-05
  45000      6.21e-01    5.48e-01      3.71e-03    1.37e-03      1.47e-01    1.31e-01    1.7e-05
  45100      4.95e-01    5.48e-01      6.09e-04    2.21e-04      1.50e-01    1.66e-01    9.9e-06
  45200      4.29e-01    5.86e-01      1.10e-03    4.92e-04      1.30e-01    1.77e-01    9.9e-06
  45300      4.68e-01    1.29e+00      2.17e-04    3.00e-05      1.42e-01    3.92e-01    9.9e-06
  45400      4.66e-01    7.52e-01      5.49e-04    1.66e-03      1.41e-01    2.28e-01    9.9e-06
  45500      4.35e-01    4.40e-01      1.04e-03    1.99e-03      1.32e-01    1.33e-01    9.9e-06
  45600      9.54e-01    4.23e-01      8.64e-04    5.16e-04      2.89e-01    1.28e-01    9.9e-06
  45700      7.84e-01    4.16e-01      1.13e-03    8.72e-04      2.37e-01    1.26e-01    9.9e-06
  45800      4.20e-01    1.43e+00      3.11e-04    3.36e-03      1.27e-01    4.34e-01    9.9e-06
  45900      4.67e-01    4.22e-01      5.85e-04    1.06e-03      1.42e-01    1.28e-01    9.9e-06
  46000      4.38e-01    4.29e-01      1.46e-03    1.44e-04      1.33e-01    1.30e-01    9.9e-06
  46100      4.57e-01    1.06e+00      2.45e-04    1.03e-03      1.38e-01    3.22e-01    9.9e-06
  46200      4.39e-01    2.39e+00      3.02e-04    3.64e-04      1.33e-01    7.25e-01    9.9e-06
  46300      6.75e-01    4.11e-01      1.71e-03    1.51e-03      2.04e-01    1.24e-01    9.9e-06
  46400      4.81e-01    4.24e-01      2.38e-03    2.85e-04      1.45e-01    1.29e-01    9.9e-06
  46500      4.13e-01    4.32e-01      2.97e-03    7.24e-04      1.24e-01    1.31e-01    9.9e-06
  46600      4.12e-01    4.33e-01      2.46e-05    8.97e-04      1.25e-01    1.31e-01    9.9e-06
  46700      4.19e-01    4.41e-01      1.83e-03    2.36e-04      1.27e-01    1.34e-01    9.9e-06
  46800      4.49e-01    4.60e-01      8.90e-04    1.51e-03      1.36e-01    1.39e-01    9.9e-06
  46900      7.06e-01    4.14e-01      8.18e-04    2.45e-03      2.14e-01    1.25e-01    9.9e-06
  47000      1.04e+00    4.10e-01      5.70e-04    1.05e-03      3.15e-01    1.24e-01    9.9e-06
  47100      5.81e-01    4.30e-01      5.07e-03    1.58e-03      1.73e-01    1.30e-01    9.9e-06
  47200      4.49e-01    4.14e-01      5.58e-04    1.89e-03      1.36e-01    1.25e-01    9.9e-06
  47300      4.34e-01    4.31e-01      1.23e-04    1.21e-03      1.32e-01    1.30e-01    9.9e-06
  47400      4.84e-01    4.35e-01      6.82e-04    1.08e-03      1.47e-01    1.32e-01    9.9e-06
  47500      8.40e-01    6.90e-01      1.01e-03    1.03e-03      2.55e-01    2.09e-01    9.9e-06
  47600      4.44e-01    4.09e-01      1.96e-04    1.87e-03      1.35e-01    1.24e-01    9.9e-06
  47700      4.36e-01    4.76e-01      1.34e-03    6.40e-04      1.32e-01    1.44e-01    9.9e-06
  47800      4.59e-01    4.13e-01      5.27e-04    4.01e-03      1.39e-01    1.23e-01    9.9e-06
  47900      4.94e-01    4.32e-01      9.99e-04    1.67e-03      1.50e-01    1.31e-01    9.9e-06
  48000      5.69e-01    4.90e-01      1.94e-03    1.58e-03      1.72e-01    1.48e-01    9.9e-06
  48100      4.33e-01    4.31e-01      1.85e-04    1.35e-03      1.31e-01    1.30e-01    9.9e-06
  48200      4.37e-01    4.16e-01      1.38e-03    7.14e-04      1.32e-01    1.26e-01    9.9e-06
  48300      4.52e-01    4.22e-01      2.54e-03    1.09e-03      1.36e-01    1.28e-01    9.9e-06
  48400      8.01e-01    4.08e-01      5.52e-05    1.45e-03      2.43e-01    1.23e-01    9.9e-06
  48500      4.22e-01    4.31e-01      1.01e-03    3.86e-04      1.28e-01    1.31e-01    9.9e-06
  48600      9.10e-01    4.22e-01      1.06e-03    1.69e-04      2.76e-01    1.28e-01    9.9e-06
  48700      6.29e-01    4.34e-01      2.07e-04    4.31e-04      1.91e-01    1.31e-01    9.9e-06
  48800      7.11e-01    4.23e-01      7.84e-04    1.52e-03      2.16e-01    1.28e-01    9.9e-06
  48900      4.66e-01    4.21e-01      2.00e-04    1.25e-03      1.41e-01    1.27e-01    9.9e-06
  49000      4.18e-01    1.05e+00      1.04e-03    6.39e-04      1.26e-01    3.19e-01    9.9e-06
  49100      4.38e-01    4.35e-01      9.91e-05    1.58e-04      1.33e-01    1.32e-01    9.9e-06
  49200      8.69e-01    4.27e-01      5.18e-04    1.12e-06      2.63e-01    1.30e-01    9.9e-06
  49300      6.30e-01    4.10e-01      6.48e-05    3.91e-04      1.91e-01    1.24e-01    9.9e-06
  49400      5.45e-01    4.09e-01      7.01e-04    2.69e-04      1.65e-01    1.24e-01    9.9e-06
  49500      5.02e-01    4.22e-01      2.66e-04    9.72e-04      1.52e-01    1.28e-01    9.9e-06
  49600      4.63e-01    4.08e-01      1.35e-03    4.23e-04      1.40e-01    1.24e-01    9.9e-06
  49700      8.03e-01    4.34e-01      5.23e-04    7.59e-04      2.43e-01    1.31e-01    9.9e-06
  49800      5.06e-01    4.92e-01      1.32e-03    9.92e-04      1.53e-01    1.49e-01    9.9e-06
  49900      5.03e-01    8.77e-01      2.17e-03    4.26e-03      1.52e-01    2.65e-01    9.9e-06
  50000      4.12e-01    3.99e-01      1.07e-03    6.16e-04      1.25e-01    1.21e-01    9.9e-06
  50100      3.28e-01    3.41e-01      3.66e-04    5.42e-04      1.25e-01    1.30e-01    5.9e-06
  50200      8.34e-01    3.34e-01      5.30e-04    3.72e-05      3.17e-01    1.27e-01    5.9e-06
  50300      3.29e-01    8.37e-01      7.94e-04    3.60e-04      1.25e-01    3.18e-01    5.9e-06
  50400      7.25e-01    3.64e-01      1.12e-03    1.99e-04      2.75e-01    1.39e-01    5.9e-06
  50500      4.44e-01    3.37e-01      3.58e-04    6.36e-05      1.69e-01    1.28e-01    5.9e-06
  50600      4.23e-01    3.34e-01      5.75e-04    1.26e-03      1.61e-01    1.27e-01    5.9e-06
  50700      3.49e-01    5.86e-01      6.90e-04    9.89e-04      1.33e-01    2.23e-01    5.9e-06
  50800      4.30e-01    3.87e-01      9.58e-04    1.09e-03      1.63e-01    1.47e-01    5.9e-06
  50900      4.45e-01    3.30e-01      1.04e-04    2.96e-04      1.69e-01    1.25e-01    5.9e-06
  51000      3.34e-01    3.40e-01      8.46e-04    6.07e-04      1.27e-01    1.29e-01    5.9e-06
  51100      3.35e-01    3.93e-01      4.47e-04    6.80e-04      1.27e-01    1.49e-01    5.9e-06
  51200      4.43e-01    3.32e-01      1.24e-03    1.78e-03      1.68e-01    1.26e-01    5.9e-06
  51300      3.61e-01    3.57e-01      6.43e-05    1.10e-03      1.37e-01    1.35e-01    5.9e-06
  51400      4.57e-01    3.29e-01      7.28e-04    8.19e-04      1.74e-01    1.25e-01    5.9e-06
  51500      5.57e-01    3.42e-01      8.38e-04    3.12e-05      2.12e-01    1.30e-01    5.9e-06
  51600      3.33e-01    3.35e-01      6.03e-04    5.93e-04      1.26e-01    1.27e-01    5.9e-06
  51700      1.01e+00    3.38e-01      2.03e-04    1.73e-03      3.83e-01    1.28e-01    5.9e-06
  51800      6.51e-01    3.43e-01      1.34e-03    1.02e-03      2.47e-01    1.30e-01    5.9e-06
  51900      3.53e-01    1.91e+00      3.31e-04    1.81e-03      1.34e-01    7.26e-01    5.9e-06
  52000      3.53e-01    3.34e-01      3.67e-03    4.16e-04      1.32e-01    1.27e-01    5.9e-06
  52100      3.44e-01    6.28e-01      7.09e-04    1.05e-03      1.31e-01    2.39e-01    5.9e-06
  52200      5.82e-01    3.26e-01      7.12e-04    4.83e-04      2.21e-01    1.24e-01    5.9e-06
  52300      3.42e-01    3.45e-01      3.84e-04    1.73e-03      1.30e-01    1.31e-01    5.9e-06
  52400      4.92e-01    3.46e-01      3.18e-04    1.88e-03      1.87e-01    1.31e-01    5.9e-06
  52500      3.31e-01    1.09e+00      8.29e-04    6.15e-05      1.26e-01    4.13e-01    5.9e-06
  52600      6.59e-01    3.39e-01      5.83e-04    8.80e-04      2.50e-01    1.29e-01    5.9e-06
  52700      5.47e-01    3.40e-01      1.13e-03    1.03e-03      2.08e-01    1.29e-01    5.9e-06
  52800      8.80e-01    3.92e-01      6.33e-04    6.49e-04      3.34e-01    1.49e-01    5.9e-06
  52900      5.87e-01    3.95e-01      2.27e-04    2.07e-04      2.23e-01    1.50e-01    5.9e-06
  53000      3.39e-01    3.21e-01      9.75e-04    2.26e-04      1.29e-01    1.22e-01    5.9e-06
  53100      3.72e-01    3.37e-01      6.98e-04    1.53e-03      1.41e-01    1.28e-01    5.9e-06
  53200      3.51e-01    3.20e-01      3.22e-04    9.44e-04      1.33e-01    1.21e-01    5.9e-06
  53300      3.65e-01    3.41e-01      3.46e-04    3.82e-04      1.39e-01    1.30e-01    5.9e-06
  53400      3.36e-01    4.01e-01      7.06e-04    5.65e-04      1.28e-01    1.52e-01    5.9e-06
  53500      4.66e-01    3.19e-01      3.38e-04    4.04e-04      1.77e-01    1.21e-01    5.9e-06
  53600      6.24e-01    3.53e-01      3.30e-04    2.40e-04      2.37e-01    1.34e-01    5.9e-06
  53700      5.54e-01    3.36e-01      1.73e-03    9.61e-04      2.10e-01    1.28e-01    5.9e-06
  53800      4.58e-01    3.42e-01      1.21e-03    1.42e-03      1.74e-01    1.30e-01    5.9e-06
  53900      3.34e-01    3.44e-01      9.36e-04    2.51e-04      1.27e-01    1.31e-01    5.9e-06
  54000      3.60e-01    1.09e+00      3.87e-04    5.58e-04      1.37e-01    4.14e-01    5.9e-06
  54100      3.49e-01    3.41e-01      3.87e-04    6.90e-04      1.33e-01    1.29e-01    5.9e-06
  54200      3.59e-01    3.43e-01      6.12e-05    1.84e-03      1.36e-01    1.30e-01    5.9e-06
  54300      5.95e-01    3.74e-01      1.08e-03    1.33e-04      2.26e-01    1.42e-01    5.9e-06
  54400      3.38e-01    3.42e-01      8.37e-04    3.62e-04      1.28e-01    1.30e-01    5.9e-06
  54500      6.41e-01    3.40e-01      4.35e-04    9.64e-04      2.44e-01    1.29e-01    5.9e-06
  54600      6.01e-01    7.16e-01      5.59e-04    6.04e-04      2.28e-01    2.72e-01    5.9e-06
  54700      7.29e-01    3.43e-01      7.84e-04    7.14e-04      2.77e-01    1.30e-01    5.9e-06
  54800      6.63e-01    3.47e-01      4.00e-04    7.09e-05      2.52e-01    1.32e-01    5.9e-06
  54900      5.75e-01    3.41e-01      8.39e-04    8.48e-04      2.18e-01    1.29e-01    5.9e-06
  55000      3.85e-01    3.26e-01      3.14e-03    1.38e-03      1.44e-01    1.23e-01    5.9e-06
  55100      2.73e-01    2.70e-01      7.67e-04    4.19e-05      1.28e-01    1.27e-01    3.5e-06
  55200      4.27e-01    3.33e-01      8.73e-05    4.76e-04      2.00e-01    1.56e-01    3.5e-06
  55300      4.87e-01    2.67e-01      6.07e-04    6.20e-05      2.28e-01    1.25e-01    3.5e-06
  55400      2.76e-01    2.80e-01      1.84e-04    5.64e-04      1.29e-01    1.31e-01    3.5e-06
  55500      4.42e-01    2.63e-01      4.51e-04    1.18e-03      2.08e-01    1.23e-01    3.5e-06
  55600      3.60e-01    2.66e-01      5.66e-04    8.68e-05      1.69e-01    1.25e-01    3.5e-06
  55700      3.13e-01    2.76e-01      6.68e-04    4.22e-04      1.47e-01    1.29e-01    3.5e-06
  55800      2.86e-01    2.74e-01      1.11e-03    1.36e-03      1.34e-01    1.28e-01    3.5e-06
  55900      5.31e-01    2.74e-01      5.82e-04    1.56e-04      2.49e-01    1.29e-01    3.5e-06
  56000      4.23e-01    5.66e-01      1.17e-03    5.18e-04      1.98e-01    2.66e-01    3.5e-06
  56100      4.00e-01    5.47e-01      9.40e-04    2.54e-04      1.87e-01    2.57e-01    3.5e-06
  56200      2.95e-01    1.49e+00      9.51e-04    6.13e-04      1.38e-01    6.99e-01    3.5e-06
  56300      3.74e-01    2.79e-01      6.54e-04    1.13e-03      1.75e-01    1.30e-01    3.5e-06
  56400      6.16e-01    2.57e-01      8.73e-04    7.99e-04      2.89e-01    1.20e-01    3.5e-06
  56500      2.80e-01    2.63e-01      1.10e-03    3.63e-04      1.31e-01    1.24e-01    3.5e-06
  56600      4.09e-01    2.68e-01      1.28e-04    1.22e-03      1.92e-01    1.25e-01    3.5e-06
  56700      3.61e-01    2.74e-01      7.57e-04    9.69e-04      1.69e-01    1.28e-01    3.5e-06
  56800      4.03e-01    3.18e-01      5.89e-05    3.30e-05      1.89e-01    1.49e-01    3.5e-06
  56900      3.21e-01    1.17e+00      2.00e-05    1.41e-03      1.51e-01    5.49e-01    3.5e-06
  57000      2.81e-01    2.73e-01      7.41e-04    3.58e-04      1.32e-01    1.28e-01    3.5e-06
  57100      2.82e-01    2.68e-01      2.64e-04    3.72e-04      1.32e-01    1.25e-01    3.5e-06
  57200      2.74e-01    2.67e-01      5.25e-04    7.86e-05      1.28e-01    1.25e-01    3.5e-06
  57300      2.77e-01    3.24e-01      6.80e-04    1.68e-04      1.30e-01    1.52e-01    3.5e-06
  57400      5.38e-01    2.94e-01      1.47e-04    7.15e-04      2.52e-01    1.38e-01    3.5e-06
  57500      4.39e-01    2.68e-01      1.08e-03    4.05e-04      2.05e-01    1.26e-01    3.5e-06
  57600      3.24e-01    2.66e-01      4.52e-04    2.03e-04      1.52e-01    1.25e-01    3.5e-06
  57700      2.77e-01    2.63e-01      1.20e-03    6.91e-04      1.30e-01    1.23e-01    3.5e-06
  57800      2.71e-01    3.23e-01      3.54e-04    5.40e-04      1.27e-01    1.52e-01    3.5e-06
  57900      2.83e-01    2.76e-01      3.00e-04    1.46e-03      1.33e-01    1.29e-01    3.5e-06
  58000      3.17e-01    4.45e-01      1.14e-04    8.26e-05      1.49e-01    2.09e-01    3.5e-06
  58100      3.02e-01    2.67e-01      4.04e-04    3.19e-04      1.42e-01    1.25e-01    3.5e-06
  58200      4.28e-01    3.53e-01      4.39e-04    1.67e-04      2.01e-01    1.65e-01    3.5e-06
  58300      2.88e-01    2.67e-01      7.10e-04    2.92e-04      1.35e-01    1.25e-01    3.5e-06
  58400      2.72e-01    2.81e-01      1.98e-04    1.07e-03      1.27e-01    1.31e-01    3.5e-06
  58500      3.74e-01    2.89e-01      6.27e-04    2.39e-03      1.75e-01    1.34e-01    3.5e-06
  58600      2.75e-01    2.69e-01      3.14e-04    3.56e-04      1.29e-01    1.26e-01    3.5e-06
  58700      3.80e-01    2.94e-01      7.52e-04    2.75e-04      1.78e-01    1.38e-01    3.5e-06
  58800      2.68e-01    2.70e-01      2.26e-04    4.97e-04      1.25e-01    1.27e-01    3.5e-06
  58900      2.69e-01    4.46e-01      4.28e-04    2.66e-04      1.26e-01    2.09e-01    3.5e-06
  59000      2.69e-01    2.56e-01      2.72e-04    9.64e-04      1.26e-01    1.20e-01    3.5e-06
  59100      2.96e-01    6.78e-01      1.22e-03    6.15e-04      1.38e-01    3.18e-01    3.5e-06
  59200      3.00e-01    3.60e-01      2.90e-04    6.72e-04      1.41e-01    1.69e-01    3.5e-06
  59300      3.06e-01    2.74e-01      8.86e-05    1.32e-03      1.43e-01    1.28e-01    3.5e-06
  59400      6.96e-01    8.32e-01      1.51e-04    2.62e-04      3.26e-01    3.90e-01    3.5e-06
  59500      3.04e-01    3.00e-01      2.59e-04    3.02e-04      1.43e-01    1.41e-01    3.5e-06
  59600      2.77e-01    2.81e-01      2.82e-04    1.43e-03      1.30e-01    1.31e-01    3.5e-06
  59700      2.74e-01    3.05e-01      7.14e-04    2.82e-04      1.29e-01    1.43e-01    3.5e-06
  59800      4.73e-01    2.75e-01      4.60e-04    4.49e-04      2.22e-01    1.29e-01    3.5e-06
  59900      3.40e-01    8.59e-01      8.66e-05    7.05e-04      1.60e-01    4.03e-01    3.5e-06
  60000      2.68e-01    2.78e-01      1.04e-04    6.54e-04      1.25e-01    1.30e-01    3.5e-06
  60100      2.40e-01    2.82e-01      4.40e-04    3.05e-04      1.36e-01    1.59e-01    2.1e-06
  60200      2.30e-01    2.29e-01      1.13e-03    3.36e-04      1.29e-01    1.29e-01    2.1e-06
  60300      5.88e-01    2.44e-01      1.04e-03    1.24e-04      3.32e-01    1.38e-01    2.1e-06
  60400      4.74e-01    2.86e-01      9.20e-05    4.30e-06      2.68e-01    1.62e-01    2.1e-06
  60500      2.62e-01    7.32e-01      2.40e-04    3.09e-04      1.48e-01    4.14e-01    2.1e-06
  60600      3.69e-01    2.50e-01      1.77e-04    9.17e-04      2.09e-01    1.41e-01    2.1e-06
  60700      2.25e-01    6.89e-01      4.49e-04    3.68e-04      1.27e-01    3.90e-01    2.1e-06
  60800      2.22e-01    2.29e-01      3.66e-04    4.90e-05      1.26e-01    1.29e-01    2.1e-06
  60900      2.45e-01    2.81e-01      3.08e-04    2.37e-04      1.39e-01    1.59e-01    2.1e-06
  61000      2.33e-01    2.30e-01      2.42e-04    7.94e-04      1.32e-01    1.30e-01    2.1e-06
  61100      2.24e-01    2.22e-01      6.52e-04    6.55e-04      1.27e-01    1.26e-01    2.1e-06
  61200      2.46e-01    2.29e-01      2.07e-04    2.34e-04      1.39e-01    1.30e-01    2.1e-06
  61300      3.54e-01    2.24e-01      1.16e-04    1.09e-03      2.01e-01    1.26e-01    2.1e-06
  61400      6.67e-01    2.16e-01      7.59e-05    1.06e-04      3.77e-01    1.22e-01    2.1e-06
  61500      2.25e-01    2.23e-01      2.58e-04    6.77e-04      1.27e-01    1.26e-01    2.1e-06
  61600      3.61e-01    6.88e-01      4.83e-04    1.84e-06      2.04e-01    3.89e-01    2.1e-06
  61700      2.40e-01    3.04e-01      2.30e-04    5.36e-04      1.36e-01    1.72e-01    2.1e-06
  61800      2.67e-01    2.31e-01      3.29e-04    2.55e-04      1.51e-01    1.31e-01    2.1e-06
  61900      3.06e-01    2.21e-01      3.00e-04    4.73e-04      1.73e-01    1.25e-01    2.1e-06
  62000      3.18e-01    2.20e-01      1.18e-03    2.17e-04      1.79e-01    1.24e-01    2.1e-06
  62100      2.27e-01    2.30e-01      3.47e-05    5.92e-04      1.28e-01    1.30e-01    2.1e-06
  62200      2.23e-01    3.92e-01      2.44e-04    2.66e-04      1.26e-01    2.22e-01    2.1e-06
  62300      2.46e-01    6.95e-01      5.51e-05    7.14e-04      1.39e-01    3.93e-01    2.1e-06
  62400      2.85e-01    2.29e-01      1.05e-04    4.96e-04      1.61e-01    1.30e-01    2.1e-06
  62500      2.40e-01    2.18e-01      2.82e-04    2.70e-04      1.36e-01    1.23e-01    2.1e-06
  62600      3.85e-01    2.28e-01      1.18e-04    9.69e-05      2.18e-01    1.29e-01    2.1e-06
  62700      2.78e-01    2.26e-01      3.08e-04    1.36e-04      1.57e-01    1.28e-01    2.1e-06
  62800      3.97e-01    2.25e-01      4.42e-04    5.03e-04      2.25e-01    1.27e-01    2.1e-06
  62900      3.90e-01    2.64e-01      1.39e-03    9.07e-04      2.20e-01    1.49e-01    2.1e-06
  63000      2.29e-01    2.18e-01      3.39e-04    4.56e-04      1.30e-01    1.23e-01    2.1e-06
  63100      3.83e-01    2.28e-01      6.89e-04    1.01e-03      2.17e-01    1.29e-01    2.1e-06
  63200      3.87e-01    2.54e-01      8.65e-04    1.21e-03      2.19e-01    1.43e-01    2.1e-06
  63300      2.27e-01    6.89e-01      7.61e-04    2.69e-04      1.28e-01    3.90e-01    2.1e-06
  63400      2.18e-01    2.29e-01      6.37e-04    1.12e-03      1.23e-01    1.29e-01    2.1e-06
  63500      4.47e-01    2.12e-01      5.99e-04    4.80e-05      2.53e-01    1.20e-01    2.1e-06
  63600      2.26e-01    4.83e-01      3.79e-05    1.39e-03      1.28e-01    2.73e-01    2.1e-06
  63700      2.74e-01    2.22e-01      2.57e-04    7.83e-04      1.55e-01    1.26e-01    2.1e-06
  63800      4.22e-01    2.14e-01      2.90e-04    1.66e-04      2.39e-01    1.21e-01    2.1e-06
  63900      2.26e-01    2.87e-01      3.99e-04    1.24e-03      1.28e-01    1.62e-01    2.1e-06
  64000      2.19e-01    2.71e-01      1.29e-03    3.91e-04      1.23e-01    1.54e-01    2.1e-06
  64100      2.24e-01    2.26e-01      2.86e-04    3.43e-04      1.27e-01    1.28e-01    2.1e-06
  64200      3.22e-01    2.43e-01      6.76e-04    4.10e-04      1.82e-01    1.38e-01    2.1e-06
  64300      4.24e-01    2.28e-01      2.58e-04    5.07e-04      2.40e-01    1.29e-01    2.1e-06
  64400      2.30e-01    2.12e-01      2.67e-04    8.94e-05      1.30e-01    1.20e-01    2.1e-06
  64500      3.50e-01    6.44e-01      2.29e-04    5.09e-04      1.98e-01    3.65e-01    2.1e-06
  64600      2.20e-01    2.18e-01      1.02e-03    1.52e-03      1.24e-01    1.22e-01    2.1e-06
  64700      2.23e-01    2.22e-01      3.84e-04    1.58e-04      1.26e-01    1.25e-01    2.1e-06
  64800      3.46e-01    2.59e-01      1.06e-04    2.91e-04      1.96e-01    1.47e-01    2.1e-06
  64900      5.61e-01    2.28e-01      7.26e-04    2.44e-04      3.17e-01    1.29e-01    2.1e-06
  65000      2.33e-01    2.32e-01      1.47e-04    6.48e-04      1.32e-01    1.31e-01    2.1e-06
  65100      2.15e-01    1.90e-01      1.30e-04    1.38e-04      1.42e-01    1.26e-01    1.3e-06
  65200      1.86e-01    2.36e-01      5.47e-05    1.46e-04      1.24e-01    1.56e-01    1.3e-06
  65300      2.40e-01    1.88e-01      1.64e-04    8.17e-05      1.59e-01    1.25e-01    1.3e-06
  65400      2.53e-01    3.99e-01      2.84e-04    1.85e-04      1.68e-01    2.65e-01    1.3e-06
  65500      4.15e-01    2.66e-01      4.27e-04    7.58e-05      2.76e-01    1.77e-01    1.3e-06
  65600      2.72e-01    6.54e-01      6.94e-05    5.77e-04      1.81e-01    4.34e-01    1.3e-06
  65700      3.05e-01    1.90e-01      2.14e-04    8.67e-04      2.02e-01    1.25e-01    1.3e-06
  65800      3.76e-01    2.31e-01      3.40e-04    1.05e-04      2.49e-01    1.54e-01    1.3e-06
  65900      2.09e-01    1.95e-01      1.28e-04    9.54e-04      1.39e-01    1.29e-01    1.3e-06
  66000      1.92e-01    2.08e-01      2.15e-04    6.64e-04      1.27e-01    1.38e-01    1.3e-06
  66100      2.11e-01    2.38e-01      2.86e-04    1.10e-04      1.40e-01    1.58e-01    1.3e-06
  66200      2.06e-01    1.86e-01      2.31e-04    6.74e-04      1.37e-01    1.23e-01    1.3e-06
  66300      2.17e-01    4.84e-01      1.93e-04    6.27e-04      1.44e-01    3.21e-01    1.3e-06
  66400      2.60e-01    1.82e-01      1.86e-04    6.09e-04      1.72e-01    1.21e-01    1.3e-06
  66500      3.74e-01    1.92e-01      1.87e-04    3.52e-04      2.48e-01    1.27e-01    1.3e-06
  66600      4.20e-01    1.87e-01      8.17e-04    4.24e-04      2.79e-01    1.24e-01    1.3e-06
  66700      2.51e-01    3.14e-01      2.67e-04    2.05e-04      1.67e-01    2.08e-01    1.3e-06
  66800      2.05e-01    1.95e-01      1.43e-04    3.17e-04      1.36e-01    1.30e-01    1.3e-06
  66900      1.96e-01    1.89e-01      2.07e-04    3.69e-04      1.30e-01    1.25e-01    1.3e-06
  67000      1.99e-01    1.96e-01      2.25e-04    2.23e-05      1.32e-01    1.30e-01    1.3e-06
  67100      1.92e-01    2.53e-01      3.68e-05    2.21e-04      1.28e-01    1.68e-01    1.3e-06
  67200      1.92e-01    1.85e-01      5.89e-05    3.08e-04      1.27e-01    1.23e-01    1.3e-06
  67300      2.13e-01    1.91e-01      3.25e-04    7.18e-04      1.41e-01    1.26e-01    1.3e-06
  67400      2.91e-01    1.94e-01      1.71e-04    3.98e-04      1.93e-01    1.28e-01    1.3e-06
  67500      4.02e-01    1.85e-01      9.34e-05    2.36e-04      2.67e-01    1.23e-01    1.3e-06
  67600      2.70e-01    1.90e-01      6.62e-04    4.53e-05      1.79e-01    1.26e-01    1.3e-06
  67700      2.08e-01    7.22e-01      1.65e-04    6.56e-04      1.38e-01    4.79e-01    1.3e-06
  67800      2.24e-01    1.92e-01      4.33e-04    4.91e-04      1.48e-01    1.27e-01    1.3e-06
  67900      1.94e-01    2.67e-01      3.62e-04    8.64e-05      1.29e-01    1.77e-01    1.3e-06
  68000      3.81e-01    1.89e-01      3.61e-04    3.79e-04      2.52e-01    1.25e-01    1.3e-06
  68100      1.97e-01    2.01e-01      1.68e-04    3.46e-05      1.31e-01    1.33e-01    1.3e-06
  68200      1.96e-01    1.97e-01      1.55e-04    1.34e-04      1.30e-01    1.31e-01    1.3e-06
  68300      5.20e-01    1.95e-01      3.57e-04    9.27e-05      3.45e-01    1.29e-01    1.3e-06
  68400      2.73e-01    1.90e-01      1.08e-03    3.10e-04      1.80e-01    1.26e-01    1.3e-06
  68500      2.03e-01    1.91e-01      4.64e-04    1.75e-04      1.35e-01    1.27e-01    1.3e-06
  68600      1.91e-01    1.88e-01      4.15e-04    4.54e-04      1.27e-01    1.25e-01    1.3e-06
  68700      2.21e-01    1.89e-01      4.17e-04    1.13e-04      1.47e-01    1.26e-01    1.3e-06
  68800      6.47e-01    1.95e-01      8.04e-05    5.51e-04      4.29e-01    1.29e-01    1.3e-06
  68900      1.96e-01    1.99e-01      9.82e-05    4.74e-05      1.30e-01    1.32e-01    1.3e-06
  69000      2.15e-01    1.96e-01      3.33e-04    9.31e-04      1.42e-01    1.29e-01    1.3e-06
  69100      2.04e-01    2.26e-01      3.38e-04    1.20e-03      1.35e-01    1.49e-01    1.3e-06
  69200      2.83e-01    2.25e-01      2.49e-04    2.05e-04      1.88e-01    1.50e-01    1.3e-06
  69300      3.21e-01    1.87e-01      2.38e-04    3.98e-04      2.13e-01    1.24e-01    1.3e-06
  69400      1.99e-01    1.91e-01      1.78e-04    4.80e-04      1.32e-01    1.26e-01    1.3e-06
  69500      2.10e-01    4.12e-01      3.60e-04    4.87e-04      1.39e-01    2.73e-01    1.3e-06
  69600      2.62e-01    1.91e-01      4.76e-04    2.23e-04      1.74e-01    1.27e-01    1.3e-06
  69700      2.22e-01    1.98e-01      5.10e-04    5.33e-04      1.47e-01    1.31e-01    1.3e-06
  69800      3.51e-01    1.90e-01      2.17e-04    4.33e-04      2.33e-01    1.26e-01    1.3e-06
  69900      2.52e-01    2.25e-01      1.34e-04    7.24e-04      1.67e-01    1.49e-01    1.3e-06
  70000      2.06e-01    1.05e+00      6.98e-05    2.00e-04      1.37e-01    6.98e-01    1.3e-06
  70100      2.88e-01    1.63e-01      1.63e-04    1.97e-04      2.17e-01    1.23e-01    7.6e-07
  70200      1.68e-01    3.01e-01      2.24e-04    5.62e-04      1.27e-01    2.26e-01    7.6e-07
  70300      1.77e-01    3.41e-01      3.76e-04    4.31e-04      1.33e-01    2.57e-01    7.6e-07
  70400      3.49e-01    2.24e-01      3.42e-04    1.02e-03      2.63e-01    1.68e-01    7.6e-07
  70500      1.69e-01    1.65e-01      4.44e-05    3.44e-04      1.27e-01    1.24e-01    7.6e-07
  70600      1.74e-01    1.85e-01      7.47e-04    2.55e-04      1.31e-01    1.40e-01    7.6e-07
  70700      3.06e-01    1.67e-01      1.65e-04    4.66e-04      2.30e-01    1.26e-01    7.6e-07
  70800      1.70e-01    1.74e-01      8.04e-04    8.98e-04      1.28e-01    1.31e-01    7.6e-07
  70900      3.62e-01    1.84e-01      3.81e-04    1.11e-03      2.73e-01    1.37e-01    7.6e-07
  71000      1.78e-01    1.64e-01      1.22e-04    2.76e-04      1.34e-01    1.23e-01    7.6e-07
  71100      1.91e-01    1.71e-01      2.01e-04    5.79e-04      1.44e-01    1.29e-01    7.6e-07
  71200      3.06e-01    2.44e-01      3.04e-04    2.91e-04      2.31e-01    1.84e-01    7.6e-07
  71300      2.37e-01    4.24e-01      8.42e-04    3.23e-05      1.78e-01    3.20e-01    7.6e-07
  71400      2.00e-01    1.73e-01      1.20e-04    7.26e-06      1.50e-01    1.30e-01    7.6e-07
  71500      1.71e-01    1.67e-01      8.05e-04    7.92e-04      1.28e-01    1.25e-01    7.6e-07
  71600      1.80e-01    1.66e-01      4.39e-05    8.59e-05      1.36e-01    1.25e-01    7.6e-07
  71700      1.68e-01    1.75e-01      2.88e-04    3.08e-04      1.26e-01    1.32e-01    7.6e-07
  71800      1.72e-01    1.80e-01      1.40e-04    4.67e-04      1.29e-01    1.35e-01    7.6e-07
  71900      1.75e-01    1.69e-01      1.77e-04    1.55e-04      1.32e-01    1.27e-01    7.6e-07
  72000      2.26e-01    2.57e-01      2.33e-04    1.68e-04      1.71e-01    1.94e-01    7.6e-07
  72100      1.70e-01    1.74e-01      1.34e-04    5.62e-05      1.28e-01    1.31e-01    7.6e-07
  72200      2.01e-01    2.15e-01      2.09e-04    1.72e-04      1.52e-01    1.62e-01    7.6e-07
  72300      1.73e-01    1.72e-01      1.31e-04    2.39e-05      1.31e-01    1.30e-01    7.6e-07
  72400      2.84e-01    9.61e-01      3.46e-04    1.40e-04      2.14e-01    7.24e-01    7.6e-07
  72500      1.69e-01    1.76e-01      9.79e-05    4.14e-04      1.27e-01    1.32e-01    7.6e-07
  72600      4.08e-01    4.84e-01      8.12e-05    6.32e-04      3.08e-01    3.64e-01    7.6e-07
  72700      1.66e-01    2.96e-01      6.03e-04    5.80e-04      1.25e-01    2.23e-01    7.6e-07
  72800      1.78e-01    3.52e-01      3.01e-04    2.97e-04      1.34e-01    2.65e-01    7.6e-07
  72900      1.85e-01    1.67e-01      1.20e-04    5.31e-05      1.39e-01    1.26e-01    7.6e-07
  73000      3.55e-01    4.03e-01      5.79e-04    7.20e-04      2.68e-01    3.04e-01    7.6e-07
  73100      2.19e-01    5.22e-01      7.01e-04    8.83e-05      1.65e-01    3.93e-01    7.6e-07
  73200      2.36e-01    1.98e-01      2.41e-04    1.02e-04      1.78e-01    1.49e-01    7.6e-07
  73300      1.67e-01    1.98e-01      4.69e-04    1.12e-04      1.26e-01    1.49e-01    7.6e-07
  73400      1.85e-01    1.71e-01      1.64e-04    2.42e-04      1.39e-01    1.29e-01    7.6e-07
  73500      1.68e-01    1.75e-01      5.15e-05    3.93e-04      1.26e-01    1.32e-01    7.6e-07
  73600      2.71e-01    1.70e-01      4.15e-05    3.40e-04      2.04e-01    1.28e-01    7.6e-07
  73700      1.87e-01    1.68e-01      1.73e-04    3.61e-04      1.41e-01    1.27e-01    7.6e-07
  73800      2.53e-01    1.84e-01      1.73e-04    4.27e-04      1.91e-01    1.38e-01    7.6e-07
  73900      1.85e-01    1.71e-01      3.76e-04    7.59e-04      1.39e-01    1.29e-01    7.6e-07
  74000      3.41e-01    1.70e-01      3.67e-04    2.08e-04      2.57e-01    1.28e-01    7.6e-07
  74100      1.68e-01    1.62e-01      4.36e-04    3.56e-04      1.26e-01    1.22e-01    7.6e-07
  74200      2.26e-01    1.71e-01      3.14e-04    2.25e-04      1.70e-01    1.29e-01    7.6e-07
  74300      1.76e-01    1.65e-01      2.14e-04    8.31e-05      1.33e-01    1.24e-01    7.6e-07
  74400      3.35e-01    1.93e-01      3.04e-04    5.59e-04      2.52e-01    1.46e-01    7.6e-07
  74500      1.69e-01    2.33e-01      1.79e-04    2.62e-04      1.27e-01    1.76e-01    7.6e-07
  74600      1.85e-01    1.94e-01      2.01e-04    4.54e-04      1.40e-01    1.46e-01    7.6e-07
  74700      1.68e-01    2.06e-01      1.46e-04    1.59e-04      1.27e-01    1.55e-01    7.6e-07
  74800      2.03e-01    1.63e-01      7.02e-05    2.03e-04      1.53e-01    1.23e-01    7.6e-07
  74900      2.82e-01    1.61e-01      3.77e-04    1.42e-05      2.13e-01    1.21e-01    7.6e-07
  75000      2.56e-01    1.63e-01      8.92e-05    2.31e-04      1.93e-01    1.23e-01    7.6e-07
  75100      1.67e-01    1.96e-01      1.21e-04    3.79e-04      1.38e-01    1.63e-01    4.6e-07
  75200      1.85e-01    1.49e-01      8.12e-05    1.55e-04      1.53e-01    1.23e-01    4.6e-07
  75300      1.52e-01    2.13e-01      2.73e-04    1.98e-04      1.26e-01    1.77e-01    4.6e-07
  75400      1.67e-01    1.56e-01      4.54e-04    4.06e-04      1.39e-01    1.29e-01    4.6e-07
  75500      1.56e-01    1.53e-01      5.36e-04    2.72e-04      1.29e-01    1.27e-01    4.6e-07
  75600      1.48e-01    1.55e-01      2.88e-05    1.57e-05      1.23e-01    1.29e-01    4.6e-07
  75700      2.10e-01    1.45e-01      8.49e-05    2.42e-04      1.74e-01    1.20e-01    4.6e-07
  75800      2.73e-01    2.17e-01      1.41e-04    2.20e-04      2.26e-01    1.80e-01    4.6e-07
  75900      2.44e-01    1.48e-01      1.60e-04    1.20e-04      2.02e-01    1.23e-01    4.6e-07
  76000      1.54e-01    1.51e-01      1.38e-04    5.23e-04      1.27e-01    1.25e-01    4.6e-07
  76100      1.53e-01    1.91e-01      1.79e-04    1.90e-04      1.27e-01    1.58e-01    4.6e-07
  76200      2.73e-01    1.67e-01      5.17e-04    2.10e-04      2.26e-01    1.39e-01    4.6e-07
  76300      1.64e-01    1.51e-01      1.21e-04    2.27e-04      1.36e-01    1.25e-01    4.6e-07
  76400      1.52e-01    1.49e-01      1.81e-04    2.14e-04      1.26e-01    1.23e-01    4.6e-07
  76500      1.53e-01    1.55e-01      5.50e-04    1.40e-04      1.27e-01    1.29e-01    4.6e-07
  76600      2.50e-01    1.51e-01      3.55e-04    4.24e-04      2.07e-01    1.25e-01    4.6e-07
  76700      2.79e-01    2.16e-01      4.49e-05    2.94e-04      2.31e-01    1.79e-01    4.6e-07
  76800      1.65e-01    1.67e-01      4.55e-04    1.36e-04      1.37e-01    1.38e-01    4.6e-07
  76900      2.30e-01    1.55e-01      1.23e-04    2.59e-04      1.91e-01    1.29e-01    4.6e-07
  77000      1.48e-01    3.67e-01      4.66e-05    1.54e-04      1.23e-01    3.04e-01    4.6e-07
  77100      1.74e-01    4.74e-01      1.43e-04    3.63e-04      1.44e-01    3.93e-01    4.6e-07
  77200      1.56e-01    2.69e-01      1.55e-04    2.91e-04      1.29e-01    2.23e-01    4.6e-07
  77300      1.56e-01    1.47e-01      2.69e-04    2.35e-07      1.29e-01    1.22e-01    4.6e-07
  77400      3.17e-01    1.89e-01      3.46e-04    3.80e-04      2.62e-01    1.56e-01    4.6e-07
  77500      1.75e-01    1.55e-01      2.19e-04    1.96e-04      1.45e-01    1.28e-01    4.6e-07
  77600      2.14e-01    3.83e-01      8.64e-04    4.81e-04      1.77e-01    3.17e-01    4.6e-07
  77700      1.50e-01    1.54e-01      1.18e-04    1.61e-04      1.25e-01    1.27e-01    4.6e-07
  77800      1.73e-01    1.54e-01      4.43e-04    4.59e-04      1.43e-01    1.28e-01    4.6e-07
  77900      1.54e-01    1.47e-01      2.54e-04    6.51e-04      1.27e-01    1.21e-01    4.6e-07
  78000      1.60e-01    1.47e-01      4.65e-04    3.93e-04      1.32e-01    1.22e-01    4.6e-07
  78100      2.48e-01    3.67e-01      8.80e-05    6.70e-04      2.06e-01    3.04e-01    4.6e-07
  78200      1.70e-01    1.53e-01      2.54e-04    4.85e-05      1.41e-01    1.27e-01    4.6e-07
  78300      1.48e-01    1.56e-01      1.43e-04    1.91e-05      1.23e-01    1.29e-01    4.6e-07
  78400      1.68e-01    1.46e-01      7.58e-05    1.43e-04      1.39e-01    1.21e-01    4.6e-07
  78500      1.52e-01    1.51e-01      3.48e-04    3.26e-04      1.26e-01    1.25e-01    4.6e-07
  78600      1.59e-01    1.71e-01      3.74e-04    2.93e-04      1.32e-01    1.42e-01    4.6e-07
  78700      1.55e-01    4.69e-01      6.83e-04    4.62e-04      1.28e-01    3.89e-01    4.6e-07
  78800      3.99e-01    1.46e-01      2.66e-04    2.30e-04      3.31e-01    1.21e-01    4.6e-07
  78900      1.56e-01    1.58e-01      3.65e-04    2.25e-04      1.30e-01    1.31e-01    4.6e-07
  79000      2.70e-01    1.88e-01      1.35e-04    4.57e-04      2.24e-01    1.55e-01    4.6e-07
  79100      4.44e-01    4.39e-01      4.56e-04    7.32e-05      3.68e-01    3.64e-01    4.6e-07
  79200      2.21e-01    1.49e-01      3.02e-04    3.38e-04      1.83e-01    1.23e-01    4.6e-07
  79300      2.29e-01    4.18e-01      1.41e-04    7.63e-05      1.90e-01    3.46e-01    4.6e-07
  79400      2.20e-01    1.48e-01      8.14e-05    1.79e-04      1.82e-01    1.23e-01    4.6e-07
  79500      2.42e-01    1.53e-01      1.40e-04    1.80e-05      2.00e-01    1.27e-01    4.6e-07
  79600      1.50e-01    1.88e-01      2.90e-04    8.15e-05      1.24e-01    1.56e-01    4.6e-07
  79700      1.65e-01    1.58e-01      1.98e-04    4.70e-04      1.36e-01    1.31e-01    4.6e-07
  79800      2.14e-01    1.91e-01      2.81e-04    7.56e-05      1.77e-01    1.58e-01    4.6e-07
  79900      2.57e-01    1.55e-01      4.18e-04    8.15e-05      2.13e-01    1.29e-01    4.6e-07
  80000      3.90e-01    1.56e-01      1.73e-04    4.92e-04      3.23e-01    1.29e-01    4.6e-07
  80100      1.44e-01    1.40e-01      1.97e-04    7.57e-05      1.27e-01    1.24e-01    2.7e-07
  80200      1.46e-01    1.42e-01      2.31e-04    6.25e-05      1.29e-01    1.26e-01    2.7e-07
  80300      2.28e-01    5.31e-01      1.41e-04    3.58e-04      2.02e-01    4.71e-01    2.7e-07
  80400      2.54e-01    1.42e-01      1.31e-04    2.88e-04      2.25e-01    1.25e-01    2.7e-07
  80500      1.45e-01    1.43e-01      3.09e-04    4.73e-04      1.28e-01    1.27e-01    2.7e-07
  80600      1.41e-01    1.46e-01      1.04e-04    1.04e-04      1.25e-01    1.29e-01    2.7e-07
  80700      1.43e-01    1.60e-01      1.96e-04    5.49e-04      1.27e-01    1.42e-01    2.7e-07
  80800      1.42e-01    3.62e-01      3.98e-04    5.13e-04      1.26e-01    3.21e-01    2.7e-07
  80900      2.52e-01    1.56e-01      2.12e-04    2.40e-04      2.24e-01    1.38e-01    2.7e-07
  81000      1.50e-01    2.03e-01      1.80e-04    5.40e-04      1.33e-01    1.79e-01    2.7e-07
  81100      1.38e-01    1.45e-01      1.19e-04    1.25e-04      1.23e-01    1.29e-01    2.7e-07
  81200      3.56e-01    1.53e-01      6.28e-05    3.16e-04      3.16e-01    1.35e-01    2.7e-07
  81300      1.43e-01    1.38e-01      1.58e-04    4.54e-06      1.27e-01    1.22e-01    2.7e-07
  81400      1.42e-01    1.44e-01      3.94e-04    3.85e-04      1.26e-01    1.27e-01    2.7e-07
  81500      1.58e-01    3.91e-01      1.03e-04    2.50e-04      1.40e-01    3.46e-01    2.7e-07
  81600      1.42e-01    1.41e-01      1.16e-04    1.38e-04      1.26e-01    1.25e-01    2.7e-07
  81700      1.43e-01    2.19e-01      1.76e-04    2.60e-04      1.26e-01    1.94e-01    2.7e-07
  81800      3.65e-01    1.44e-01      1.02e-04    1.04e-05      3.24e-01    1.27e-01    2.7e-07
  81900      1.44e-01    1.40e-01      9.78e-05    3.83e-04      1.27e-01    1.24e-01    2.7e-07
  82000      1.95e-01    1.41e-01      3.21e-04    3.10e-04      1.73e-01    1.25e-01    2.7e-07
  82100      2.06e-01    1.43e-01      9.87e-05    3.50e-05      1.83e-01    1.27e-01    2.7e-07
  82200      1.43e-01    1.41e-01      3.53e-04    5.98e-05      1.26e-01    1.25e-01    2.7e-07
  82300      1.42e-01    3.00e-01      3.51e-04    3.80e-04      1.26e-01    2.66e-01    2.7e-07
  82400      1.42e-01    4.67e-01      1.86e-04    3.86e-05      1.26e-01    4.14e-01    2.7e-07
  82500      3.00e-01    1.44e-01      1.24e-04    1.56e-04      2.66e-01    1.28e-01    2.7e-07
  82600      1.43e-01    1.49e-01      1.22e-04    2.08e-04      1.27e-01    1.32e-01    2.7e-07
  82700      3.12e-01    2.35e-01      1.81e-04    6.70e-06      2.76e-01    2.08e-01    2.7e-07
  82800      4.03e-01    1.41e-01      4.54e-04    3.58e-04      3.57e-01    1.25e-01    2.7e-07
  82900      1.43e-01    1.49e-01      2.90e-04    2.41e-04      1.27e-01    1.32e-01    2.7e-07
  83000      2.38e-01    1.41e-01      1.97e-04    2.26e-04      2.11e-01    1.25e-01    2.7e-07
  83100      1.78e-01    2.52e-01      6.21e-05    5.05e-04      1.58e-01    2.23e-01    2.7e-07
  83200      1.43e-01    1.37e-01      4.21e-04    1.01e-04      1.27e-01    1.21e-01    2.7e-07
  83300      2.28e-01    1.41e-01      4.07e-04    3.89e-04      2.02e-01    1.25e-01    2.7e-07
  83400      1.96e-01    1.94e-01      1.12e-04    7.29e-05      1.73e-01    1.72e-01    2.7e-07
  83500      1.59e-01    1.42e-01      8.95e-05    4.67e-05      1.41e-01    1.26e-01    2.7e-07
  83600      1.51e-01    1.46e-01      5.85e-05    2.28e-05      1.34e-01    1.29e-01    2.7e-07
  83700      1.41e-01    1.42e-01      4.38e-05    3.18e-05      1.25e-01    1.26e-01    2.7e-07
  83800      1.73e-01    1.67e-01      4.35e-04    3.32e-04      1.53e-01    1.48e-01    2.7e-07
  83900      1.48e-01    4.44e-01      1.61e-04    3.38e-04      1.31e-01    3.93e-01    2.7e-07
  84000      1.90e-01    4.55e-01      1.56e-04    7.57e-05      1.68e-01    4.03e-01    2.7e-07
  84100      1.44e-01    1.94e-01      3.07e-05    3.77e-04      1.28e-01    1.72e-01    2.7e-07
  84200      1.59e-01    2.99e-01      3.77e-04    5.17e-04      1.41e-01    2.65e-01    2.7e-07
  84300      1.56e-01    1.42e-01      1.84e-04    2.05e-04      1.38e-01    1.26e-01    2.7e-07
  84400      2.39e-01    2.02e-01      1.24e-04    3.80e-04      2.12e-01    1.79e-01    2.7e-07
  84500      2.39e-01    1.98e-01      1.87e-04    8.93e-05      2.12e-01    1.75e-01    2.7e-07
  84600      1.44e-01    1.44e-01      2.60e-04    2.86e-04      1.28e-01    1.27e-01    2.7e-07
  84700      1.44e-01    4.11e-01      2.32e-04    5.36e-04      1.27e-01    3.64e-01    2.7e-07
  84800      1.62e-01    1.48e-01      3.65e-04    1.11e-04      1.44e-01    1.31e-01    2.7e-07
  84900      1.75e-01    1.79e-01      7.92e-05    4.78e-04      1.55e-01    1.58e-01    2.7e-07
  85000      1.49e-01    1.43e-01      4.16e-04    1.75e-04      1.32e-01    1.27e-01    2.7e-07
  85100      1.44e-01    1.41e-01      2.33e-04    3.78e-04      1.34e-01    1.31e-01    1.6e-07
  85200      1.74e-01    1.40e-01      2.42e-04    6.93e-05      1.61e-01    1.30e-01    1.6e-07
  85300      2.37e-01    4.34e-01      9.17e-05    2.10e-04      2.20e-01    4.03e-01    1.6e-07
  85400      2.36e-01    1.37e-01      1.03e-04    1.34e-04      2.19e-01    1.27e-01    1.6e-07
  85500      1.52e-01    1.39e-01      2.06e-04    1.15e-05      1.41e-01    1.29e-01    1.6e-07
  85600      1.38e-01    1.35e-01      2.26e-04    3.96e-04      1.28e-01    1.25e-01    1.6e-07
  85700      1.37e-01    7.81e-01      3.48e-04    1.27e-04      1.27e-01    7.24e-01    1.6e-07
  85800      2.68e-01    3.06e-01      3.49e-04    7.55e-05      2.48e-01    2.84e-01    1.6e-07
  85900      1.34e-01    1.36e-01      1.26e-04    1.91e-04      1.25e-01    1.26e-01    1.6e-07
  86000      2.36e-01    1.38e-01      3.05e-04    1.78e-04      2.19e-01    1.28e-01    1.6e-07
  86100      1.36e-01    1.70e-01      1.55e-04    1.75e-04      1.26e-01    1.58e-01    1.6e-07
  86200      1.44e-01    1.48e-01      1.05e-04    4.27e-04      1.34e-01    1.37e-01    1.6e-07
  86300      2.10e-01    1.65e-01      1.78e-04    1.76e-04      1.94e-01    1.53e-01    1.6e-07
  86400      1.44e-01    1.58e-01      2.01e-04    2.18e-04      1.33e-01    1.46e-01    1.6e-07
  86500      1.36e-01    4.35e-01      7.06e-05    2.17e-04      1.26e-01    4.03e-01    1.6e-07
  86600      1.52e-01    3.57e-01      7.48e-05    4.34e-04      1.41e-01    3.31e-01    1.6e-07
  86700      2.11e-01    1.77e-01      2.14e-04    5.96e-05      1.95e-01    1.64e-01    1.6e-07
  86800      1.44e-01    1.32e-01      3.49e-04    7.45e-05      1.33e-01    1.23e-01    1.6e-07
  86900      2.29e-01    1.34e-01      5.83e-05    9.29e-05      2.12e-01    1.24e-01    1.6e-07
  87000      1.38e-01    2.86e-01      6.87e-05    4.08e-05      1.28e-01    2.65e-01    1.6e-07
  87100      1.56e-01    1.41e-01      1.50e-04    2.15e-04      1.45e-01    1.30e-01    1.6e-07
  87200      1.57e-01    1.50e-01      3.85e-04    1.43e-05      1.46e-01    1.39e-01    1.6e-07
  87300      1.39e-01    1.33e-01      2.49e-04    4.86e-04      1.29e-01    1.23e-01    1.6e-07
  87400      2.62e-01    1.33e-01      2.11e-04    2.61e-04      2.43e-01    1.23e-01    1.6e-07
  87500      1.41e-01    1.39e-01      1.81e-04    1.42e-04      1.31e-01    1.29e-01    1.6e-07
  87600      2.06e-01    1.34e-01      1.49e-04    2.17e-04      1.91e-01    1.24e-01    1.6e-07
  87700      1.38e-01    1.49e-01      5.68e-05    2.68e-04      1.28e-01    1.38e-01    1.6e-07
  87800      1.77e-01    2.25e-01      2.93e-04    3.94e-04      1.64e-01    2.08e-01    1.6e-07
  87900      1.47e-01    1.36e-01      2.96e-04    2.87e-04      1.37e-01    1.26e-01    1.6e-07
  88000      2.07e-01    1.41e-01      3.40e-05    2.61e-04      1.92e-01    1.30e-01    1.6e-07
  88100      1.37e-01    1.30e-01      1.47e-04    1.32e-04      1.27e-01    1.21e-01    1.6e-07
  88200      2.67e-01    1.31e-01      1.65e-04    2.29e-04      2.48e-01    1.21e-01    1.6e-07
  88300      2.34e-01    1.42e-01      1.22e-04    3.09e-05      2.17e-01    1.32e-01    1.6e-07
  88400      1.55e-01    1.32e-01      1.46e-04    6.27e-06      1.43e-01    1.22e-01    1.6e-07
  88500      4.47e-01    1.66e-01      8.63e-05    5.16e-04      4.14e-01    1.53e-01    1.6e-07
  88600      3.45e-01    2.86e-01      1.30e-04    1.71e-04      3.20e-01    2.65e-01    1.6e-07
  88700      1.49e-01    1.31e-01      1.76e-04    1.66e-04      1.38e-01    1.22e-01    1.6e-07
  88800      2.45e-01    1.63e-01      1.36e-04    1.06e-04      2.27e-01    1.51e-01    1.6e-07
  88900      2.40e-01    1.69e-01      1.90e-04    7.79e-05      2.22e-01    1.56e-01    1.6e-07
  89000      1.42e-01    1.36e-01      6.82e-05    3.34e-05      1.32e-01    1.26e-01    1.6e-07
  89100      1.37e-01    1.44e-01      1.16e-04    8.11e-05      1.27e-01    1.34e-01    1.6e-07
  89200      1.33e-01    2.25e-01      1.23e-04    1.61e-04      1.23e-01    2.08e-01    1.6e-07
  89300      1.41e-01    1.39e-01      1.33e-04    1.05e-04      1.31e-01    1.29e-01    1.6e-07
  89400      2.47e-01    7.81e-01      1.78e-04    3.47e-04      2.29e-01    7.24e-01    1.6e-07
  89500      1.46e-01    1.35e-01      1.86e-04    2.69e-04      1.36e-01    1.25e-01    1.6e-07
  89600      1.39e-01    1.39e-01      1.10e-04    3.95e-05      1.29e-01    1.29e-01    1.6e-07
  89700      2.41e-01    1.37e-01      5.31e-05    5.98e-05      2.23e-01    1.27e-01    1.6e-07
  89800      3.42e-01    1.36e-01      1.03e-04    1.16e-04      3.17e-01    1.26e-01    1.6e-07
  89900      1.82e-01    1.33e-01      1.25e-04    2.64e-04      1.68e-01    1.23e-01    1.6e-07
  90000      1.62e-01    1.60e-01      3.10e-05    1.76e-04      1.50e-01    1.48e-01    1.6e-07
  90100      2.84e-01    1.34e-01      4.30e-04    2.47e-04      2.71e-01    1.28e-01    9.8e-08
  90200      1.44e-01    1.32e-01      1.94e-04    4.53e-05      1.37e-01    1.26e-01    9.8e-08
  90300      1.33e-01    1.85e-01      8.91e-05    6.57e-05      1.27e-01    1.77e-01    9.8e-08
  90400      2.54e-01    1.47e-01      1.38e-04    5.14e-04      2.42e-01    1.40e-01    9.8e-08
  90500      2.43e-01    1.29e-01      3.39e-04    1.80e-04      2.32e-01    1.23e-01    9.8e-08
  90600      1.39e-01    1.32e-01      2.19e-04    1.96e-04      1.33e-01    1.26e-01    9.8e-08
  90700      1.33e-01    1.31e-01      1.10e-04    2.46e-04      1.27e-01    1.25e-01    9.8e-08
  90800      1.50e-01    1.36e-01      3.06e-04    3.74e-04      1.43e-01    1.30e-01    9.8e-08
  90900      2.78e-01    1.37e-01      1.33e-04    1.37e-04      2.65e-01    1.31e-01    9.8e-08
  91000      1.48e-01    1.31e-01      1.90e-04    3.11e-04      1.41e-01    1.25e-01    9.8e-08
  91100      1.41e-01    1.35e-01      1.77e-04    3.08e-05      1.34e-01    1.29e-01    9.8e-08
  91200      2.43e-01    1.30e-01      1.30e-04    1.94e-04      2.32e-01    1.24e-01    9.8e-08
  91300      1.35e-01    1.30e-01      4.98e-05    2.19e-04      1.29e-01    1.24e-01    9.8e-08
  91400      2.43e-01    1.38e-01      2.56e-04    1.21e-04      2.32e-01    1.32e-01    9.8e-08
  91500      2.14e-01    1.31e-01      2.02e-04    2.41e-04      2.04e-01    1.25e-01    9.8e-08
  91600      1.82e-01    1.66e-01      6.91e-05    2.13e-04      1.74e-01    1.58e-01    9.8e-08
  91700      2.85e-01    1.32e-01      1.86e-04    1.82e-04      2.72e-01    1.26e-01    9.8e-08
  91800      2.16e-01    1.33e-01      1.29e-04    3.35e-05      2.06e-01    1.27e-01    9.8e-08
  91900      1.31e-01    5.74e-01      1.55e-04    6.27e-06      1.25e-01    5.48e-01    9.8e-08
  92000      2.61e-01    2.97e-01      3.14e-04    3.99e-05      2.49e-01    2.84e-01    9.8e-08
  92100      1.93e-01    1.44e-01      1.28e-04    7.86e-05      1.84e-01    1.38e-01    9.8e-08
  92200      2.26e-01    1.88e-01      1.66e-04    2.08e-04      2.16e-01    1.79e-01    9.8e-08
  92300      1.40e-01    7.32e-01      1.57e-04    1.63e-05      1.33e-01    6.98e-01    9.8e-08
  92400      3.38e-01    1.35e-01      2.21e-04    2.13e-07      3.23e-01    1.29e-01    9.8e-08
  92500      1.37e-01    1.32e-01      1.44e-04    5.40e-05      1.31e-01    1.26e-01    9.8e-08
  92600      1.56e-01    1.35e-01      4.20e-04    2.24e-04      1.48e-01    1.29e-01    9.8e-08
  92700      1.59e-01    1.45e-01      1.36e-04    1.50e-04      1.52e-01    1.38e-01    9.8e-08
  92800      1.39e-01    1.32e-01      1.65e-04    5.30e-05      1.33e-01    1.26e-01    9.8e-08
  92900      2.87e-01    1.37e-01      3.63e-04    7.67e-05      2.73e-01    1.31e-01    9.8e-08
  93000      1.63e-01    1.35e-01      2.30e-04    2.69e-04      1.56e-01    1.28e-01    9.8e-08
  93100      1.42e-01    1.30e-01      2.34e-05    1.91e-04      1.36e-01    1.24e-01    9.8e-08
  93200      1.33e-01    2.03e-01      1.22e-04    2.94e-05      1.27e-01    1.94e-01    9.8e-08
  93300      1.99e-01    1.34e-01      1.47e-04    2.35e-05      1.89e-01    1.28e-01    9.8e-08
  93400      1.41e-01    1.37e-01      2.18e-04    2.05e-04      1.34e-01    1.31e-01    9.8e-08
  93500      1.67e-01    1.35e-01      1.68e-04    1.05e-04      1.59e-01    1.29e-01    9.8e-08
  93600      1.49e-01    1.36e-01      2.25e-04    2.73e-04      1.42e-01    1.30e-01    9.8e-08
  93700      1.33e-01    1.35e-01      1.16e-04    1.68e-06      1.27e-01    1.29e-01    9.8e-08
  93800      1.35e-01    1.35e-01      1.64e-04    2.41e-04      1.29e-01    1.29e-01    9.8e-08
  93900      1.97e-01    1.31e-01      2.09e-04    4.26e-06      1.88e-01    1.25e-01    9.8e-08
  94000      1.55e-01    3.33e-01      3.94e-05    1.03e-04      1.48e-01    3.18e-01    9.8e-08
  94100      2.17e-01    1.30e-01      1.64e-04    1.97e-04      2.07e-01    1.24e-01    9.8e-08
  94200      2.39e-01    1.45e-01      4.80e-05    1.10e-04      2.28e-01    1.38e-01    9.8e-08
  94300      1.35e-01    1.33e-01      9.08e-05    4.03e-05      1.29e-01    1.27e-01    9.8e-08
  94400      2.24e-01    1.85e-01      1.24e-04    1.98e-06      2.14e-01    1.77e-01    9.8e-08
  94500      3.97e-01    4.12e-01      4.87e-05    2.06e-04      3.79e-01    3.93e-01    9.8e-08
  94600      1.58e-01    1.28e-01      1.84e-04    1.04e-04      1.51e-01    1.22e-01    9.8e-08
  94700      1.61e-01    1.36e-01      3.53e-04    2.76e-04      1.53e-01    1.29e-01    9.8e-08
  94800      2.03e-01    1.29e-01      2.91e-04    2.54e-04      1.93e-01    1.23e-01    9.8e-08
  94900      1.90e-01    1.36e-01      1.00e-04    3.96e-04      1.81e-01    1.30e-01    9.8e-08
  95000      1.39e-01    7.59e-01      1.55e-04    7.01e-05      1.33e-01    7.24e-01    9.8e-08
  95100      1.31e-01    2.14e-01      1.72e-04    1.31e-04      1.27e-01    2.08e-01    5.9e-08
  95200      1.57e-01    1.33e-01      2.03e-04    2.85e-04      1.53e-01    1.29e-01    5.9e-08
  95300      1.31e-01    1.52e-01      5.11e-05    1.91e-04      1.27e-01    1.48e-01    5.9e-08
  95400      1.29e-01    1.52e-01      1.65e-04    1.97e-04      1.26e-01    1.47e-01    5.9e-08
  95500      2.07e-01    1.27e-01      5.98e-05    4.14e-04      2.01e-01    1.23e-01    5.9e-08
  95600      2.22e-01    2.73e-01      1.21e-04    9.90e-05      2.16e-01    2.66e-01    5.9e-08
  95700      2.04e-01    3.29e-01      1.07e-04    2.19e-04      1.98e-01    3.20e-01    5.9e-08
  95800      2.24e-01    1.33e-01      1.13e-04    9.49e-05      2.18e-01    1.30e-01    5.9e-08
  95900      3.66e-01    1.33e-01      1.43e-04    8.63e-05      3.56e-01    1.29e-01    5.9e-08
  96000      1.58e-01    1.32e-01      1.17e-04    2.91e-04      1.53e-01    1.28e-01    5.9e-08
  96100      1.36e-01    1.28e-01      1.60e-04    1.04e-05      1.32e-01    1.25e-01    5.9e-08
  96200      1.42e-01    1.30e-01      9.99e-05    8.13e-05      1.38e-01    1.26e-01    5.9e-08
  96300      1.39e-01    2.45e-01      9.77e-05    4.87e-05      1.35e-01    2.38e-01    5.9e-08
  96400      1.30e-01    1.29e-01      3.41e-05    8.63e-05      1.27e-01    1.25e-01    5.9e-08
  96500      1.82e-01    1.29e-01      5.94e-05    3.01e-04      1.77e-01    1.25e-01    5.9e-08
  96600      2.00e-01    1.24e-01      2.08e-04    6.43e-05      1.94e-01    1.20e-01    5.9e-08
  96700      1.72e-01    1.30e-01      3.49e-04    2.10e-04      1.67e-01    1.26e-01    5.9e-08
  96800      1.45e-01    1.69e-01      1.65e-04    1.05e-04      1.41e-01    1.64e-01    5.9e-08
  96900      1.47e-01    1.33e-01      1.01e-04    1.84e-04      1.43e-01    1.30e-01    5.9e-08
  97000      1.31e-01    1.23e-01      2.06e-04    1.72e-04      1.27e-01    1.20e-01    5.9e-08
  97100      1.51e-01    1.37e-01      5.24e-05    1.46e-04      1.47e-01    1.33e-01    5.9e-08
  97200      1.78e-01    1.89e-01      1.46e-04    2.91e-04      1.73e-01    1.84e-01    5.9e-08
  97300      1.37e-01    1.26e-01      5.92e-05    6.93e-05      1.34e-01    1.22e-01    5.9e-08
  97400      1.29e-01    1.35e-01      1.53e-04    1.64e-04      1.25e-01    1.31e-01    5.9e-08
  97500      1.50e-01    1.99e-01      1.70e-04    2.41e-05      1.46e-01    1.94e-01    5.9e-08
  97600      2.32e-01    1.45e-01      8.96e-05    2.92e-04      2.25e-01    1.40e-01    5.9e-08
  97700      1.38e-01    1.29e-01      4.25e-05    3.76e-04      1.34e-01    1.25e-01    5.9e-08
  97800      1.73e-01    1.32e-01      3.38e-05    5.33e-05      1.68e-01    1.28e-01    5.9e-08
  97900      1.89e-01    3.27e-01      2.19e-04    2.24e-04      1.84e-01    3.18e-01    5.9e-08
  98000      1.34e-01    1.31e-01      4.27e-05    3.09e-06      1.30e-01    1.27e-01    5.9e-08
  98100      2.22e-01    1.70e-01      1.97e-04    2.98e-04      2.15e-01    1.65e-01    5.9e-08
  98200      1.39e-01    1.58e-01      2.27e-04    1.44e-04      1.35e-01    1.53e-01    5.9e-08
  98300      1.36e-01    2.81e-01      1.46e-04    1.78e-04      1.32e-01    2.73e-01    5.9e-08
  98400      1.34e-01    1.29e-01      2.69e-04    4.92e-05      1.30e-01    1.25e-01    5.9e-08
  98500      1.74e-01    1.27e-01      7.71e-05    1.95e-04      1.69e-01    1.23e-01    5.9e-08
  98600      1.36e-01    1.32e-01      1.13e-04    6.28e-05      1.32e-01    1.29e-01    5.9e-08
  98700      2.89e-01    3.27e-01      2.60e-05    3.81e-04      2.80e-01    3.18e-01    5.9e-08
  98800      1.84e-01    1.32e-01      1.67e-04    2.64e-04      1.79e-01    1.29e-01    5.9e-08
  98900      1.34e-01    1.24e-01      2.28e-04    5.90e-05      1.30e-01    1.21e-01    5.9e-08
  99000      1.29e-01    1.52e-01      6.51e-05    1.98e-04      1.25e-01    1.48e-01    5.9e-08
  99100      1.79e-01    1.26e-01      2.08e-04    1.48e-04      1.74e-01    1.23e-01    5.9e-08
  99200      1.81e-01    1.77e-01      1.60e-04    2.36e-05      1.76e-01    1.72e-01    5.9e-08
  99300      1.35e-01    1.27e-01      1.56e-04    4.08e-05      1.31e-01    1.23e-01    5.9e-08
  99400      1.85e-01    1.29e-01      1.53e-04    2.84e-05      1.80e-01    1.25e-01    5.9e-08
  99500      1.36e-01    1.32e-01      1.67e-04    7.79e-05      1.32e-01    1.28e-01    5.9e-08
  99600      1.29e-01    1.27e-01      9.51e-05    2.00e-05      1.25e-01    1.23e-01    5.9e-08
  99700      1.82e-01    1.33e-01      1.58e-04    3.20e-05      1.76e-01    1.29e-01    5.9e-08
  99800      2.23e-01    1.54e-01      1.50e-04    3.34e-04      2.17e-01    1.49e-01    5.9e-08
  99900      2.18e-01    1.63e-01      1.14e-04    5.82e-05      2.12e-01    1.59e-01    5.9e-08
 100000      2.05e-01    1.67e-01      2.56e-04    1.51e-04      1.99e-01    1.62e-01    5.9e-08
