# step       rmse_val    rmse_trn    rmse_e_val  rmse_e_trn    rmse_f_val  rmse_f_trn   lr      
# If there is no available reference data, rmse_*_{val,trn} will print nan
      1      6.81e+03    3.21e+03      6.25e+00    8.90e+00      2.15e+02    1.02e+02    1.0e-03
    100      1.95e+04    3.44e+03      2.67e+01    1.27e+01      6.17e+02    1.09e+02    1.0e-03
    200      2.91e+03    1.11e+04      1.64e+01    3.07e+01      9.19e+01    3.52e+02    1.0e-03
    300      1.94e+04    2.71e+03      3.21e+01    1.84e+01      6.15e+02    8.56e+01    1.0e-03
    400      3.03e+03    2.90e+03      3.20e+01    3.13e+01      9.55e+01    9.16e+01    1.0e-03
    500      5.75e+03    2.84e+03      4.77e+01    4.27e+01      1.82e+02    8.95e+01    1.0e-03
    600      1.88e+04    2.54e+03      8.14e+01    6.51e+01      5.95e+02    7.92e+01    1.0e-03
    700      4.25e+03    3.13e+03      8.21e+01    8.04e+01      1.33e+02    9.77e+01    1.0e-03
    800      3.89e+03    2.43e+03      9.67e+01    9.11e+01      1.21e+02    7.48e+01    1.0e-03
    900      1.84e+04    5.09e+03      1.02e+02    9.79e+01      5.82e+02    1.60e+02    1.0e-03
   1000      3.69e+03    2.20e+03      1.15e+02    1.10e+02      1.14e+02    6.60e+01    1.0e-03
   1100      6.66e+03    5.20e+03      8.96e+01    8.87e+01      2.10e+02    1.64e+02    1.0e-03
   1200      2.89e+03    2.40e+03      1.26e+02    1.26e+02      8.81e+01    7.16e+01    1.0e-03
   1300      4.76e+03    2.16e+03      1.28e+02    1.23e+02      1.48e+02    6.38e+01    1.0e-03
   1400      3.79e+03    2.13e+03      1.58e+02    1.53e+02      1.15e+02    6.02e+01    1.0e-03
   1500      2.44e+03    4.97e+04      1.55e+02    1.95e+02      7.08e+01    1.57e+03    1.0e-03
   1600      2.43e+03    4.62e+03      1.45e+02    1.51e+02      7.12e+01    1.43e+02    1.0e-03
   1700      1.82e+04    2.40e+03      1.75e+02    1.67e+02      5.70e+02    6.83e+01    1.0e-03
   1800      1.83e+04    2.39e+03      1.82e+02    1.69e+02      5.75e+02    6.77e+01    1.0e-03
   1900      2.45e+03    2.33e+03      2.03e+02    2.03e+02      6.58e+01    6.19e+01    1.0e-03
   2000      3.50e+04    2.40e+03      2.57e+02    2.34e+02      1.10e+03    6.05e+01    1.0e-03
   2100      5.03e+03    2.36e+03      2.03e+02    1.99e+02      1.53e+02    6.35e+01    1.0e-03
   2200      2.26e+03    4.86e+04      2.01e+02    2.32e+02      5.96e+01    1.54e+03    1.0e-03
   2300      2.65e+03    4.97e+04      2.00e+02    2.28e+02      7.40e+01    1.57e+03    1.0e-03
   2400      1.85e+04    2.74e+03      2.48e+02    2.34e+02      5.75e+02    7.33e+01    1.0e-03
   2500      3.30e+03    5.13e+03      2.47e+02    2.50e+02      9.04e+01    1.55e+02    1.0e-03
   2600      3.72e+03    5.18e+03      2.67e+02    2.67e+02      1.04e+02    1.55e+02    1.0e-03
   2700      4.39e+03    2.56e+03      2.52e+02    2.50e+02      1.28e+02    6.41e+01    1.0e-03
   2800      1.74e+04    3.16e+03      2.52e+02    2.42e+02      5.42e+02    8.77e+01    1.0e-03
   2900      1.73e+04    3.03e+03      3.36e+02    3.24e+02      5.29e+02    7.14e+01    1.0e-03
   3000      1.95e+04    5.54e+03      3.42e+02    3.36e+02      6.05e+02    1.62e+02    1.0e-03
   3100      4.53e+03    2.87e+03      3.25e+02    3.23e+02      1.23e+02    6.49e+01    1.0e-03
   3200      2.95e+03    5.05e+04      3.16e+02    3.45e+02      6.95e+01    1.59e+03    1.0e-03
   3300      1.85e+04    3.08e+03      3.39e+02    3.31e+02      5.67e+02    7.24e+01    1.0e-03
   3400      2.97e+03    4.43e+03      3.26e+02    3.32e+02      6.81e+01    1.24e+02    1.0e-03
   3500      4.10e+03    2.67e+03      3.11e+02    3.09e+02      1.13e+02    5.87e+01    1.0e-03
   3600      3.43e+04    5.02e+04      3.40e+02    3.51e+02      1.07e+03    1.59e+03    1.0e-03
   3700      2.87e+03    4.97e+04      3.00e+02    3.22e+02      6.87e+01    1.57e+03    1.0e-03
   3800      3.33e+03    2.81e+03      2.82e+02    2.81e+02      8.74e+01    6.95e+01    1.0e-03
   3900      3.70e+03    4.48e+03      2.40e+02    2.41e+02      1.06e+02    1.33e+02    1.0e-03
   4000      1.89e+04    2.90e+03      3.08e+02    3.00e+02      5.86e+02    7.01e+01    1.0e-03
   4100      3.66e+03    2.93e+03      3.13e+02    3.11e+02      9.53e+01    6.97e+01    1.0e-03
   4200      4.50e+03    2.76e+03      3.32e+02    3.26e+02      1.23e+02    5.92e+01    1.0e-03
   4300      2.81e+03    5.36e+03      3.16e+02    3.21e+02      6.37e+01    1.57e+02    1.0e-03
   4400      2.84e+03    2.36e+03      6.45e+01    6.58e+01      8.90e+01    7.34e+01    1.0e-03
   4500      1.89e+04    2.14e+03      4.39e+01    5.41e+01      5.97e+02    6.70e+01    1.0e-03
   4600      2.95e+03    2.17e+03      4.25e+01    4.37e+01      9.29e+01    6.82e+01    1.0e-03
   4700      1.93e+03    2.47e+03      4.38e+01    4.41e+01      6.05e+01    7.76e+01    1.0e-03
   4800      3.80e+03    2.63e+03      2.14e+01    2.29e+01      1.20e+02    8.30e+01    1.0e-03
   4900      1.84e+04    2.11e+03      1.40e+01    1.01e+01      5.83e+02    6.66e+01    1.0e-03
   5000      2.23e+03    2.65e+03      6.16e+00    4.58e+00      7.04e+01    8.37e+01    1.0e-03
   5100      1.44e+04    3.90e+04      1.18e+01    3.03e+01      5.88e+02    1.59e+03    6.0e-04
   5200      1.41e+04    1.33e+03      1.16e+01    5.58e-01      5.76e+02    5.45e+01    6.0e-04
   5300      1.38e+03    1.25e+03      1.97e+00    1.57e+00      5.65e+01    5.09e+01    6.0e-04
   5400      1.38e+04    1.45e+03      1.48e+01    4.59e+00      5.64e+02    5.94e+01    6.0e-04
   5500      1.41e+04    1.62e+03      1.84e+01    9.64e+00      5.75e+02    6.61e+01    6.0e-04
   5600      1.77e+03    1.43e+03      9.63e+00    8.02e+00      7.23e+01    5.83e+01    6.0e-04
   5700      1.42e+04    3.86e+04      1.98e+01    3.64e+01      5.81e+02    1.58e+03    6.0e-04
   5800      1.95e+03    1.36e+03      9.77e+00    7.81e+00      7.97e+01    5.54e+01    6.0e-04
   5900      1.84e+03    1.85e+03      1.48e+01    1.42e+01      7.46e+01    7.52e+01    6.0e-04
   6000      2.30e+03    1.60e+03      1.32e+01    1.11e+01      9.35e+01    6.53e+01    6.0e-04
   6100      1.47e+03    1.60e+03      1.46e+01    1.50e+01      5.96e+01    6.49e+01    6.0e-04
   6200      1.41e+04    1.26e+03      2.29e+01    1.37e+01      5.77e+02    5.08e+01    6.0e-04
   6300      1.30e+03    1.31e+03      1.59e+01    1.58e+01      5.25e+01    5.27e+01    6.0e-04
   6400      2.05e+03    1.39e+03      1.92e+01    1.53e+01      8.31e+01    5.60e+01    6.0e-04
   6500      1.38e+03    3.90e+04      1.44e+01    4.27e+01      5.60e+01    1.60e+03    6.0e-04
   6600      1.30e+03    1.21e+03      1.20e+01    1.20e+01      5.28e+01    4.92e+01    6.0e-04
   6700      2.66e+04    2.24e+03      3.26e+01    1.83e+01      1.09e+03    9.08e+01    6.0e-04
   6800      1.83e+03    1.28e+03      1.83e+01    1.62e+01      7.39e+01    5.15e+01    6.0e-04
   6900      1.42e+03    1.44e+03      1.41e+01    1.37e+01      5.75e+01    5.85e+01    6.0e-04
   7000      1.41e+04    1.55e+03      2.66e+01    1.73e+01      5.77e+02    6.28e+01    6.0e-04
   7100      1.44e+03    3.17e+03      1.85e+01    2.24e+01      5.78e+01    1.29e+02    6.0e-04
   7200      1.70e+03    2.40e+03      1.39e+01    1.57e+01      6.90e+01    9.78e+01    6.0e-04
   7300      1.41e+04    2.32e+03      2.32e+01    1.62e+01      5.76e+02    9.43e+01    6.0e-04
   7400      1.98e+03    3.93e+04      1.70e+01    3.96e+01      8.03e+01    1.60e+03    6.0e-04
   7500      1.39e+04    1.29e+03      2.29e+01    1.54e+01      5.66e+02    5.20e+01    6.0e-04
   7600      1.53e+03    1.27e+03      1.50e+01    1.36e+01      6.21e+01    5.12e+01    6.0e-04
   7700      1.48e+03    1.40e+03      1.28e+01    1.24e+01      6.02e+01    5.69e+01    6.0e-04
   7800      1.80e+03    2.44e+03      1.32e+01    1.49e+01      7.31e+01    9.95e+01    6.0e-04
   7900      1.49e+04    1.65e+03      2.69e+01    1.72e+01      6.09e+02    6.69e+01    6.0e-04
   8000      1.50e+03    3.86e+04      2.88e+01    5.46e+01      5.94e+01    1.58e+03    6.0e-04
   8100      1.40e+04    1.42e+03      3.01e+01    2.15e+01      5.72e+02    5.66e+01    6.0e-04
   8200      1.70e+03    1.61e+03      1.83e+01    1.86e+01      6.89e+01    6.52e+01    6.0e-04
   8300      1.59e+03    1.19e+03      1.42e+01    1.25e+01      6.43e+01    4.79e+01    6.0e-04
   8400      1.39e+04    1.44e+03      1.68e+01    1.07e+01      5.68e+02    5.84e+01    6.0e-04
   8500      1.38e+04    1.32e+03      1.29e+01    5.84e+00      5.64e+02    5.38e+01    6.0e-04
   8600      1.37e+03    1.31e+03      5.26e+00    3.92e+00      5.58e+01    5.36e+01    6.0e-04
   8700      1.41e+03    1.41e+03      3.46e+00    2.47e+00      5.75e+01    5.76e+01    6.0e-04
   8800      1.25e+03    1.19e+03      2.02e-01    2.88e-01      5.13e+01    4.86e+01    6.0e-04
   8900      1.24e+03    1.36e+03      3.70e-01    1.06e+00      5.08e+01    5.56e+01    6.0e-04
   9000      2.63e+04    1.25e+03      1.33e+01    1.24e+00      1.08e+03    5.11e+01    6.0e-04
   9100      1.36e+03    1.26e+03      2.15e-01    6.10e-01      5.56e+01    5.16e+01    6.0e-04
   9200      1.33e+03    1.33e+03      1.42e+00    1.16e+00      5.41e+01    5.43e+01    6.0e-04
   9300      1.11e+03    3.88e+04      2.91e+00    1.76e+01      4.53e+01    1.59e+03    6.0e-04
   9400      1.41e+03    1.22e+03      8.56e-01    2.39e+00      5.76e+01    4.98e+01    6.0e-04
   9500      1.37e+04    3.88e+04      7.40e+00    1.87e+01      5.59e+02    1.59e+03    6.0e-04
   9600      1.20e+03    1.57e+03      3.89e+00    2.48e+00      4.90e+01    6.41e+01    6.0e-04
   9700      2.09e+03    1.28e+03      1.34e+00    1.51e+00      8.56e+01    5.24e+01    6.0e-04
   9800      1.28e+03    1.12e+03      1.15e+01    1.19e+01      5.20e+01    4.53e+01    6.0e-04
   9900      2.22e+03    1.36e+03      1.48e+01    1.28e+01      9.03e+01    5.51e+01    6.0e-04
  10000      1.40e+04    1.44e+03      2.10e+01    1.22e+01      5.74e+02    5.86e+01    6.0e-04
  10100      1.08e+04    8.75e+02      1.89e+01    8.35e+00      5.70e+02    4.56e+01    3.6e-04
  10200      1.08e+04    1.64e+03      1.45e+01    1.01e+01      5.69e+02    8.61e+01    3.6e-04
  10300      1.09e+04    3.05e+04      1.43e+01    3.08e+01      5.73e+02    1.61e+03    3.6e-04
  10400      9.44e+02    1.04e+03      2.09e+00    2.79e+00      4.98e+01    5.47e+01    3.6e-04
  10500      9.20e+02    1.32e+03      1.62e-01    4.24e+00      4.85e+01    6.98e+01    3.6e-04
  10600      1.08e+04    1.02e+03      1.09e+01    1.25e+00      5.67e+02    5.38e+01    3.6e-04
  10700      9.59e+02    3.00e+04      1.19e+00    2.46e+01      5.06e+01    1.59e+03    3.6e-04
  10800      9.58e+02    8.64e+02      2.42e+00    3.20e+00      5.05e+01    4.55e+01    3.6e-04
  10900      9.28e+02    8.57e+02      3.05e+00    3.48e+00      4.89e+01    4.51e+01    3.6e-04
  11000      1.07e+04    9.59e+02      8.76e+00    2.29e+00      5.63e+02    5.06e+01    3.6e-04
  11100      8.70e+02    3.00e+04      3.02e+00    2.20e+01      4.58e+01    1.59e+03    3.6e-04
  11200      1.01e+03    9.58e+02      1.93e+00    3.42e+00      5.32e+01    5.04e+01    3.6e-04
  11300      9.30e+02    9.69e+02      2.25e+00    2.41e+00      4.90e+01    5.11e+01    3.6e-04
  11400      8.67e+02    1.07e+03      3.41e+00    3.57e-01      4.57e+01    5.65e+01    3.6e-04
  11500      9.76e+02    1.06e+03      2.69e+00    5.93e-01      5.14e+01    5.60e+01    3.6e-04
  11600      2.03e+04    8.74e+02      1.59e+01    2.42e+00      1.07e+03    4.61e+01    3.6e-04
  11700      9.21e+02    8.90e+02      3.26e+00    3.84e+00      4.85e+01    4.69e+01    3.6e-04
  11800      1.10e+04    1.71e+03      1.03e+01    5.13e+00      5.78e+02    9.02e+01    3.6e-04
  11900      8.53e+02    8.95e+02      1.08e+00    1.19e+00      4.50e+01    4.72e+01    3.6e-04
  12000      9.06e+02    8.84e+02      8.86e-01    6.65e-01      4.78e+01    4.66e+01    3.6e-04
  12100      9.09e+02    9.39e+02      1.76e+00    1.41e+00      4.80e+01    4.95e+01    3.6e-04
  12200      8.13e+02    9.20e+02      3.32e+00    4.10e+00      4.28e+01    4.84e+01    3.6e-04
  12300      2.04e+04    9.94e+02      1.34e+01    8.49e-01      1.07e+03    5.25e+01    3.6e-04
  12400      8.72e+02    3.00e+04      3.30e+00    2.00e+01      4.59e+01    1.58e+03    3.6e-04
  12500      8.75e+02    8.75e+02      3.43e+00    4.46e+00      4.61e+01    4.60e+01    3.6e-04
  12600      8.55e+02    9.68e+02      2.68e+00    5.90e-02      4.51e+01    5.11e+01    3.6e-04
  12700      1.06e+04    8.51e+02      8.90e+00    4.00e+00      5.58e+02    4.48e+01    3.6e-04
  12800      2.03e+04    8.47e+02      1.35e+01    3.07e+00      1.07e+03    4.46e+01    3.6e-04
  12900      8.02e+02    1.21e+03      2.78e+00    5.30e+00      4.23e+01    6.36e+01    3.6e-04
  13000      2.48e+03    9.93e+02      8.21e+00    6.39e+00      1.31e+02    5.21e+01    3.6e-04
  13100      8.25e+02    1.04e+03      6.11e+00    6.45e+00      4.32e+01    5.47e+01    3.6e-04
  13200      1.06e+03    8.62e+02      2.77e+00    2.11e+00      5.61e+01    4.55e+01    3.6e-04
  13300      1.06e+04    7.51e+02      7.32e+00    5.79e-02      5.57e+02    3.96e+01    3.6e-04
  13400      8.83e+02    8.35e+02      4.96e+00    5.37e+00      4.64e+01    4.38e+01    3.6e-04
  13500      8.86e+02    8.33e+02      4.05e-01    4.81e-01      4.67e+01    4.40e+01    3.6e-04
  13600      8.97e+02    9.03e+02      1.61e+00    1.98e+00      4.73e+01    4.76e+01    3.6e-04
  13700      8.75e+02    8.67e+02      1.35e+00    1.35e+00      4.62e+01    4.57e+01    3.6e-04
  13800      1.06e+04    9.10e+02      6.12e+00    3.08e-01      5.61e+02    4.80e+01    3.6e-04
  13900      8.95e+02    7.25e+02      7.51e+00    7.35e+00      4.68e+01    3.78e+01    3.6e-04
  14000      1.05e+04    8.84e+02      7.73e+00    2.37e+00      5.56e+02    4.66e+01    3.6e-04
  14100      1.05e+04    1.92e+03      1.43e+01    1.23e+01      5.55e+02    1.01e+02    3.6e-04
  14200      1.07e+03    9.28e+02      1.17e+00    8.90e-02      5.65e+01    4.90e+01    3.6e-04
  14300      1.10e+03    8.72e+02      1.04e+00    2.66e+00      5.79e+01    4.60e+01    3.6e-04
  14400      1.06e+04    7.60e+02      6.89e+00    1.43e+00      5.57e+02    4.01e+01    3.6e-04
  14500      1.05e+04    8.44e+02      5.74e+00    2.80e+00      5.57e+02    4.45e+01    3.6e-04
  14600      8.39e+02    7.45e+02      2.23e-01    6.70e-02      4.43e+01    3.93e+01    3.6e-04
  14700      8.40e+02    7.67e+02      1.96e-01    2.75e-01      4.43e+01    4.05e+01    3.6e-04
  14800      8.64e+02    9.04e+02      4.04e+00    3.44e+00      4.55e+01    4.76e+01    3.6e-04
  14900      9.65e+02    3.00e+04      6.11e+00    1.53e+01      5.06e+01    1.58e+03    3.6e-04
  15000      8.41e+02    7.98e+02      3.28e+00    4.16e+00      4.43e+01    4.20e+01    3.6e-04
  15100      1.54e+04    7.32e+02      1.09e+01    4.02e+00      1.05e+03    4.96e+01    2.1e-04
  15200      7.30e+02    6.59e+02      1.53e+00    1.60e+00      4.97e+01    4.49e+01    2.1e-04
  15300      6.84e+02    6.67e+02      6.18e-01    1.32e+00      4.66e+01    4.54e+01    2.1e-04
  15400      7.29e+02    6.68e+02      1.22e+01    1.23e+01      4.74e+01    4.30e+01    2.1e-04
  15500      8.20e+03    7.72e+02      8.94e+00    9.15e+00      5.58e+02    5.14e+01    2.1e-04
  15600      6.90e+02    7.25e+02      4.31e+00    4.53e+00      4.67e+01    4.91e+01    2.1e-04
  15700      8.15e+03    2.30e+04      7.64e+00    9.17e+00      5.55e+02    1.57e+03    2.1e-04
  15800      9.57e+02    1.02e+03      1.46e+01    1.57e+01      6.27e+01    6.72e+01    2.1e-04
  15900      7.07e+02    6.21e+02      3.79e+00    4.26e+00      4.79e+01    4.20e+01    2.1e-04
  16000      8.27e+03    7.92e+02      9.20e+00    7.31e+00      5.62e+02    5.32e+01    2.1e-04
  16100      6.58e+02    6.25e+02      2.32e+00    1.74e+00      4.47e+01    4.25e+01    2.1e-04
  16200      8.25e+03    7.06e+02      1.06e+01    1.26e+01      5.60e+02    4.56e+01    2.1e-04
  16300      8.76e+02    7.86e+02      1.21e+00    4.71e-01      5.96e+01    5.35e+01    2.1e-04
  16400      8.57e+02    7.53e+02      6.47e+00    4.94e+00      5.78e+01    5.10e+01    2.1e-04
  16500      8.06e+03    7.92e+02      1.01e+01    1.17e+01      5.47e+02    5.21e+01    2.1e-04
  16600      6.99e+02    7.34e+02      5.18e+00    4.90e+00      4.72e+01    4.96e+01    2.1e-04
  16700      7.90e+02    8.55e+02      5.01e+00    1.54e+00      5.35e+01    5.82e+01    2.1e-04
  16800      7.94e+02    8.21e+02      7.96e+00    1.07e+01      5.32e+01    5.44e+01    2.1e-04
  16900      7.99e+03    6.95e+02      5.98e+00    1.01e+00      5.44e+02    4.74e+01    2.1e-04
  17000      8.56e+02    8.47e+02      1.41e+01    1.36e+01      5.58e+01    5.53e+01    2.1e-04
  17100      8.11e+02    1.05e+03      1.01e+01    9.70e+00      5.39e+01    7.04e+01    2.1e-04
  17200      8.11e+03    2.29e+04      8.08e+00    1.83e+01      5.52e+02    1.56e+03    2.1e-04
  17300      6.78e+02    7.49e+02      8.25e-01    1.81e+00      4.62e+01    5.10e+01    2.1e-04
  17400      1.54e+04    7.34e+02      8.93e+00    2.69e+00      1.05e+03    4.99e+01    2.1e-04
  17500      6.00e+02    6.61e+02      3.81e-01    6.99e-01      4.08e+01    4.50e+01    2.1e-04
  17600      7.75e+02    7.06e+02      7.90e+00    7.90e+00      5.20e+01    4.72e+01    2.1e-04
  17700      8.08e+03    6.86e+02      6.64e+00    4.51e+00      5.50e+02    4.64e+01    2.1e-04
  17800      9.69e+02    1.02e+03      9.66e+00    9.64e+00      6.50e+01    6.84e+01    2.1e-04
  17900      1.01e+03    9.88e+02      1.19e+01    1.28e+01      6.73e+01    6.55e+01    2.1e-04
  18000      6.01e+02    2.28e+04      1.04e+00    1.77e+01      4.09e+01    1.55e+03    2.1e-04
  18100      8.15e+03    6.76e+02      8.10e+00    2.55e+00      5.55e+02    4.59e+01    2.1e-04
  18200      1.01e+03    8.83e+02      6.82e+00    5.98e+00      6.80e+01    5.98e+01    2.1e-04
  18300      9.12e+02    1.07e+03      8.15e+00    7.43e+00      6.13e+01    7.25e+01    2.1e-04
  18400      8.15e+03    9.50e+02      6.45e+00    2.44e+00      5.55e+02    6.46e+01    2.1e-04
  18500      8.11e+02    6.62e+02      1.00e+01    1.05e+01      5.39e+01    4.33e+01    2.1e-04
  18600      8.62e+02    9.66e+02      5.24e+00    6.45e+00      5.84e+01    6.54e+01    2.1e-04
  18700      9.03e+02    1.03e+03      4.67e+00    4.00e+00      6.12e+01    7.03e+01    2.1e-04
  18800      8.16e+03    6.91e+02      8.86e+00    3.30e+00      5.56e+02    4.69e+01    2.1e-04
  18900      7.85e+03    1.61e+03      7.52e+00    3.48e+00      5.34e+02    1.10e+02    2.1e-04
  19000      1.08e+03    1.54e+03      3.80e+00    4.88e+00      7.32e+01    1.04e+02    2.1e-04
  19100      7.02e+02    8.24e+02      2.91e+00    1.94e+00      4.77e+01    5.61e+01    2.1e-04
  19200      1.27e+03    1.30e+03      2.71e+00    5.27e+00      8.63e+01    8.82e+01    2.1e-04
  19300      8.35e+03    2.37e+04      6.08e+00    1.63e+01      5.69e+02    1.61e+03    2.1e-04
  19400      1.55e+04    2.30e+04      9.08e+00    1.31e+01      1.06e+03    1.56e+03    2.1e-04
  19500      9.97e+02    1.04e+03      1.67e+00    7.83e-01      6.79e+01    7.08e+01    2.1e-04
  19600      1.24e+03    1.12e+03      6.80e+00    6.54e+00      8.39e+01    7.57e+01    2.1e-04
  19700      6.57e+02    5.62e+02      3.13e-01    3.24e-01      4.48e+01    3.83e+01    2.1e-04
  19800      1.06e+03    1.11e+03      5.65e+00    5.61e+00      7.22e+01    7.51e+01    2.1e-04
  19900      9.23e+02    9.28e+02      1.68e+00    1.42e+00      6.29e+01    6.32e+01    2.1e-04
  20000      5.02e+03    1.46e+04      6.70e+00    8.35e+00      3.42e+02    9.95e+02    2.1e-04
  20100      8.28e+02    7.85e+02      4.32e-01    1.84e-01      7.28e+01    6.90e+01    1.3e-04
  20200      6.92e+02    7.06e+02      1.62e+00    6.00e-01      6.08e+01    6.21e+01    1.3e-04
  20300      5.62e+02    5.35e+02      1.56e+00    2.19e+00      4.93e+01    4.69e+01    1.3e-04
  20400      5.35e+02    5.39e+02      1.65e+00    2.54e+00      4.69e+01    4.72e+01    1.3e-04
  20500      1.08e+03    4.52e+02      1.17e+01    4.16e-02      9.32e+01    3.97e+01    1.3e-04
  20600      5.05e+02    5.24e+02      3.35e+00    2.88e+00      4.40e+01    4.58e+01    1.3e-04
  20700      4.93e+02    5.11e+02      9.52e-01    1.55e+00      4.33e+01    4.49e+01    1.3e-04
  20800      7.04e+02    4.37e+02      6.74e+00    2.37e+00      6.08e+01    3.82e+01    1.3e-04
  20900      4.65e+02    4.65e+02      1.42e+00    1.50e+00      4.08e+01    4.08e+01    1.3e-04
  21000      7.10e+02    5.00e+02      6.82e+00    2.81e+00      6.13e+01    4.37e+01    1.3e-04
  21100      4.50e+02    5.20e+02      1.44e+00    6.35e-02      3.95e+01    4.57e+01    1.3e-04
  21200      4.67e+02    4.91e+02      3.43e+00    3.67e+00      4.07e+01    4.27e+01    1.3e-04
  21300      4.84e+02    5.16e+02      2.62e+00    1.01e-01      4.23e+01    4.54e+01    1.3e-04
  21400      8.81e+02    4.52e+02      1.06e+01    2.23e+00      7.53e+01    3.96e+01    1.3e-04
  21500      4.58e+02    4.79e+02      3.06e-01    3.34e-01      4.02e+01    4.21e+01    1.3e-04
  21600      4.57e+02    4.74e+02      1.85e+00    2.07e+00      4.00e+01    4.15e+01    1.3e-04
  21700      6.69e+02    4.74e+02      6.05e+00    1.29e+00      5.75e+01    4.16e+01    1.3e-04
  21800      4.63e+02    1.08e+03      1.58e+00    1.52e+01      4.06e+01    9.20e+01    1.3e-04
  21900      4.63e+02    4.78e+02      2.74e+00    4.13e+00      4.04e+01    4.15e+01    1.3e-04
  22000      6.88e+02    4.73e+02      5.34e+00    4.30e+00      5.95e+01    4.10e+01    1.3e-04
  22100      4.76e+02    4.72e+02      5.24e+00    4.64e+00      4.09e+01    4.08e+01    1.3e-04
  22200      4.30e+02    4.62e+02      2.68e+00    2.66e+00      3.75e+01    4.04e+01    1.3e-04
  22300      4.53e+02    4.39e+02      3.01e+00    2.80e+00      3.95e+01    3.83e+01    1.3e-04
  22400      6.40e+02    4.62e+02      6.18e+00    2.90e+00      5.51e+01    4.04e+01    1.3e-04
  22500      4.40e+02    4.09e+02      1.22e+00    4.62e-01      3.86e+01    3.60e+01    1.3e-04
  22600      3.79e+03    1.13e+04      6.04e+00    8.52e+00      3.33e+02    9.97e+02    1.3e-04
  22700      4.97e+02    4.51e+03      9.57e-01    1.53e+01      4.37e+01    3.96e+02    1.3e-04
  22800      4.68e+02    4.17e+02      4.33e+00    2.97e+00      4.06e+01    3.63e+01    1.3e-04
  22900      6.87e+02    4.35e+02      4.89e+00    1.57e+00      5.95e+01    3.82e+01    1.3e-04
  23000      4.66e+02    1.06e+03      4.89e+00    1.14e+01      4.02e+01    9.09e+01    1.3e-04
  23100      4.44e+02    4.86e+02      3.31e+00    8.54e-01      3.87e+01    4.27e+01    1.3e-04
  23200      4.62e+02    4.51e+02      1.90e+00    2.26e+00      4.05e+01    3.95e+01    1.3e-04
  23300      6.64e+02    4.30e+02      6.07e+00    3.29e+00      5.75e+01    3.74e+01    1.3e-04
  23400      4.20e+02    1.00e+03      3.61e+00    1.20e+01      3.65e+01    8.59e+01    1.3e-04
  23500      6.24e+02    4.80e+02      5.19e+00    1.62e+00      5.37e+01    4.21e+01    1.3e-04
  23600      4.45e+02    4.17e+02      1.23e+00    1.27e+00      3.91e+01    3.66e+01    1.3e-04
  23700      4.41e+02    4.74e+02      1.17e+00    2.03e+00      3.87e+01    4.15e+01    1.3e-04
  23800      4.25e+02    4.17e+02      1.02e+00    1.50e+00      3.73e+01    3.66e+01    1.3e-04
  23900      5.95e+02    4.41e+02      5.04e+00    2.22e+00      5.14e+01    3.86e+01    1.3e-04
  24000      4.33e+02    4.11e+02      2.56e+00    2.30e+00      3.78e+01    3.59e+01    1.3e-04
  24100      6.66e+02    4.35e+02      5.19e+00    2.17e+00      5.77e+01    3.80e+01    1.3e-04
  24200      9.71e+02    4.23e+02      5.49e+00    5.51e-01      8.48e+01    3.71e+01    1.3e-04
  24300      4.62e+02    7.75e+02      3.45e+00    4.80e+00      4.02e+01    6.77e+01    1.3e-04
  24400      4.95e+02    5.22e+02      8.71e-01    1.80e-01      4.35e+01    4.59e+01    1.3e-04
  24500      4.83e+02    4.46e+02      2.82e+00    2.45e+00      4.22e+01    3.90e+01    1.3e-04
  24600      1.94e+03    4.30e+02      6.00e+00    1.26e+00      1.70e+02    3.77e+01    1.3e-04
  24700      4.55e+02    4.21e+02      1.40e+00    7.05e-01      3.99e+01    3.70e+01    1.3e-04
  24800      4.27e+02    4.41e+02      2.51e-01    4.42e-01      3.76e+01    3.88e+01    1.3e-04
  24900      4.23e+02    4.26e+02      1.41e+00    7.43e-01      3.71e+01    3.75e+01    1.3e-04
  25000      5.75e+02    4.01e+02      5.45e+00    1.27e+00      4.95e+01    3.52e+01    1.3e-04
  25100      5.74e+02    3.11e+02      9.64e+00    2.02e-01      6.11e+01    3.53e+01    7.7e-05
  25200      3.29e+02    3.58e+02      1.95e+00    5.06e-01      3.69e+01    4.06e+01    7.7e-05
  25300      3.17e+02    3.34e+02      2.94e+00    2.98e+00      3.54e+01    3.73e+01    7.7e-05
  25400      3.48e+02    3.11e+02      3.70e+00    3.41e+00      3.85e+01    3.45e+01    7.7e-05
  25500      3.22e+02    3.09e+02      1.16e+00    2.03e+00      3.63e+01    3.48e+01    7.7e-05
  25600      3.33e+02    3.22e+02      1.04e+00    9.54e-01      3.76e+01    3.64e+01    7.7e-05
  25700      4.37e+02    3.07e+02      5.07e+00    6.76e-01      4.75e+01    3.47e+01    7.7e-05
  25800      3.17e+02    3.56e+02      4.26e+00    1.99e+00      3.47e+01    4.01e+01    7.7e-05
  25900      3.21e+02    6.99e+02      1.02e+00    1.53e+01      3.63e+01    7.21e+01    7.7e-05
  26000      4.29e+02    3.50e+02      4.88e+00    6.95e-01      4.68e+01    3.96e+01    7.7e-05
  26100      3.25e+02    3.05e+02      8.76e-01    4.52e-02      3.68e+01    3.45e+01    7.7e-05
  26200      4.35e+02    3.52e+02      5.30e+00    1.21e+00      4.73e+01    3.98e+01    7.7e-05
  26300      4.43e+02    3.26e+02      5.86e+00    2.03e+00      4.83e+01    3.67e+01    7.7e-05
  26400      3.19e+02    3.03e+02      1.94e+00    2.21e+00      3.59e+01    3.40e+01    7.7e-05
  26500      3.25e+02    3.00e+02      9.28e-01    8.78e-01      3.68e+01    3.39e+01    7.7e-05
  26600      3.30e+02    3.06e+02      4.03e+00    3.02e+00      3.64e+01    3.40e+01    7.7e-05
  26700      4.37e+02    3.47e+02      4.69e+00    1.68e-02      4.79e+01    3.94e+01    7.7e-05
  26800      4.27e+02    3.25e+02      5.76e+00    3.06e+00      4.66e+01    3.63e+01    7.7e-05
  26900      3.11e+02    3.00e+02      1.02e+00    2.34e-01      3.51e+01    3.40e+01    7.7e-05
  27000      3.23e+02    3.47e+02      9.75e-01    1.17e+00      3.65e+01    3.92e+01    7.7e-05
  27100      3.14e+02    3.22e+02      7.77e-01    1.51e+00      3.55e+01    3.64e+01    7.7e-05
  27200      3.17e+02    3.01e+02      3.04e+00    2.16e+00      3.52e+01    3.37e+01    7.7e-05
  27300      4.24e+02    3.45e+02      5.09e+00    1.90e+00      4.59e+01    3.89e+01    7.7e-05
  27400      3.13e+02    3.23e+02      1.75e+00    2.25e+00      3.53e+01    3.63e+01    7.7e-05
  27500      3.04e+02    6.64e+02      1.33e+00    1.35e+01      3.44e+01    6.95e+01    7.7e-05
  27600      4.34e+02    3.12e+02      5.68e+00    4.37e+00      4.75e+01    3.40e+01    7.7e-05
  27700      3.27e+02    2.99e+02      1.09e+00    1.16e+00      3.69e+01    3.37e+01    7.7e-05
  27800      3.25e+02    6.58e+02      1.64e+00    1.32e+01      3.66e+01    6.88e+01    7.7e-05
  27900      3.15e+02    3.45e+02      1.65e+00    2.52e+00      3.55e+01    3.88e+01    7.7e-05
  28000      3.11e+02    3.13e+02      1.25e+00    2.94e+00      3.51e+01    3.49e+01    7.7e-05
  28100      4.17e+02    6.42e+02      5.31e+00    1.16e+01      4.55e+01    6.83e+01    7.7e-05
  28200      3.30e+02    3.49e+02      6.31e+00    3.59e+00      3.49e+01    3.88e+01    7.7e-05
  28300      2.97e+02    3.15e+02      6.17e-01    5.19e-01      3.36e+01    3.57e+01    7.7e-05
  28400      5.35e+02    2.94e+02      8.52e+00    8.97e-01      5.77e+01    3.33e+01    7.7e-05
  28500      3.14e+02    3.01e+02      9.94e-01    2.09e-01      3.55e+01    3.41e+01    7.7e-05
  28600      3.15e+02    6.45e+02      1.57e+00    1.31e+01      3.55e+01    6.74e+01    7.7e-05
  28700      4.70e+02    2.90e+02      4.84e+00    3.19e-01      5.17e+01    3.28e+01    7.7e-05
  28800      3.13e+02    3.14e+02      9.48e-01    1.50e+00      3.54e+01    3.54e+01    7.7e-05
  28900      3.19e+02    3.11e+02      9.72e-01    4.18e-01      3.60e+01    3.52e+01    7.7e-05
  29000      2.95e+02    3.36e+02      5.69e-01    1.08e+00      3.34e+01    3.80e+01    7.7e-05
  29100      4.10e+02    3.12e+02      4.87e+00    1.17e+00      4.45e+01    3.53e+01    7.7e-05
  29200      2.96e+02    2.95e+02      1.34e+00    8.58e-01      3.34e+01    3.34e+01    7.7e-05
  29300      3.16e+02    3.11e+02      1.27e+00    4.99e-01      3.56e+01    3.52e+01    7.7e-05
  29400      4.17e+02    2.93e+02      5.58e+00    3.17e+00      4.56e+01    3.25e+01    7.7e-05
  29500      3.01e+02    2.89e+02      8.87e-01    4.43e-01      3.40e+01    3.27e+01    7.7e-05
  29600      3.20e+02    3.15e+02      2.38e+00    1.04e+00      3.58e+01    3.56e+01    7.7e-05
  29700      4.55e+02    3.35e+02      6.95e+00    6.56e+00      4.89e+01    3.53e+01    7.7e-05
  29800      4.18e+02    3.10e+02      5.90e+00    2.34e+00      4.54e+01    3.48e+01    7.7e-05
  29900      2.99e+02    2.87e+02      9.35e-01    8.11e-01      3.39e+01    3.25e+01    7.7e-05
  30000      2.66e+03    3.67e+02      6.05e+00    1.59e+00      3.01e+02    4.14e+01    7.7e-05
  30100      2.47e+02    2.39e+02      2.15e+00    1.40e+00      3.56e+01    3.46e+01    4.6e-05
  30200      2.71e+02    2.55e+02      2.02e+00    2.82e+00      3.89e+01    3.64e+01    4.6e-05
  30300      4.02e+02    2.34e+02      6.64e+00    7.31e-01      5.42e+01    3.41e+01    4.6e-05
  30400      2.46e+02    2.80e+02      1.25e+00    2.69e+00      3.56e+01    4.02e+01    4.6e-05
  30500      3.70e+02    6.44e+02      6.25e+00    1.89e+01      4.87e+01    7.74e+01    4.6e-05
  30600      2.34e+02    2.49e+02      1.65e+00    3.09e+00      3.38e+01    3.53e+01    4.6e-05
  30700      3.61e+02    2.28e+02      6.15e+00    1.72e+00      4.86e+01    3.29e+01    4.6e-05
  30800      2.38e+02    2.54e+02      2.93e+00    4.58e+00      3.36e+01    3.47e+01    4.6e-05
  30900      2.53e+02    2.29e+02      1.50e+00    2.89e-01      3.67e+01    3.34e+01    4.6e-05
  31000      3.52e+02    2.37e+02      6.33e+00    1.85e+00      4.63e+01    3.41e+01    4.6e-05
  31100      2.43e+02    2.43e+02      2.87e+00    3.64e+00      3.45e+01    3.39e+01    4.6e-05
  31200      3.46e+02    2.48e+02      7.15e+00    3.83e+00      4.57e+01    3.45e+01    4.6e-05
  31300      2.29e+02    2.30e+02      2.11e+00    2.33e+00      3.28e+01    3.28e+01    4.6e-05
  31400      3.82e+02    2.60e+02      7.13e+00    1.06e+00      5.16e+01    3.78e+01    4.6e-05
  31500      2.53e+02    2.63e+02      3.49e+00    5.65e+00      3.55e+01    3.50e+01    4.6e-05
  31600      2.36e+02    2.26e+02      6.56e-01    3.05e-01      3.43e+01    3.29e+01    4.6e-05
  31700      2.41e+02    2.29e+02      3.43e+00    2.56e+00      3.38e+01    3.27e+01    4.6e-05
  31800      2.76e+02    2.66e+02      6.72e+00    5.78e+00      3.55e+01    3.53e+01    4.6e-05
  31900      3.39e+02    2.40e+02      6.87e+00    4.18e+00      4.52e+01    3.30e+01    4.6e-05
  32000      3.38e+02    5.21e+02      6.79e+00    1.30e+01      4.51e+01    6.65e+01    4.6e-05
  32100      2.49e+02    2.59e+02      4.54e+00    1.92e+00      3.40e+01    3.74e+01    4.6e-05
  32200      2.37e+02    7.12e+02      3.02e+00    1.48e+01      3.36e+01    9.52e+01    4.6e-05
  32300      2.45e+02    2.36e+02      4.24e+00    3.19e+00      3.37e+01    3.32e+01    4.6e-05
  32400      3.42e+02    2.26e+02      5.57e+00    8.83e-01      4.55e+01    3.29e+01    4.6e-05
  32500      3.30e+02    2.44e+02      7.55e+00    5.05e+00      4.31e+01    3.26e+01    4.6e-05
  32600      2.36e+02    2.55e+02      3.36e+00    1.38e+00      3.31e+01    3.69e+01    4.6e-05
  32700      2.36e+02    5.43e+02      1.48e+00    1.71e+01      3.41e+01    6.28e+01    4.6e-05
  32800      3.26e+02    2.32e+02      6.67e+00    3.11e+00      4.32e+01    3.26e+01    4.6e-05
  32900      2.45e+02    2.37e+02      3.65e+00    4.12e+00      3.41e+01    3.26e+01    4.6e-05
  33000      2.27e+02    2.27e+02      1.22e+00    1.10e+00      3.29e+01    3.30e+01    4.6e-05
  33100      2.40e+02    5.19e+02      1.17e+00    1.53e+01      3.48e+01    6.22e+01    4.6e-05
  33200      2.28e+02    2.27e+02      5.13e-01    9.43e-01      3.32e+01    3.30e+01    4.6e-05
  33300      3.27e+02    2.56e+02      6.94e+00    1.34e+00      4.31e+01    3.71e+01    4.6e-05
  33400      3.32e+02    2.80e+02      6.78e+00    7.45e+00      4.45e+01    3.50e+01    4.6e-05
  33500      5.23e+02    2.30e+02      6.25e+00    1.37e+00      7.40e+01    3.33e+01    4.6e-05
  33600      2.47e+02    2.50e+02      3.03e-01    1.51e+00      3.59e+01    3.62e+01    4.6e-05
  33700      2.56e+02    2.46e+02      1.79e+00    2.55e+00      3.68e+01    3.52e+01    4.6e-05
  33800      3.28e+02    2.26e+02      5.39e+00    1.28e+00      4.36e+01    3.27e+01    4.6e-05
  33900      2.32e+02    5.06e+02      1.72e+00    1.47e+01      3.35e+01    6.10e+01    4.6e-05
  34000      2.33e+02    2.48e+02      3.00e+00    3.93e+00      3.29e+01    3.44e+01    4.6e-05
  34100      2.35e+02    4.92e+02      4.09e+00    1.34e+01      3.22e+01    6.12e+01    4.6e-05
  34200      2.37e+02    2.46e+02      3.66e+00    4.52e+00      3.30e+01    3.35e+01    4.6e-05
  34300      2.31e+02    2.58e+02      1.19e+00    2.29e+00      3.35e+01    3.71e+01    4.6e-05
  34400      2.39e+02    2.19e+02      6.83e-01    3.57e-01      3.47e+01    3.20e+01    4.6e-05
  34500      3.19e+02    2.36e+02      5.59e+00    7.96e-01      4.17e+01    3.43e+01    4.6e-05
  34600      5.34e+02    5.44e+02      1.73e+01    1.80e+01      6.10e+01    6.11e+01    4.6e-05
  34700      2.61e+02    2.85e+02      6.28e+00    8.14e+00      3.37e+01    3.47e+01    4.6e-05
  34800      2.33e+02    2.54e+02      2.85e+00    1.20e+00      3.30e+01    3.68e+01    4.6e-05
  34900      2.46e+02    2.68e+02      4.97e+00    6.93e+00      3.30e+01    3.39e+01    4.6e-05
  35000      2.49e+02    4.75e+02      4.07e+00    1.22e+01      3.44e+01    6.02e+01    4.6e-05
  35100      1.89e+02    1.74e+02      6.59e-01    6.74e-01      3.52e+01    3.25e+01    2.8e-05
  35200      2.64e+02    1.74e+02      5.68e+00    1.71e+00      4.33e+01    3.20e+01    2.8e-05
  35300      1.84e+02    1.85e+02      1.30e+00    2.08e+00      3.39e+01    3.38e+01    2.8e-05
  35400      1.89e+02    2.01e+02      3.19e+00    4.52e+00      3.33e+01    3.39e+01    2.8e-05
  35500      2.10e+02    2.28e+02      5.91e+00    7.13e+00      3.28e+01    3.38e+01    2.8e-05
  35600      1.92e+02    3.97e+02      2.92e+00    1.21e+01      3.41e+01    5.98e+01    2.8e-05
  35700      1.72e+02    1.80e+02      8.36e-01    2.05e+00      3.20e+01    3.29e+01    2.8e-05
  35800      3.22e+02    1.77e+02      8.90e+00    2.73e+00      5.04e+01    3.17e+01    2.8e-05
  35900      1.79e+02    4.19e+02      2.58e-01    1.40e+01      3.34e+01    5.98e+01    2.8e-05
  36000      2.53e+02    1.88e+02      5.38e+00    2.58e+00      4.15e+01    3.39e+01    2.8e-05
  36100      2.22e+02    3.71e+02      6.43e+00    9.48e+00      3.44e+01    6.02e+01    2.8e-05
  36200      1.75e+02    1.82e+02      5.18e-01    1.15e+00      3.27e+01    3.38e+01    2.8e-05
  36300      1.82e+02    4.40e+02      6.86e-01    1.53e+01      3.40e+01    6.09e+01    2.8e-05
  36400      1.94e+02    1.78e+02      3.92e+00    2.25e+00      3.33e+01    3.23e+01    2.8e-05
  36500      2.54e+02    1.77e+02      5.25e+00    2.75e+00      4.25e+01    3.16e+01    2.8e-05
  36600      1.89e+02    1.78e+02      3.35e+00    2.28e+00      3.31e+01    3.23e+01    2.8e-05
  36700      1.78e+02    1.69e+02      6.34e-01    3.20e-01      3.32e+01    3.16e+01    2.8e-05
  36800      2.66e+02    1.82e+02      6.63e+00    2.34e+00      4.18e+01    3.29e+01    2.8e-05
  36900      1.93e+02    1.94e+02      2.98e+00    3.64e+00      3.42e+01    3.38e+01    2.8e-05
  37000      1.82e+02    1.84e+02      1.65e+00    1.71e+00      3.34e+01    3.38e+01    2.8e-05
  37100      1.76e+02    1.73e+02      1.63e+00    1.52e+00      3.23e+01    3.18e+01    2.8e-05
  37200      3.41e+02    1.75e+02      9.67e+00    4.54e-02      5.08e+01    3.28e+01    2.8e-05
  37300      1.75e+02    1.73e+02      1.24e+00    1.16e+00      3.24e+01    3.21e+01    2.8e-05
  37400      2.59e+02    1.74e+02      6.14e+00    1.61e+00      4.09e+01    3.21e+01    2.8e-05
  37500      2.48e+02    3.79e+02      5.61e+00    1.08e+01      4.14e+01    5.91e+01    2.8e-05
  37600      1.83e+02    1.84e+02      1.18e+00    2.16e+00      3.38e+01    3.35e+01    2.8e-05
  37700      1.78e+02    1.88e+02      2.36e+00    3.51e+00      3.22e+01    3.29e+01    2.8e-05
  37800      1.78e+02    1.80e+02      7.23e-01    2.18e+00      3.32e+01    3.27e+01    2.8e-05
  37900      1.78e+02    1.68e+02      5.07e-01    8.58e-02      3.33e+01    3.14e+01    2.8e-05
  38000      2.56e+02    1.96e+02      5.50e+00    1.68e+00      4.26e+01    3.61e+01    2.8e-05
  38100      2.53e+02    4.01e+02      5.41e+00    1.31e+01      4.17e+01    5.80e+01    2.8e-05
  38200      1.88e+02    1.87e+02      2.68e+00    3.40e+00      3.38e+01    3.28e+01    2.8e-05
  38300      1.80e+02    1.72e+02      2.22e+00    1.93e+00      3.27e+01    3.13e+01    2.8e-05
  38400      2.51e+02    1.80e+02      4.99e+00    2.26e+00      4.15e+01    3.26e+01    2.8e-05
  38500      2.58e+02    1.92e+02      5.18e+00    5.48e-01      4.25e+01    3.59e+01    2.8e-05
  38600      1.83e+02    1.97e+02      2.34e+00    2.12e+00      3.31e+01    3.60e+01    2.8e-05
  38700      1.82e+02    1.83e+02      2.38e+00    2.85e+00      3.29e+01    3.26e+01    2.8e-05
  38800      1.91e+02    1.98e+02      1.37e+00    1.12e+00      3.54e+01    3.67e+01    2.8e-05
  38900      1.75e+02    1.89e+02      1.61e+00    3.15e+00      3.22e+01    3.34e+01    2.8e-05
  39000      2.01e+02    2.05e+02      4.88e+00    4.94e+00      3.31e+01    3.38e+01    2.8e-05
  39100      2.62e+02    1.80e+02      5.35e+00    1.14e+00      4.23e+01    3.35e+01    2.8e-05
  39200      2.53e+02    1.86e+02      5.97e+00    2.62e+00      4.12e+01    3.35e+01    2.8e-05
  39300      1.71e+02    1.81e+02      4.22e-01    8.55e-01      3.19e+01    3.37e+01    2.8e-05
  39400      1.81e+02    1.86e+02      3.13e+00    3.36e+00      3.19e+01    3.27e+01    2.8e-05
  39500      1.94e+02    1.80e+02      4.46e+00    3.05e+00      3.25e+01    3.19e+01    2.8e-05
  39600      2.47e+02    1.78e+02      6.01e+00    2.36e+00      4.04e+01    3.22e+01    2.8e-05
  39700      2.44e+02    1.81e+02      4.78e+00    1.64e+00      3.98e+01    3.33e+01    2.8e-05
  39800      1.86e+02    5.25e+02      5.47e-01    1.58e+01      3.46e+01    7.96e+01    2.8e-05
  39900      1.73e+02    1.70e+02      8.00e-01    8.76e-01      3.22e+01    3.17e+01    2.8e-05
  40000      1.75e+02    1.80e+02      9.48e-01    1.12e+00      3.26e+01    3.34e+01    2.8e-05
  40100      2.09e+02    1.51e+02      5.71e+00    3.06e+00      4.05e+01    3.33e+01    1.7e-05
  40200      1.45e+02    1.34e+02      1.36e+00    3.90e-01      3.37e+01    3.20e+01    1.7e-05
  40300      1.55e+02    1.46e+02      2.91e+00    3.10e+00      3.44e+01    3.17e+01    1.7e-05
  40400      2.08e+02    1.51e+02      5.25e+00    7.35e-01      4.05e+01    3.60e+01    1.7e-05
  40500      1.50e+02    1.40e+02      2.74e+00    1.98e+00      3.34e+01    3.21e+01    1.7e-05
  40600      1.58e+02    1.37e+02      3.88e+00    1.70e+00      3.32e+01    3.19e+01    1.7e-05
  40700      1.45e+02    1.43e+02      9.97e-01    1.19e+00      3.43e+01    3.37e+01    1.7e-05
  40800      1.44e+02    1.55e+02      2.42e+00    3.35e+00      3.24e+01    3.36e+01    1.7e-05
  40900      1.40e+02    1.52e+02      6.43e-01    9.29e-01      3.32e+01    3.60e+01    1.7e-05
  41000      2.26e+02    1.33e+02      5.06e+00    6.60e-01      4.74e+01    3.15e+01    1.7e-05
  41100      1.37e+02    1.55e+02      1.94e+00    3.40e+00      3.14e+01    3.35e+01    1.7e-05
  41200      2.59e+02    1.32e+02      7.97e+00    1.02e+00      4.69e+01    3.11e+01    1.7e-05
  41300      1.35e+02    1.34e+02      8.21e-01    7.15e-02      3.18e+01    3.21e+01    1.7e-05
  41400      2.10e+02    1.54e+02      5.85e+00    3.60e+00      4.21e+01    3.26e+01    1.7e-05
  41500      1.46e+02    1.39e+02      2.91e+00    2.07e+00      3.19e+01    3.19e+01    1.7e-05
  41600      1.42e+02    1.41e+02      1.67e+00    2.36e-01      3.28e+01    3.36e+01    1.7e-05
  41700      1.38e+02    1.47e+02      1.27e+00    2.44e+00      3.22e+01    3.32e+01    1.7e-05
  41800      1.44e+02    1.35e+02      1.92e+00    1.49e+00      3.31e+01    3.15e+01    1.7e-05
  41900      1.33e+02    1.32e+02      4.97e-01    2.11e-02      3.16e+01    3.15e+01    1.7e-05
  42000      1.63e+02    1.41e+02      4.28e+00    2.55e+00      3.33e+01    3.15e+01    1.7e-05
  42100      2.07e+02    1.34e+02      5.39e+00    7.92e-01      4.16e+01    3.18e+01    1.7e-05
  42200      1.43e+02    1.53e+02      2.38e+00    3.20e+00      3.20e+01    3.35e+01    1.7e-05
  42300      1.99e+02    1.55e+02      4.84e+00    1.88e+00      4.05e+01    3.60e+01    1.7e-05
  42400      2.04e+02    1.51e+02      5.36e+00    3.33e+00      4.12e+01    3.25e+01    1.7e-05
  42500      1.45e+02    3.06e+02      1.83e+00    1.05e+01      3.36e+01    5.42e+01    1.7e-05
  42600      1.94e+02    1.42e+02      5.12e+00    2.77e+00      3.94e+01    3.15e+01    1.7e-05
  42700      1.95e+02    1.46e+02      4.89e+00    2.75e+00      3.96e+01    3.24e+01    1.7e-05
  42800      1.32e+02    1.30e+02      3.92e-01    4.74e-01      3.14e+01    3.10e+01    1.7e-05
  42900      1.39e+02    1.36e+02      5.52e-01    1.42e+00      3.32e+01    3.18e+01    1.7e-05
  43000      1.39e+02    1.41e+02      8.49e-01    1.66e-01      3.28e+01    3.38e+01    1.7e-05
  43100      2.00e+02    1.44e+02      4.82e+00    1.68e+00      4.03e+01    3.35e+01    1.7e-05
  43200      2.17e+02    3.74e+02      5.01e+00    9.59e+00      4.59e+01    7.74e+01    1.7e-05
  43300      1.47e+02    3.33e+02      5.46e-01    1.23e+01      3.50e+01    5.51e+01    1.7e-05
  43400      2.07e+02    1.31e+02      4.31e+00    1.09e-01      4.29e+01    3.14e+01    1.7e-05
  43500      1.44e+02    1.40e+02      1.76e+00    2.14e+00      3.32e+01    3.19e+01    1.7e-05
  43600      1.40e+02    1.56e+02      2.03e+00    2.07e+00      3.19e+01    3.61e+01    1.7e-05
  43700      1.41e+02    1.33e+02      2.08e+00    4.86e-01      3.20e+01    3.17e+01    1.7e-05
  43800      1.39e+02    1.39e+02      1.19e+00    2.08e-01      3.28e+01    3.33e+01    1.7e-05
  43900      1.49e+02    1.54e+02      2.92e+00    3.66e+00      3.30e+01    3.25e+01    1.7e-05
  44000      1.53e+02    1.38e+02      3.17e+00    2.13e+00      3.34e+01    3.13e+01    1.7e-05
  44100      2.39e+02    1.70e+02      6.97e+00    4.93e+00      4.70e+01    3.34e+01    1.7e-05
  44200      1.95e+02    1.44e+02      5.19e+00    2.97e+00      3.96e+01    3.14e+01    1.7e-05
  44300      1.51e+02    1.57e+02      2.79e+00    3.64e+00      3.35e+01    3.34e+01    1.7e-05
  44400      1.48e+02    1.55e+02      2.71e+00    3.41e+00      3.28e+01    3.34e+01    1.7e-05
  44500      2.11e+02    1.53e+02      5.05e+00    3.58e+00      4.44e+01    3.25e+01    1.7e-05
  44600      1.38e+02    1.48e+02      1.80e+00    2.54e+00      3.17e+01    3.34e+01    1.7e-05
  44700      1.41e+02    1.39e+02      2.27e+00    2.57e+00      3.18e+01    3.10e+01    1.7e-05
  44800      1.44e+02    1.34e+02      4.57e-01    1.94e-01      3.43e+01    3.21e+01    1.7e-05
  44900      1.45e+02    1.35e+02      2.37e+00    2.00e+00      3.26e+01    3.09e+01    1.7e-05
  45000      1.41e+02    1.50e+02      2.00e+00    2.96e+00      3.22e+01    3.30e+01    1.7e-05
  45100      1.13e+02    1.03e+02      9.91e-01    9.96e-02      3.34e+01    3.13e+01    9.9e-06
  45200      1.17e+02    2.55e+02      2.42e+00    9.43e+00      3.25e+01    5.32e+01    9.9e-06
  45300      1.19e+02    1.19e+02      1.83e+00    2.70e+00      3.43e+01    3.23e+01    9.9e-06
  45400      2.25e+02    1.05e+02      8.00e+00    8.53e-01      4.64e+01    3.14e+01    9.9e-06
  45500      1.07e+02    1.03e+02      7.76e-01    6.44e-01      3.18e+01    3.08e+01    9.9e-06
  45600      1.06e+02    1.04e+02      1.18e+00    9.79e-01      3.12e+01    3.09e+01    9.9e-06
  45700      1.55e+02    1.08e+02      4.16e+00    1.56e+00      3.89e+01    3.13e+01    9.9e-06
  45800      1.59e+02    1.03e+02      3.67e+00    7.34e-01      3.99e+01    3.09e+01    9.9e-06
  45900      1.61e+02    1.03e+02      3.51e+00    6.90e-02      4.09e+01    3.13e+01    9.9e-06
  46000      1.55e+02    2.52e+02      3.79e+00    9.27e+00      3.88e+01    5.31e+01    9.9e-06
  46100      1.08e+02    1.20e+02      9.16e-01    1.16e+00      3.20e+01    3.59e+01    9.9e-06
  46200      1.23e+02    1.21e+02      2.63e+00    2.92e+00      3.36e+01    3.23e+01    9.9e-06
  46300      1.08e+02    1.11e+02      4.03e-01    1.64e-01      3.26e+01    3.37e+01    9.9e-06
  46400      1.12e+02    1.18e+02      1.74e+00    2.29e+00      3.21e+01    3.31e+01    9.9e-06
  46500      1.57e+02    2.51e+02      3.60e+00    9.24e+00      3.98e+01    5.29e+01    9.9e-06
  46600      1.54e+02    1.24e+02      3.75e+00    2.86e+00      3.94e+01    3.34e+01    9.9e-06
  46700      1.09e+02    2.52e+02      1.17e+00    9.17e+00      3.21e+01    5.34e+01    9.9e-06
  46800      1.13e+02    1.26e+02      1.37e+00    1.36e+00      3.28e+01    3.74e+01    9.9e-06
  46900      2.06e+02    2.59e+02      6.31e+00    8.76e+00      4.92e+01    5.89e+01    9.9e-06
  47000      1.12e+02    1.19e+02      1.04e+00    6.32e-01      3.33e+01    3.59e+01    9.9e-06
  47100      1.63e+02    1.08e+02      3.93e+00    1.34e+00      4.02e+01    3.17e+01    9.9e-06
  47200      1.15e+02    1.24e+02      2.11e+00    1.91e+00      3.23e+01    3.59e+01    9.9e-06
  47300      1.22e+02    1.37e+02      3.00e+00    4.19e+00      3.22e+01    3.33e+01    9.9e-06
  47400      1.52e+02    1.19e+02      3.46e+00    2.36e+00      3.89e+01    3.33e+01    9.9e-06
  47500      1.16e+02    1.28e+02      2.53e+00    2.52e+00      3.18e+01    3.58e+01    9.9e-06
  47600      1.07e+02    1.03e+02      6.84e-01    2.39e-01      3.21e+01    3.12e+01    9.9e-06
  47700      1.13e+02    1.10e+02      1.14e+00    1.49e+00      3.33e+01    3.21e+01    9.9e-06
  47800      1.13e+02    3.80e+02      5.52e-01    9.62e+00      3.40e+01    9.99e+01    9.9e-06
  47900      1.08e+02    1.18e+02      1.22e+00    2.28e+00      3.17e+01    3.31e+01    9.9e-06
  48000      1.15e+02    1.05e+02      1.35e+00    1.43e+00      3.35e+01    3.08e+01    9.9e-06
  48100      1.17e+02    1.08e+02      2.44e+00    1.49e+00      3.20e+01    3.15e+01    9.9e-06
  48200      1.57e+02    1.03e+02      3.62e+00    7.57e-01      3.91e+01    3.08e+01    9.9e-06
  48300      1.90e+02    1.19e+02      5.70e+00    2.45e+00      4.59e+01    3.31e+01    9.9e-06
  48400      1.11e+02    1.12e+02      5.95e-01    9.87e-01      3.33e+01    3.34e+01    9.9e-06
  48500      1.13e+02    1.04e+02      1.78e+00    1.08e+00      3.24e+01    3.08e+01    9.9e-06
  48600      1.11e+02    1.02e+02      9.51e-01    5.36e-01      3.30e+01    3.08e+01    9.9e-06
  48700      1.06e+02    1.02e+02      9.04e-01    6.64e-01      3.15e+01    3.08e+01    9.9e-06
  48800      1.08e+02    1.17e+02      9.25e-01    2.06e+00      3.20e+01    3.32e+01    9.9e-06
  48900      1.46e+02    1.21e+02      2.74e+00    1.41e+00      3.86e+01    3.57e+01    9.9e-06
  49000      1.55e+02    1.08e+02      3.53e+00    1.13e+00      4.06e+01    3.20e+01    9.9e-06
  49100      1.55e+02    2.18e+02      3.86e+00    6.71e+00      4.04e+01    5.25e+01    9.9e-06
  49200      1.13e+02    1.10e+02      1.69e+00    1.52e+00      3.24e+01    3.20e+01    9.9e-06
  49300      1.07e+02    1.14e+02      8.31e-01    1.65e+00      3.19e+01    3.30e+01    9.9e-06
  49400      1.05e+02    1.21e+02      1.01e+00    2.70e+00      3.12e+01    3.30e+01    9.9e-06
  49500      1.12e+02    1.03e+02      9.51e-01    8.07e-02      3.34e+01    3.12e+01    9.9e-06
  49600      1.13e+02    1.19e+02      1.42e+00    2.40e+00      3.31e+01    3.32e+01    9.9e-06
  49700      1.50e+02    1.05e+02      2.85e+00    1.02e+00      3.88e+01    3.13e+01    9.9e-06
  49800      1.06e+02    1.18e+02      4.78e-01    2.94e-01      3.19e+01    3.56e+01    9.9e-06
  49900      1.08e+02    1.03e+02      6.56e-01    5.17e-01      3.24e+01    3.12e+01    9.9e-06
  50000      1.56e+02    1.05e+02      2.83e+00    7.45e-01      4.19e+01    3.15e+01    9.9e-06
  50100      1.25e+02    2.02e+02      3.12e+00    7.46e+00      3.90e+01    5.26e+01    5.9e-06
  50200      8.99e+01    8.64e+01      8.99e-01    1.01e+00      3.34e+01    3.20e+01    5.9e-06
  50300      8.57e+01    8.21e+01      7.83e-01    1.74e-01      3.19e+01    3.12e+01    5.9e-06
  50400      8.62e+01    8.93e+01      1.33e+00    1.52e+00      3.12e+01    3.20e+01    5.9e-06
  50500      8.54e+01    8.08e+01      6.36e-01    1.49e-01      3.21e+01    3.07e+01    5.9e-06
  50600      8.21e+01    8.20e+01      4.98e-01    1.42e-02      3.10e+01    3.12e+01    5.9e-06
  50700      8.86e+01    1.86e+02      1.32e+00    6.38e+00      3.19e+01    5.25e+01    5.9e-06
  50800      1.51e+02    1.11e+02      4.58e+00    3.49e+00      4.63e+01    3.31e+01    5.9e-06
  50900      9.89e+01    1.03e+02      2.52e+00    2.80e+00      3.25e+01    3.31e+01    5.9e-06
  51000      9.17e+01    9.60e+01      7.82e-01    1.00e+00      3.43e+01    3.57e+01    5.9e-06
  51100      1.26e+02    8.29e+01      3.22e+00    3.04e-02      4.05e+01    3.15e+01    5.9e-06
  51200      8.88e+01    1.89e+02      1.25e+00    6.57e+00      3.21e+01    5.24e+01    5.9e-06
  51300      1.62e+02    9.42e+01      5.13e+00    3.85e-01      4.62e+01    3.57e+01    5.9e-06
  51400      9.05e+01    8.53e+01      4.77e-01    7.13e-01      3.42e+01    3.20e+01    5.9e-06
  51500      9.14e+01    8.34e+01      1.54e+00    1.03e+00      3.24e+01    3.07e+01    5.9e-06
  51600      9.26e+01    8.28e+01      1.21e+00    8.26e-02      3.35e+01    3.15e+01    5.9e-06
  51700      8.99e+01    9.27e+01      9.88e-01    1.56e+00      3.32e+01    3.33e+01    5.9e-06
  51800      1.15e+02    8.29e+01      2.27e+00    1.50e-01      3.82e+01    3.15e+01    5.9e-06
  51900      1.20e+02    9.05e+01      2.71e+00    1.28e+00      3.86e+01    3.31e+01    5.9e-06
  52000      8.44e+01    8.08e+01      5.31e-01    1.15e-01      3.17e+01    3.07e+01    5.9e-06
  52100      8.71e+01    9.78e+01      1.11e+00    1.13e+00      3.19e+01    3.62e+01    5.9e-06
  52200      8.66e+01    8.20e+01      1.04e+00    7.20e-01      3.16e+01    3.07e+01    5.9e-06
  52300      1.23e+02    9.09e+01      2.63e+00    1.27e+00      4.06e+01    3.32e+01    5.9e-06
  52400      1.17e+02    1.92e+02      2.41e+00    6.77e+00      3.80e+01    5.26e+01    5.9e-06
  52500      1.17e+02    9.57e+01      2.64e+00    9.42e-01      3.87e+01    3.57e+01    5.9e-06
  52600      9.16e+01    8.24e+01      1.60e+00    2.78e-01      3.27e+01    3.13e+01    5.9e-06
  52700      8.81e+01    8.31e+01      1.08e+00    3.42e-01      3.20e+01    3.15e+01    5.9e-06
  52800      1.23e+02    1.89e+02      2.47e+00    6.40e+00      4.04e+01    5.37e+01    5.9e-06
  52900      9.23e+01    9.38e+01      5.36e-01    3.56e-01      3.48e+01    3.56e+01    5.9e-06
  53000      8.47e+01    9.71e+01      7.95e-01    1.31e+00      3.14e+01    3.56e+01    5.9e-06
  53100      8.70e+01    9.11e+01      9.89e-01    1.33e+00      3.22e+01    3.32e+01    5.9e-06
  53200      8.28e+01    8.91e+01      3.44e-01    1.47e+00      3.13e+01    3.20e+01    5.9e-06
  53300      8.59e+01    9.47e+01      7.53e-01    6.20e-01      3.21e+01    3.57e+01    5.9e-06
  53400      1.17e+02    8.28e+01      2.76e+00    1.59e-01      3.90e+01    3.15e+01    5.9e-06
  53500      8.79e+01    8.33e+01      7.32e-01    1.04e+00      3.28e+01    3.07e+01    5.9e-06
  53600      1.10e+02    8.26e+01      1.91e+00    3.98e-01      3.80e+01    3.13e+01    5.9e-06
  53700      8.56e+01    8.99e+01      7.71e-01    1.13e+00      3.19e+01    3.31e+01    5.9e-06
  53800      1.12e+02    8.58e+01      2.05e+00    8.73e-01      3.80e+01    3.20e+01    5.9e-06
  53900      1.17e+02    8.29e+01      2.74e+00    2.60e-01      3.93e+01    3.14e+01    5.9e-06
  54000      8.99e+01    8.06e+01      8.32e-01    4.23e-02      3.35e+01    3.06e+01    5.9e-06
  54100      8.65e+01    8.25e+01      3.87e-01    4.62e-01      3.27e+01    3.12e+01    5.9e-06
  54200      8.92e+01    8.50e+01      6.52e-01    1.01e+00      3.35e+01    3.14e+01    5.9e-06
  54300      8.59e+01    9.47e+01      9.05e-01    1.90e+00      3.17e+01    3.31e+01    5.9e-06
  54400      8.96e+01    9.32e+01      1.41e+00    1.71e+00      3.23e+01    3.31e+01    5.9e-06
  54500      8.56e+01    8.30e+01      6.33e-01    3.93e-01      3.18e+01    3.14e+01    5.9e-06
  54600      8.66e+01    1.75e+02      6.70e-01    5.61e+00      3.22e+01    5.20e+01    5.9e-06
  54700      8.26e+01    9.09e+01      1.96e-03    1.73e+00      3.14e+01    3.20e+01    5.9e-06
  54800      1.44e+02    8.12e+01      2.42e+00    4.25e-01      5.17e+01    3.07e+01    5.9e-06
  54900      1.41e+02    9.50e+01      3.37e+00    9.10e-01      4.65e+01    3.55e+01    5.9e-06
  55000      9.10e+01    9.00e+01      5.61e-01    1.24e+00      3.43e+01    3.29e+01    5.9e-06
  55100      6.62e+01    7.60e+01      1.68e-01    1.49e+00      3.10e+01    3.29e+01    3.5e-06
  55200      6.69e+01    7.00e+01      4.03e-01    8.29e-01      3.11e+01    3.19e+01    3.5e-06
  55300      7.38e+01    7.24e+01      6.79e-01    8.92e-01      3.39e+01    3.30e+01    3.5e-06
  55400      9.96e+01    6.69e+01      2.75e+00    1.19e-01      3.93e+01    3.14e+01    3.5e-06
  55500      7.08e+01    6.93e+01      7.11e-01    6.52e-01      3.22e+01    3.19e+01    3.5e-06
  55600      7.05e+01    6.94e+01      4.32e-01    6.72e-01      3.27e+01    3.19e+01    3.5e-06
  55700      7.44e+01    7.27e+01      1.39e+00    1.27e+00      3.23e+01    3.20e+01    3.5e-06
  55800      6.71e+01    6.70e+01      3.61e-01    3.80e-01      3.12e+01    3.12e+01    3.5e-06
  55900      7.35e+01    6.89e+01      1.39e+00    1.10e+00      3.18e+01    3.07e+01    3.5e-06
  56000      7.02e+01    6.79e+01      3.16e-01    5.73e-01      3.27e+01    3.14e+01    3.5e-06
  56100      1.16e+02    7.19e+01      3.17e+00    1.16e+00      4.52e+01    3.20e+01    3.5e-06
  56200      9.79e+01    7.34e+01      2.05e+00    1.00e+00      4.02e+01    3.32e+01    3.5e-06
  56300      9.68e+01    1.43e+02      2.26e+00    4.64e+00      3.94e+01    5.18e+01    3.5e-06
  56400      6.87e+01    7.27e+01      8.04e-01    8.59e-01      3.13e+01    3.32e+01    3.5e-06
  56500      7.93e+01    8.01e+01      1.37e+00    1.24e+00      3.48e+01    3.58e+01    3.5e-06
  56600      7.24e+01    1.39e+02      1.06e+00    4.28e+00      3.22e+01    5.18e+01    3.5e-06
  56700      7.13e+01    7.34e+01      6.78e-01    1.38e+00      3.19e+01    3.20e+01    3.5e-06
  56800      6.97e+01    7.15e+01      9.01e-01    1.10e+00      3.16e+01    3.20e+01    3.5e-06
  56900      7.03e+01    6.84e+01      5.05e-01    7.21e-01      3.26e+01    3.14e+01    3.5e-06
  57000      9.06e+01    6.72e+01      1.71e+00    3.21e-01      3.83e+01    3.14e+01    3.5e-06
  57100      1.15e+02    7.75e+01      2.85e+00    1.63e+00      4.64e+01    3.31e+01    3.5e-06
  57200      9.37e+01    7.62e+01      1.99e+00    3.27e-01      3.87e+01    3.56e+01    3.5e-06
  57300      7.11e+01    7.49e+01      9.30e-01    1.26e+00      3.22e+01    3.31e+01    3.5e-06
  57400      6.98e+01    7.72e+01      3.82e-01    7.03e-01      3.25e+01    3.56e+01    3.5e-06
  57500      7.57e+01    8.05e+01      1.43e+00    1.97e+00      3.25e+01    3.31e+01    3.5e-06
  57600      9.62e+01    6.69e+01      1.99e+00    1.41e-01      4.11e+01    3.14e+01    3.5e-06
  57700      6.83e+01    6.71e+01      9.07e-01    4.55e-01      3.09e+01    3.12e+01    3.5e-06
  57800      9.12e+01    7.67e+01      1.75e+00    5.72e-01      3.85e+01    3.56e+01    3.5e-06
  57900      9.15e+01    6.66e+01      1.66e+00    1.26e-01      3.94e+01    3.12e+01    3.5e-06
  58000      7.19e+01    7.33e+01      9.97e-01    1.01e+00      3.24e+01    3.31e+01    3.5e-06
  58100      7.08e+01    6.59e+01      7.80e-01    4.09e-01      3.21e+01    3.07e+01    3.5e-06
  58200      7.01e+01    7.84e+01      6.58e-01    9.73e-01      3.19e+01    3.57e+01    3.5e-06
  58300      7.44e+01    7.64e+01      1.32e+00    1.53e+00      3.27e+01    3.30e+01    3.5e-06
  58400      7.19e+01    7.69e+01      9.83e-01    1.59e+00      3.20e+01    3.30e+01    3.5e-06
  58500      9.67e+01    7.59e+01      2.06e+00    1.49e-01      3.96e+01    3.56e+01    3.5e-06
  58600      7.15e+01    1.34e+02      6.27e-01    3.91e+00      3.30e+01    5.16e+01    3.5e-06
  58700      7.28e+01    6.97e+01      7.54e-01    1.00e+00      3.33e+01    3.14e+01    3.5e-06
  58800      1.09e+02    6.82e+01      2.57e+00    7.06e-01      4.48e+01    3.13e+01    3.5e-06
  58900      7.32e+01    1.32e+02      7.68e-01    3.69e+00      3.35e+01    5.16e+01    3.5e-06
  59000      7.22e+01    6.87e+01      9.39e-01    8.00e-01      3.27e+01    3.14e+01    3.5e-06
  59100      7.67e+01    7.06e+01      1.56e+00    9.49e-01      3.30e+01    3.20e+01    3.5e-06
  59200      6.65e+01    7.81e+01      3.21e-01    9.41e-01      3.10e+01    3.56e+01    3.5e-06
  59300      8.73e+01    1.29e+02      1.44e+00    3.48e+00      3.78e+01    5.14e+01    3.5e-06
  59400      8.90e+01    7.30e+01      1.67e+00    9.69e-01      3.80e+01    3.30e+01    3.5e-06
  59500      6.58e+01    7.62e+01      1.54e-01    4.23e-01      3.08e+01    3.55e+01    3.5e-06
  59600      7.18e+01    1.34e+02      2.98e-01    3.88e+00      3.35e+01    5.15e+01    3.5e-06
  59700      7.09e+01    6.53e+01      3.08e-01    2.02e-01      3.31e+01    3.06e+01    3.5e-06
  59800      7.48e+01    7.39e+01      9.49e-01    1.18e+00      3.39e+01    3.29e+01    3.5e-06
  59900      8.92e+01    7.40e+01      1.58e+00    1.19e+00      3.85e+01    3.29e+01    3.5e-06
  60000      8.86e+01    1.23e+02      1.51e+00    2.87e+00      3.85e+01    5.15e+01    3.5e-06
  60100      6.08e+01    6.28e+01      1.02e+00    1.20e+00      3.24e+01    3.29e+01    2.1e-06
  60200      5.91e+01    5.58e+01      8.31e-01    6.84e-01      3.17e+01    3.06e+01    2.1e-06
  60300      7.66e+01    6.35e+01      1.67e+00    1.29e+00      3.88e+01    3.29e+01    2.1e-06
  60400      5.53e+01    6.50e+01      3.17e-01    8.07e-01      3.10e+01    3.57e+01    2.1e-06
  60500      6.03e+01    1.11e+02      2.53e-01    3.25e+00      3.39e+01    5.15e+01    2.1e-06
  60600      7.50e+01    6.15e+01      1.43e+00    9.79e-01      3.84e+01    3.31e+01    2.1e-06
  60700      5.53e+01    5.96e+01      3.23e-01    9.59e-01      3.10e+01    3.20e+01    2.1e-06
  60800      7.48e+01    5.54e+01      1.38e+00    3.29e-01      3.84e+01    3.12e+01    2.1e-06
  60900      5.96e+01    6.34e+01      7.22e-01    3.60e-01      3.27e+01    3.56e+01    2.1e-06
  61000      7.21e+01    5.65e+01      1.09e+00    5.89e-01      3.80e+01    3.13e+01    2.1e-06
  61100      7.46e+01    5.67e+01      1.42e+00    6.29e-01      3.83e+01    3.13e+01    2.1e-06
  61200      6.00e+01    6.23e+01      6.31e-01    1.10e+00      3.32e+01    3.31e+01    2.1e-06
  61300      6.03e+01    6.11e+01      9.64e-01    9.34e-01      3.24e+01    3.30e+01    2.1e-06
  61400      7.47e+01    5.41e+01      1.36e+00    1.21e-01      3.83e+01    3.06e+01    2.1e-06
  61500      5.97e+01    6.39e+01      7.07e-01    1.31e+00      3.28e+01    3.31e+01    2.1e-06
  61600      5.90e+01    6.31e+01      8.60e-01    1.55e-01      3.19e+01    3.57e+01    2.1e-06
  61700      5.70e+01    6.09e+01      7.07e-01    9.00e-01      3.12e+01    3.30e+01    2.1e-06
  61800      6.42e+01    5.61e+01      8.97e-01    4.96e-01      3.48e+01    3.13e+01    2.1e-06
  61900      5.85e+01    1.03e+02      5.49e-01    2.50e+00      3.25e+01    5.15e+01    2.1e-06
  62000      6.26e+01    6.61e+01      1.07e+00    1.58e+00      3.31e+01    3.31e+01    2.1e-06
  62100      6.15e+01    6.48e+01      1.11e+00    7.91e-01      3.22e+01    3.56e+01    2.1e-06
  62200      5.85e+01    6.20e+01      6.81e-01    1.05e+00      3.21e+01    3.31e+01    2.1e-06
  62300      5.93e+01    5.73e+01      8.71e-01    7.73e-01      3.21e+01    3.13e+01    2.1e-06
  62400      7.41e+01    6.22e+01      1.06e+00    1.11e+00      3.92e+01    3.30e+01    2.1e-06
  62500      8.66e+01    1.02e+02      1.75e+00    2.42e+00      4.46e+01    5.13e+01    2.1e-06
  62600      6.50e+01    5.57e+01      1.50e+00    6.66e-01      3.27e+01    3.07e+01    2.1e-06
  62700      5.88e+01    6.04e+01      4.58e-01    1.08e+00      3.27e+01    3.20e+01    2.1e-06
  62800      7.25e+01    6.65e+01      1.13e+00    1.63e+00      3.86e+01    3.30e+01    2.1e-06
  62900      6.17e+01    6.52e+01      7.92e-01    1.49e+00      3.33e+01    3.30e+01    2.1e-06
  63000      6.16e+01    5.84e+01      6.21e-01    7.53e-01      3.41e+01    3.20e+01    2.1e-06
  63100      7.35e+01    1.03e+02      1.29e+00    2.49e+00      3.84e+01    5.12e+01    2.1e-06
  63200      5.83e+01    5.46e+01      7.80e-01    3.50e-01      3.17e+01    3.06e+01    2.1e-06
  63300      7.34e+01    6.14e+01      1.30e+00    9.75e-01      3.84e+01    3.30e+01    2.1e-06
  63400      5.77e+01    6.14e+01      6.05e-01    9.95e-01      3.16e+01    3.29e+01    2.1e-06
  63500      5.92e+01    5.72e+01      7.52e-01    4.84e-01      3.24e+01    3.19e+01    2.1e-06
  63600      7.29e+01    5.70e+01      1.21e+00    7.24e-01      3.83e+01    3.13e+01    2.1e-06
  63700      5.47e+01    6.08e+01      2.04e-01    8.58e-01      3.08e+01    3.30e+01    2.1e-06
  63800      6.07e+01    6.34e+01      7.30e-01    4.30e-01      3.33e+01    3.55e+01    2.1e-06
  63900      7.31e+01    5.49e+01      1.37e+00    4.49e-01      3.84e+01    3.06e+01    2.1e-06
  64000      7.60e+01    1.06e+02      1.19e+00    2.78e+00      3.99e+01    5.13e+01    2.1e-06
  64100      5.78e+01    5.71e+01      5.70e-01    4.39e-01      3.20e+01    3.19e+01    2.1e-06
  64200      5.97e+01    6.17e+01      8.75e-01    1.25e+00      3.23e+01    3.20e+01    2.1e-06
  64300      5.70e+01    1.03e+02      4.65e-01    2.48e+00      3.16e+01    5.12e+01    2.1e-06
  64400      5.88e+01    6.33e+01      5.40e-01    4.06e-01      3.26e+01    3.55e+01    2.1e-06
  64500      7.39e+01    6.27e+01      1.39e+00    1.19e+00      3.87e+01    3.29e+01    2.1e-06
  64600      7.37e+01    1.02e+02      1.33e+00    2.44e+00      3.87e+01    5.12e+01    2.1e-06
  64700      5.88e+01    1.03e+02      5.41e-01    2.47e+00      3.26e+01    5.12e+01    2.1e-06
  64800      7.35e+01    6.00e+01      1.20e+00    7.09e-01      3.87e+01    3.30e+01    2.1e-06
  64900      5.63e+01    6.35e+01      5.58e-01    4.89e-01      3.10e+01    3.55e+01    2.1e-06
  65000      6.21e+01    6.38e+01      1.16e+00    1.33e+00      3.26e+01    3.29e+01    2.1e-06
  65100      7.80e+01    5.08e+01      1.90e+00    9.76e-01      4.51e+01    3.12e+01    1.3e-06
  65200      5.17e+01    5.37e+01      5.96e-01    1.05e+00      3.32e+01    3.29e+01    1.3e-06
  65300      5.02e+01    4.90e+01      4.45e-01    6.96e-01      3.27e+01    3.12e+01    1.3e-06
  65400      4.93e+01    9.11e+01      2.98e-01    2.47e+00      3.24e+01    5.12e+01    1.3e-06
  65500      6.27e+01    4.99e+01      1.21e+00    8.47e-01      3.81e+01    3.12e+01    1.3e-06
  65600      5.06e+01    5.41e+01      6.14e-01    3.33e-01      3.22e+01    3.56e+01    1.3e-06
  65700      5.09e+01    5.32e+01      8.75e-01    9.76e-01      3.18e+01    3.30e+01    1.3e-06
  65800      5.17e+01    5.44e+01      8.12e-01    4.49e-01      3.23e+01    3.56e+01    1.3e-06
  65900      4.77e+01    4.97e+01      4.05e-01    8.28e-01      3.10e+01    3.12e+01    1.3e-06
  66000      6.52e+01    5.31e+01      1.17e+00    9.34e-01      4.00e+01    3.30e+01    1.3e-06
  66100      7.61e+01    4.62e+01      1.69e+00    8.43e-02      4.48e+01    3.06e+01    1.3e-06
  66200      5.02e+01    4.83e+01      6.42e-01    5.61e-01      3.18e+01    3.12e+01    1.3e-06
  66300      5.00e+01    4.75e+01      3.48e-01    3.78e-01      3.27e+01    3.11e+01    1.3e-06
  66400      6.08e+01    5.05e+01      8.96e-01    9.41e-01      3.77e+01    3.12e+01    1.3e-06
  66500      6.23e+01    5.33e+01      1.03e+00    9.88e-01      3.83e+01    3.30e+01    1.3e-06
  66600      5.12e+01    5.36e+01      6.21e-01    1.01e+00      3.29e+01    3.30e+01    1.3e-06
  66700      5.02e+01    5.24e+01      4.08e-01    8.35e-01      3.29e+01    3.31e+01    1.3e-06
  66800      4.88e+01    5.41e+01      4.24e-01    3.49e-01      3.16e+01    3.56e+01    1.3e-06
  66900      5.08e+01    5.35e+01      7.92e-01    1.01e+00      3.20e+01    3.30e+01    1.3e-06
  67000      5.57e+01    5.63e+01      1.10e+00    1.35e+00      3.39e+01    3.30e+01    1.3e-06
  67100      5.22e+01    4.63e+01      9.28e-01    1.47e-01      3.24e+01    3.06e+01    1.3e-06
  67200      5.41e+01    5.45e+01      8.65e-01    4.83e-01      3.39e+01    3.56e+01    1.3e-06
  67300      6.13e+01    8.72e+01      1.06e+00    2.07e+00      3.78e+01    5.12e+01    1.3e-06
  67400      5.12e+01    4.89e+01      6.30e-01    6.93e-01      3.29e+01    3.12e+01    1.3e-06
  67500      5.92e+01    4.69e+01      7.98e-01    7.24e-02      3.75e+01    3.11e+01    1.3e-06
  67600      4.97e+01    4.99e+01      5.69e-01    8.55e-01      3.20e+01    3.12e+01    1.3e-06
  67700      6.44e+01    5.42e+01      1.08e+00    3.78e-01      3.99e+01    3.56e+01    1.3e-06
  67800      5.26e+01    5.41e+01      6.97e-01    1.09e+00      3.35e+01    3.30e+01    1.3e-06
  67900      5.05e+01    5.29e+01      7.37e-01    9.05e-01      3.21e+01    3.30e+01    1.3e-06
  68000      5.98e+01    4.95e+01      7.71e-01    5.81e-01      3.76e+01    3.20e+01    1.3e-06
  68100      5.02e+01    5.52e+01      6.15e-01    6.56e-01      3.18e+01    3.56e+01    1.3e-06
  68200      4.83e+01    4.90e+01      3.29e-01    4.60e-01      3.14e+01    3.20e+01    1.3e-06
  68300      5.06e+01    5.16e+01      4.77e-01    7.04e-01      3.24e+01    3.30e+01    1.3e-06
  68400      6.80e+01    4.86e+01      8.80e-01    3.15e-01      4.30e+01    3.20e+01    1.3e-06
  68500      5.14e+01    4.95e+01      5.35e-01    7.95e-01      3.32e+01    3.12e+01    1.3e-06
  68600      5.02e+01    5.46e+01      6.50e-01    5.19e-01      3.19e+01    3.56e+01    1.3e-06
  68700      5.00e+01    5.27e+01      7.06e-01    8.91e-01      3.18e+01    3.30e+01    1.3e-06
  68800      5.32e+01    5.05e+01      1.02e+00    7.57e-01      3.27e+01    3.20e+01    1.3e-06
  68900      6.37e+01    4.78e+01      1.06e+00    4.78e-01      3.93e+01    3.11e+01    1.3e-06
  69000      5.88e+01    5.67e+01      6.31e-01    1.38e+00      3.78e+01    3.30e+01    1.3e-06
  69100      5.02e+01    4.88e+01      5.77e-01    4.07e-01      3.22e+01    3.20e+01    1.3e-06
  69200      6.15e+01    4.69e+01      9.56e-01    1.30e-01      3.84e+01    3.11e+01    1.3e-06
  69300      5.14e+01    5.00e+01      8.11e-01    6.66e-01      3.23e+01    3.20e+01    1.3e-06
  69400      5.32e+01    5.41e+01      7.23e-01    3.80e-01      3.39e+01    3.56e+01    1.3e-06
  69500      4.96e+01    4.75e+01      5.94e-01    3.89e-01      3.16e+01    3.11e+01    1.3e-06
  69600      4.91e+01    4.75e+01      7.13e-01    4.11e-01      3.11e+01    3.11e+01    1.3e-06
  69700      4.96e+01    4.62e+01      3.45e-01    6.71e-02      3.26e+01    3.06e+01    1.3e-06
  69800      5.16e+01    4.62e+01      7.62e-01    2.68e-02      3.27e+01    3.06e+01    1.3e-06
  69900      6.15e+01    5.40e+01      7.67e-01    1.07e+00      3.91e+01    3.30e+01    1.3e-06
  70000      7.15e+01    4.73e+01      1.18e+00    3.38e-01      4.43e+01    3.11e+01    1.3e-06
  70100      4.60e+01    4.19e+01      5.50e-01    3.76e-01      3.35e+01    3.11e+01    7.6e-07
  70200      4.31e+01    4.73e+01      4.01e-01    9.17e-01      3.16e+01    3.30e+01    7.6e-07
  70300      5.49e+01    4.46e+01      1.05e+00    8.58e-01      3.81e+01    3.11e+01    7.6e-07
  70400      4.33e+01    7.66e+01      5.66e-01    1.80e+00      3.14e+01    5.12e+01    7.6e-07
  70500      4.44e+01    4.41e+01      6.12e-01    7.82e-01      3.20e+01    3.11e+01    7.6e-07
  70600      4.59e+01    4.51e+01      8.14e-01    9.26e-01      3.24e+01    3.11e+01    7.6e-07
  70700      4.47e+01    7.66e+01      5.63e-01    1.80e+00      3.22e+01    5.12e+01    7.6e-07
  70800      4.62e+01    4.79e+01      7.90e-01    3.90e-01      3.27e+01    3.56e+01    7.6e-07
  70900      6.53e+01    4.08e+01      1.33e+00    1.85e-01      4.44e+01    3.06e+01    7.6e-07
  71000      4.35e+01    4.35e+01      5.29e-01    4.81e-01      3.17e+01    3.20e+01    7.6e-07
  71100      5.52e+01    4.71e+01      1.17e+00    8.75e-01      3.78e+01    3.30e+01    7.6e-07
  71200      4.30e+01    4.78e+01      1.29e-01    3.63e-01      3.23e+01    3.56e+01    7.6e-07
  71300      5.71e+01    4.07e+01      7.88e-01    2.73e-02      4.09e+01    3.06e+01    7.6e-07
  71400      4.48e+01    4.15e+01      4.55e-01    2.19e-01      3.29e+01    3.11e+01    7.6e-07
  71500      4.49e+01    4.32e+01      7.07e-01    3.94e-01      3.20e+01    3.20e+01    7.6e-07
  71600      6.59e+01    7.58e+01      1.39e+00    1.71e+00      4.52e+01    5.12e+01    7.6e-07
  71700      4.30e+01    4.08e+01      5.58e-01    1.61e-01      3.09e+01    3.06e+01    7.6e-07
  71800      4.60e+01    4.72e+01      8.24e-01    8.80e-01      3.24e+01    3.31e+01    7.6e-07
  71900      5.45e+01    4.75e+01      8.96e-01    9.23e-01      3.83e+01    3.31e+01    7.6e-07
  72000      4.38e+01    4.69e+01      3.34e-01    8.46e-01      3.26e+01    3.31e+01    7.6e-07
  72100      5.52e+01    4.17e+01      1.07e+00    3.24e-01      3.85e+01    3.11e+01    7.6e-07
  72200      4.65e+01    4.07e+01      4.23e-01    6.21e-02      3.44e+01    3.07e+01    7.6e-07
  72300      4.24e+01    4.63e+01      3.01e-01    7.47e-01      3.16e+01    3.31e+01    7.6e-07
  72400      4.59e+01    4.45e+01      5.85e-01    6.68e-01      3.31e+01    3.20e+01    7.6e-07
  72500      4.49e+01    4.67e+01      6.46e-01    8.15e-01      3.24e+01    3.31e+01    7.6e-07
  72600      5.43e+01    4.77e+01      8.47e-01    3.24e-01      3.83e+01    3.56e+01    7.6e-07
  72700      4.60e+01    4.85e+01      5.77e-01    1.06e+00      3.32e+01    3.30e+01    7.6e-07
  72800      4.50e+01    4.77e+01      7.33e-01    3.08e-01      3.20e+01    3.56e+01    7.6e-07
  72900      5.61e+01    4.76e+01      1.05e+00    2.90e-01      3.92e+01    3.56e+01    7.6e-07
  73000      4.48e+01    4.34e+01      3.48e-01    4.44e-01      3.31e+01    3.20e+01    7.6e-07
  73100      4.35e+01    4.15e+01      2.77e-01    2.24e-01      3.25e+01    3.11e+01    7.6e-07
  73200      6.57e+01    4.07e+01      1.15e+00    2.38e-02      4.60e+01    3.07e+01    7.6e-07
  73300      4.12e+01    4.82e+01      1.91e-01    4.79e-01      3.09e+01    3.56e+01    7.6e-07
  73400      4.47e+01    4.33e+01      8.70e-01    4.24e-01      3.11e+01    3.20e+01    7.6e-07
  73500      4.66e+01    4.83e+01      8.53e-01    1.04e+00      3.27e+01    3.30e+01    7.6e-07
  73600      5.65e+01    4.68e+01      1.09e+00    8.23e-01      3.94e+01    3.31e+01    7.6e-07
  73700      4.23e+01    4.45e+01      4.11e-01    8.43e-01      3.09e+01    3.11e+01    7.6e-07
  73800      4.61e+01    4.76e+01      6.45e-01    9.46e-01      3.32e+01    3.30e+01    7.6e-07
  73900      4.77e+01    4.38e+01      7.53e-01    7.44e-01      3.39e+01    3.11e+01    7.6e-07
  74000      5.51e+01    4.16e+01      8.07e-01    2.58e-01      3.96e+01    3.11e+01    7.6e-07
  74100      4.37e+01    7.46e+01      7.06e-01    1.56e+00      3.11e+01    5.12e+01    7.6e-07
  74200      4.25e+01    4.67e+01      4.35e-01    8.18e-01      3.14e+01    3.30e+01    7.6e-07
  74300      5.19e+01    4.37e+01      5.20e-01    5.06e-01      3.76e+01    3.20e+01    7.6e-07
  74400      5.59e+01    4.43e+01      1.05e+00    8.24e-01      3.91e+01    3.11e+01    7.6e-07
  74500      4.58e+01    4.36e+01      5.09e-01    4.80e-01      3.36e+01    3.20e+01    7.6e-07
  74600      4.23e+01    4.86e+01      3.49e-01    1.07e+00      3.13e+01    3.30e+01    7.6e-07
  74700      4.31e+01    4.37e+01      5.40e-01    5.11e-01      3.14e+01    3.20e+01    7.6e-07
  74800      5.53e+01    4.07e+01      1.08e+00    7.25e-02      3.84e+01    3.07e+01    7.6e-07
  74900      4.43e+01    7.36e+01      6.64e-01    1.44e+00      3.17e+01    5.12e+01    7.6e-07
  75000      4.40e+01    4.76e+01      2.76e-01    2.89e-01      3.28e+01    3.56e+01    7.6e-07
  75100      4.22e+01    4.30e+01      5.58e-01    8.23e-01      3.36e+01    3.31e+01    4.6e-07
  75200      5.04e+01    4.33e+01      7.36e-01    2.78e-01      3.96e+01    3.56e+01    4.6e-07
  75300      4.17e+01    3.80e+01      6.91e-01    3.11e-01      3.24e+01    3.11e+01    4.6e-07
  75400      5.14e+01    3.70e+01      1.04e+00    3.22e-02      3.91e+01    3.07e+01    4.6e-07
  75500      4.22e+01    4.33e+01      6.15e-01    2.87e-01      3.32e+01    3.56e+01    4.6e-07
  75600      3.71e+01    4.03e+01      9.53e-02    5.72e-01      3.07e+01    3.21e+01    4.6e-07
  75700      4.94e+01    4.29e+01      5.91e-01    8.06e-01      3.92e+01    3.31e+01    4.6e-07
  75800      5.16e+01    4.06e+01      1.06e+00    7.94e-01      3.91e+01    3.11e+01    4.6e-07
  75900      3.96e+01    4.32e+01      3.89e-01    2.28e-01      3.19e+01    3.56e+01    4.6e-07
  76000      4.11e+01    3.79e+01      7.04e-01    2.82e-01      3.21e+01    3.11e+01    4.6e-07
  76100      4.00e+01    4.24e+01      6.78e-01    7.30e-01      3.11e+01    3.31e+01    4.6e-07
  76200      4.92e+01    6.68e+01      7.75e-01    1.29e+00      3.83e+01    5.12e+01    4.6e-07
  76300      3.87e+01    3.80e+01      3.83e-01    3.19e-01      3.14e+01    3.11e+01    4.6e-07
  76400      4.07e+01    3.84e+01      5.19e-01    4.19e-01      3.23e+01    3.11e+01    4.6e-07
  76500      5.15e+01    4.07e+01      6.44e-01    8.03e-01      4.08e+01    3.10e+01    4.6e-07
  76600      4.05e+01    4.00e+01      3.85e-01    5.23e-01      3.29e+01    3.21e+01    4.6e-07
  76700      5.04e+01    4.00e+01      1.00e+00    5.18e-01      3.84e+01    3.21e+01    4.6e-07
  76800      3.95e+01    3.98e+01      4.14e-01    4.72e-01      3.16e+01    3.21e+01    4.6e-07
  76900      5.15e+01    4.00e+01      1.01e+00    5.12e-01      3.93e+01    3.21e+01    4.6e-07
  77000      5.03e+01    3.70e+01      9.78e-01    8.32e-03      3.85e+01    3.07e+01    4.6e-07
  77100      4.93e+01    3.99e+01      7.53e-01    4.88e-01      3.83e+01    3.21e+01    4.6e-07
  77200      5.02e+01    4.23e+01      6.84e-01    7.09e-01      3.97e+01    3.31e+01    4.6e-07
  77300      4.03e+01    3.97e+01      3.57e-01    4.51e-01      3.24e+01    3.21e+01    4.6e-07
  77400      4.02e+01    4.28e+01      5.40e-01    7.95e-01      3.21e+01    3.31e+01    4.6e-07
  77500      4.04e+01    4.01e+01      5.51e-01    5.43e-01      3.21e+01    3.21e+01    4.6e-07
  77600      4.24e+01    3.70e+01      4.48e-01    3.27e-02      3.41e+01    3.07e+01    4.6e-07
  77700      4.04e+01    3.70e+01      6.28e-01    1.19e-02      3.17e+01    3.07e+01    4.6e-07
  77800      4.01e+01    4.03e+01      2.87e-01    7.53e-01      3.28e+01    3.10e+01    4.6e-07
  77900      4.09e+01    4.08e+01      6.55e-01    8.24e-01      3.21e+01    3.10e+01    4.6e-07
  78000      4.03e+01    3.96e+01      5.43e-01    4.21e-01      3.21e+01    3.21e+01    4.6e-07
  78100      4.20e+01    3.96e+01      7.80e-01    4.36e-01      3.24e+01    3.21e+01    4.6e-07
  78200      4.24e+01    3.71e+01      4.09e-01    7.50e-02      3.45e+01    3.07e+01    4.6e-07
  78300      3.88e+01    4.32e+01      4.37e-01    2.10e-01      3.09e+01    3.56e+01    4.6e-07
  78400      4.16e+01    3.70e+01      6.92e-01    2.73e-04      3.24e+01    3.07e+01    4.6e-07
  78500      4.90e+01    3.80e+01      5.38e-01    3.34e-01      3.92e+01    3.11e+01    4.6e-07
  78600      5.66e+01    3.79e+01      8.50e-01    2.95e-01      4.44e+01    3.11e+01    4.6e-07
  78700      3.83e+01    4.12e+01      2.97e-01    8.70e-01      3.13e+01    3.10e+01    4.6e-07
  78800      5.02e+01    4.28e+01      9.62e-01    7.84e-01      3.85e+01    3.31e+01    4.6e-07
  78900      3.96e+01    6.71e+01      3.82e-01    1.33e+00      3.19e+01    5.12e+01    4.6e-07
  79000      5.02e+01    4.17e+01      1.07e+00    6.13e-01      3.78e+01    3.31e+01    4.6e-07
  79100      4.80e+01    4.02e+01      7.24e-01    5.56e-01      3.78e+01    3.21e+01    4.6e-07
  79200      5.79e+01    3.70e+01      1.02e+00    2.99e-02      4.49e+01    3.07e+01    4.6e-07
  79300      4.13e+01    3.70e+01      2.03e-01    3.93e-02      3.40e+01    3.07e+01    4.6e-07
  79400      4.03e+01    3.97e+01      5.49e-01    4.48e-01      3.21e+01    3.21e+01    4.6e-07
  79500      4.09e+01    4.32e+01      6.48e-01    2.35e-01      3.21e+01    3.56e+01    4.6e-07
  79600      4.38e+01    4.34e+01      9.18e-01    3.13e-01      3.31e+01    3.56e+01    4.6e-07
  79700      3.98e+01    4.33e+01      3.20e-01    2.66e-01      3.26e+01    3.56e+01    4.6e-07
  79800      4.30e+01    4.34e+01      6.20e-01    3.01e-01      3.39e+01    3.56e+01    4.6e-07
  79900      3.87e+01    4.22e+01      2.48e-01    6.93e-01      3.15e+01    3.31e+01    4.6e-07
  80000      5.07e+01    4.26e+01      7.44e-01    7.51e-01      4.00e+01    3.31e+01    4.6e-07
  80100      3.73e+01    3.56e+01      3.05e-01    3.13e-01      3.26e+01    3.11e+01    2.7e-07
  80200      3.82e+01    3.46e+01      5.45e-01    5.72e-03      3.24e+01    3.07e+01    2.7e-07
  80300      3.76e+01    3.58e+01      5.05e-01    3.76e-01      3.16e+01    3.11e+01    2.7e-07
  80400      3.71e+01    3.98e+01      4.03e-01    7.07e-01      3.16e+01    3.31e+01    2.7e-07
  80500      3.91e+01    3.73e+01      8.02e-01    4.54e-01      3.17e+01    3.21e+01    2.7e-07
  80600      3.86e+01    3.72e+01      5.50e-01    4.28e-01      3.23e+01    3.21e+01    2.7e-07
  80700      4.60e+01    3.46e+01      8.15e-01    2.10e-02      3.81e+01    3.07e+01    2.7e-07
  80800      3.79e+01    4.05e+01      3.53e-01    2.49e-01      3.29e+01    3.57e+01    2.7e-07
  80900      4.77e+01    3.57e+01      7.29e-01    3.42e-01      4.00e+01    3.11e+01    2.7e-07
  81000      4.60e+01    4.05e+01      6.85e-01    2.44e-01      3.84e+01    3.57e+01    2.7e-07
  81100      3.82e+01    4.02e+01      6.44e-01    7.52e-01      3.17e+01    3.31e+01    2.7e-07
  81200      3.94e+01    3.46e+01      4.93e-01    1.27e-02      3.36e+01    3.07e+01    2.7e-07
  81300      3.71e+01    4.05e+01      4.70e-01    2.51e-01      3.17e+01    3.57e+01    2.7e-07
  81400      3.96e+01    3.99e+01      7.74e-01    7.13e-01      3.24e+01    3.31e+01    2.7e-07
  81500      3.70e+01    3.75e+01      5.20e-01    4.86e-01      3.14e+01    3.21e+01    2.7e-07
  81600      3.94e+01    3.73e+01      3.07e-01    4.47e-01      3.45e+01    3.21e+01    2.7e-07
  81700      3.55e+01    3.57e+01      1.61e-01    3.43e-01      3.12e+01    3.11e+01    2.7e-07
  81800      4.76e+01    3.47e+01      6.85e-01    5.89e-02      4.00e+01    3.07e+01    2.7e-07
  81900      3.65e+01    3.55e+01      2.96e-01    3.04e-01      3.15e+01    3.11e+01    2.7e-07
  82000      5.48e+01    3.94e+01      1.11e+00    6.42e-01      4.45e+01    3.31e+01    2.7e-07
  82100      4.56e+01    3.60e+01      6.67e-01    4.22e-01      3.85e+01    3.11e+01    2.7e-07
  82200      3.98e+01    3.71e+01      6.03e-01    4.15e-01      3.33e+01    3.21e+01    2.7e-07
  82300      3.70e+01    3.88e+01      2.18e-01    8.53e-01      3.25e+01    3.10e+01    2.7e-07
  82400      4.41e+01    3.47e+01      4.96e-01    3.59e-02      3.77e+01    3.07e+01    2.7e-07
  82500      4.62e+01    4.07e+01      5.85e-01    8.24e-01      3.94e+01    3.31e+01    2.7e-07
  82600      4.68e+01    6.23e+01      8.83e-01    1.17e+00      3.85e+01    5.13e+01    2.7e-07
  82700      4.62e+01    3.96e+01      7.89e-01    6.77e-01      3.85e+01    3.31e+01    2.7e-07
  82800      4.02e+01    3.47e+01      7.59e-01    5.67e-02      3.31e+01    3.07e+01    2.7e-07
  82900      3.59e+01    3.96e+01      2.82e-01    6.75e-01      3.08e+01    3.31e+01    2.7e-07
  83000      3.97e+01    3.73e+01      7.10e-01    4.58e-01      3.28e+01    3.21e+01    2.7e-07
  83100      3.87e+01    4.04e+01      4.67e-01    7.82e-01      3.29e+01    3.31e+01    2.7e-07
  83200      3.93e+01    3.47e+01      6.58e-01    3.91e-02      3.28e+01    3.07e+01    2.7e-07
  83300      3.73e+01    3.74e+01      3.94e-01    4.67e-01      3.20e+01    3.21e+01    2.7e-07
  83400      3.86e+01    4.05e+01      4.84e-01    2.35e-01      3.29e+01    3.57e+01    2.7e-07
  83500      4.62e+01    6.22e+01      5.81e-01    1.17e+00      3.93e+01    5.13e+01    2.7e-07
  83600      4.47e+01    3.85e+01      5.39e-01    8.24e-01      3.80e+01    3.10e+01    2.7e-07
  83700      4.04e+01    3.47e+01      4.15e-01    3.09e-02      3.48e+01    3.07e+01    2.7e-07
  83800      4.54e+01    3.75e+01      6.21e-01    4.89e-01      3.84e+01    3.21e+01    2.7e-07
  83900      4.64e+01    3.94e+01      9.37e-01    6.44e-01      3.78e+01    3.31e+01    2.7e-07
  84000      3.70e+01    3.83e+01      3.93e-01    7.90e-01      3.16e+01    3.10e+01    2.7e-07
  84100      3.82e+01    3.81e+01      6.47e-01    7.68e-01      3.17e+01    3.10e+01    2.7e-07
  84200      3.67e+01    4.05e+01      3.52e-01    2.33e-01      3.16e+01    3.57e+01    2.7e-07
  84300      3.73e+01    4.05e+01      3.09e-01    2.25e-01      3.26e+01    3.57e+01    2.7e-07
  84400      3.98e+01    3.72e+01      7.94e-01    4.22e-01      3.24e+01    3.21e+01    2.7e-07
  84500      4.62e+01    4.04e+01      7.26e-01    1.72e-01      3.89e+01    3.57e+01    2.7e-07
  84600      4.46e+01    3.47e+01      5.20e-01    1.73e-02      3.81e+01    3.07e+01    2.7e-07
  84700      3.97e+01    3.70e+01      5.89e-01    3.91e-01      3.32e+01    3.21e+01    2.7e-07
  84800      3.78e+01    4.07e+01      5.33e-01    8.25e-01      3.16e+01    3.31e+01    2.7e-07
  84900      5.36e+01    4.05e+01      9.58e-01    2.49e-01      4.45e+01    3.57e+01    2.7e-07
  85000      3.84e+01    3.98e+01      5.78e-01    6.97e-01      3.24e+01    3.31e+01    2.7e-07
  85100      3.60e+01    3.40e+01      2.81e-01    2.92e-01      3.28e+01    3.11e+01    1.6e-07
  85200      3.73e+01    3.79e+01      4.06e-01    6.48e-01      3.36e+01    3.31e+01    1.6e-07
  85300      4.26e+01    3.87e+01      6.10e-01    2.03e-01      3.78e+01    3.57e+01    1.6e-07
  85400      3.48e+01    3.81e+01      2.32e-01    6.69e-01      3.15e+01    3.31e+01    1.6e-07
  85500      4.39e+01    3.81e+01      7.10e-01    6.76e-01      3.85e+01    3.31e+01    1.6e-07
  85600      3.74e+01    3.31e+01      7.76e-01    2.91e-02      3.17e+01    3.07e+01    1.6e-07
  85700      3.72e+01    3.31e+01      6.75e-01    7.51e-03      3.21e+01    3.07e+01    1.6e-07
  85800      4.37e+01    3.67e+01      4.32e-01    7.69e-01      3.92e+01    3.10e+01    1.6e-07
  85900      4.42e+01    3.91e+01      7.51e-01    8.03e-01      3.85e+01    3.31e+01    1.6e-07
  86000      3.70e+01    3.87e+01      4.12e-01    2.05e-01      3.33e+01    3.57e+01    1.6e-07
  86100      3.68e+01    3.88e+01      3.30e-01    2.45e-01      3.32e+01    3.57e+01    1.6e-07
  86200      3.54e+01    5.97e+01      3.65e-01    1.14e+00      3.21e+01    5.13e+01    1.6e-07
  86300      3.82e+01    3.41e+01      6.07e-01    3.14e-01      3.33e+01    3.11e+01    1.6e-07
  86400      3.47e+01    5.92e+01      3.73e-01    1.07e+00      3.09e+01    5.13e+01    1.6e-07
  86500      4.39e+01    3.80e+01      7.62e-01    6.63e-01      3.81e+01    3.31e+01    1.6e-07
  86600      3.83e+01    3.31e+01      5.10e-01    6.81e-03      3.40e+01    3.07e+01    1.6e-07
  86700      3.51e+01    5.93e+01      3.48e-01    1.08e+00      3.16e+01    5.13e+01    1.6e-07
  86800      3.62e+01    5.91e+01      3.34e-01    1.06e+00      3.30e+01    5.13e+01    1.6e-07
  86900      3.91e+01    3.65e+01      6.24e-01    7.53e-01      3.40e+01    3.10e+01    1.6e-07
  87000      3.59e+01    3.90e+01      4.11e-01    8.00e-01      3.20e+01    3.31e+01    1.6e-07
  87100      5.13e+01    3.82e+01      8.45e-01    6.93e-01      4.49e+01    3.31e+01    1.6e-07
  87200      3.46e+01    3.41e+01      3.67e-01    3.30e-01      3.09e+01    3.11e+01    1.6e-07
  87300      4.47e+01    3.43e+01      8.37e-01    3.73e-01      3.85e+01    3.10e+01    1.6e-07
  87400      3.70e+01    3.91e+01      3.35e-01    8.01e-01      3.32e+01    3.31e+01    1.6e-07
  87500      3.78e+01    3.31e+01      5.52e-01    9.71e-03      3.33e+01    3.07e+01    1.6e-07
  87600      3.66e+01    5.91e+01      2.88e-01    1.06e+00      3.32e+01    5.13e+01    1.6e-07
  87700      4.45e+01    3.65e+01      8.21e-01    7.49e-01      3.85e+01    3.10e+01    1.6e-07
  87800      3.52e+01    3.69e+01      5.17e-01    8.01e-01      3.10e+01    3.10e+01    1.6e-07
  87900      4.30e+01    3.90e+01      6.12e-01    8.00e-01      3.82e+01    3.31e+01    1.6e-07
  88000      3.62e+01    3.80e+01      3.28e-01    6.64e-01      3.30e+01    3.31e+01    1.6e-07
  88100      3.79e+01    3.67e+01      4.88e-01    7.69e-01      3.37e+01    3.10e+01    1.6e-07
  88200      3.72e+01    3.42e+01      6.71e-01    3.41e-01      3.21e+01    3.10e+01    1.6e-07
  88300      3.51e+01    3.89e+01      2.76e-01    7.81e-01      3.15e+01    3.31e+01    1.6e-07
  88400      4.52e+01    3.70e+01      8.17e-01    8.11e-01      3.92e+01    3.10e+01    1.6e-07
  88500      4.41e+01    3.79e+01      7.34e-01    6.41e-01      3.85e+01    3.31e+01    1.6e-07
  88600      3.77e+01    3.42e+01      2.69e-01    3.59e-01      3.45e+01    3.10e+01    1.6e-07
  88700      4.49e+01    3.68e+01      7.76e-01    7.90e-01      3.92e+01    3.10e+01    1.6e-07
  88800      4.30e+01    3.32e+01      6.13e-01    2.10e-02      3.77e+01    3.07e+01    1.6e-07
  88900      4.38e+01    5.91e+01      7.49e-01    1.05e+00      3.81e+01    5.13e+01    1.6e-07
  89000      3.55e+01    3.67e+01      3.86e-01    7.75e-01      3.16e+01    3.10e+01    1.6e-07
  89100      3.50e+01    3.55e+01      7.98e-02    3.98e-01      3.24e+01    3.21e+01    1.6e-07
  89200      3.72e+01    3.82e+01      6.71e-01    6.83e-01      3.21e+01    3.31e+01    1.6e-07
  89300      3.62e+01    3.65e+01      5.85e-01    7.43e-01      3.17e+01    3.10e+01    1.6e-07
  89400      4.53e+01    3.87e+01      8.23e-01    1.98e-01      3.92e+01    3.57e+01    1.6e-07
  89500      3.62e+01    3.64e+01      3.35e-01    7.32e-01      3.30e+01    3.10e+01    1.6e-07
  89600      3.74e+01    3.43e+01      4.13e-01    3.71e-01      3.37e+01    3.10e+01    1.6e-07
  89700      3.71e+01    3.87e+01      6.65e-01    2.03e-01      3.21e+01    3.57e+01    1.6e-07
  89800      3.57e+01    3.89e+01      3.03e-01    7.84e-01      3.26e+01    3.31e+01    1.6e-07
  89900      3.66e+01    5.89e+01      4.77e-01    1.02e+00      3.23e+01    5.13e+01    1.6e-07
  90000      4.25e+01    3.86e+01      4.82e-01    1.74e-01      3.81e+01    3.57e+01    1.6e-07
  90100      4.18e+01    3.59e+01      6.11e-01    7.88e-01      3.77e+01    3.10e+01    9.8e-08
  90200      4.37e+01    3.22e+01      8.50e-01    1.74e-03      3.85e+01    3.07e+01    9.8e-08
  90300      3.58e+01    3.22e+01      6.15e-01    5.65e-03      3.21e+01    3.07e+01    9.8e-08
  90400      3.63e+01    3.59e+01      4.42e-01    7.77e-01      3.33e+01    3.10e+01    9.8e-08
  90500      3.59e+01    3.22e+01      3.98e-01    8.79e-03      3.33e+01    3.07e+01    9.8e-08
  90600      4.21e+01    3.71e+01      5.53e-01    6.72e-01      3.84e+01    3.31e+01    9.8e-08
  90700      4.37e+01    3.33e+01      8.56e-01    3.73e-01      3.85e+01    3.10e+01    9.8e-08
  90800      3.34e+01    3.76e+01      2.65e-01    2.11e-01      3.13e+01    3.57e+01    9.8e-08
  90900      3.69e+01    3.58e+01      6.69e-01    7.68e-01      3.28e+01    3.10e+01    9.8e-08
  91000      4.17e+01    3.33e+01      5.92e-01    3.67e-01      3.82e+01    3.10e+01    9.8e-08
  91100      3.60e+01    3.32e+01      4.68e-01    3.26e-01      3.29e+01    3.10e+01    9.8e-08
  91200      3.50e+01    3.33e+01      4.80e-01    3.72e-01      3.16e+01    3.10e+01    9.8e-08
  91300      3.63e+01    3.22e+01      4.42e-01    8.08e-03      3.33e+01    3.07e+01    9.8e-08
  91400      4.35e+01    3.80e+01      6.48e-01    7.81e-01      3.93e+01    3.32e+01    9.8e-08
  91500      4.37e+01    5.71e+01      7.62e-01    9.74e-01      3.92e+01    5.13e+01    9.8e-08
  91600      3.44e+01    3.59e+01      1.87e-01    7.82e-01      3.25e+01    3.09e+01    9.8e-08
  91700      4.13e+01    3.55e+01      4.73e-01    7.40e-01      3.81e+01    3.09e+01    9.8e-08
  91800      4.42e+01    3.56e+01      6.56e-01    7.43e-01      4.01e+01    3.09e+01    9.8e-08
  91900      3.55e+01    3.32e+01      4.43e-01    3.40e-01      3.23e+01    3.10e+01    9.8e-08
  92000      3.74e+01    3.22e+01      5.23e-01    2.61e-02      3.40e+01    3.07e+01    9.8e-08
  92100      4.13e+01    3.32e+01      4.65e-01    3.49e-01      3.81e+01    3.10e+01    9.8e-08
  92200      3.53e+01    3.47e+01      5.18e-01    4.30e-01      3.16e+01    3.22e+01    9.8e-08
  92300      3.32e+01    3.81e+01      3.47e-01    7.93e-01      3.10e+01    3.32e+01    9.8e-08
  92400      3.47e+01    5.70e+01      3.61e-01    9.59e-01      3.20e+01    5.13e+01    9.8e-08
  92500      3.70e+01    3.80e+01      3.77e-01    7.86e-01      3.41e+01    3.32e+01    9.8e-08
  92600      4.19e+01    3.32e+01      6.70e-01    3.32e-01      3.78e+01    3.10e+01    9.8e-08
  92700      3.61e+01    5.72e+01      6.48e-01    9.90e-01      3.21e+01    5.13e+01    9.8e-08
  92800      4.08e+01    3.81e+01      4.31e-01    7.99e-01      3.77e+01    3.32e+01    9.8e-08
  92900      4.17e+01    5.70e+01      5.80e-01    9.65e-01      3.82e+01    5.13e+01    9.8e-08
  93000      3.73e+01    3.32e+01      7.80e-01    3.49e-01      3.24e+01    3.10e+01    9.8e-08
  93100      4.16e+01    3.57e+01      5.74e-01    7.61e-01      3.82e+01    3.09e+01    9.8e-08
  93200      3.66e+01    3.76e+01      6.25e-01    1.88e-01      3.28e+01    3.57e+01    9.8e-08
  93300      3.59e+01    3.81e+01      3.95e-01    7.95e-01      3.33e+01    3.32e+01    9.8e-08
  93400      3.58e+01    3.34e+01      3.12e-01    3.85e-01      3.32e+01    3.10e+01    9.8e-08
  93500      3.56e+01    5.68e+01      2.79e-01    9.41e-01      3.32e+01    5.13e+01    9.8e-08
  93600      3.62e+01    3.33e+01      7.28e-01    3.68e-01      3.17e+01    3.10e+01    9.8e-08
  93700      4.30e+01    3.47e+01      5.14e-01    4.18e-01      3.97e+01    3.22e+01    9.8e-08
  93800      3.53e+01    3.70e+01      5.16e-01    6.49e-01      3.16e+01    3.31e+01    9.8e-08
  93900      3.50e+01    3.70e+01      4.76e-01    6.55e-01      3.21e+01    3.31e+01    9.8e-08
  94000      3.26e+01    5.69e+01      1.30e-01    9.50e-01      3.08e+01    5.13e+01    9.8e-08
  94100      4.28e+01    3.33e+01      6.65e-01    3.58e-01      3.89e+01    3.10e+01    9.8e-08
  94200      3.65e+01    3.70e+01      6.85e-01    6.51e-01      3.24e+01    3.31e+01    9.8e-08
  94300      3.71e+01    3.59e+01      5.69e-01    7.79e-01      3.33e+01    3.09e+01    9.8e-08
  94400      5.04e+01    3.47e+01      6.82e-01    4.22e-01      4.61e+01    3.22e+01    9.8e-08
  94500      3.37e+01    3.33e+01      3.77e-01    3.56e-01      3.09e+01    3.10e+01    9.8e-08
  94600      3.43e+01    3.76e+01      4.02e-01    1.90e-01      3.18e+01    3.57e+01    9.8e-08
  94700      3.77e+01    3.75e+01      3.74e-01    1.74e-01      3.48e+01    3.57e+01    9.8e-08
  94800      3.53e+01    3.22e+01      5.18e-01    1.25e-02      3.16e+01    3.08e+01    9.8e-08
  94900      4.15e+01    3.70e+01      5.61e-01    6.55e-01      3.82e+01    3.31e+01    9.8e-08
  95000      3.57e+01    5.68e+01      6.32e-01    9.30e-01      3.17e+01    5.13e+01    9.8e-08
  95100      3.52e+01    3.69e+01      4.79e-01    1.84e-01      3.24e+01    3.57e+01    5.9e-08
  95200      4.21e+01    3.69e+01      8.19e-01    1.73e-01      3.77e+01    3.57e+01    5.9e-08
  95300      4.00e+01    3.42e+01      4.20e-01    4.27e-01      3.77e+01    3.22e+01    5.9e-08
  95400      3.51e+01    3.16e+01      5.46e-01    3.79e-03      3.24e+01    3.08e+01    5.9e-08
  95500      3.50e+01    5.58e+01      2.74e-01    9.21e-01      3.32e+01    5.13e+01    5.9e-08
  95600      3.51e+01    5.59e+01      1.15e-01    9.32e-01      3.40e+01    5.13e+01    5.9e-08
  95700      3.51e+01    3.73e+01      5.23e-01    7.63e-01      3.25e+01    3.32e+01    5.9e-08
  95800      4.33e+01    3.52e+01      6.22e-01    7.67e-01      4.00e+01    3.09e+01    5.9e-08
  95900      4.17e+01    3.16e+01      6.96e-01    3.01e-04      3.81e+01    3.08e+01    5.9e-08
  96000      3.53e+01    3.16e+01      3.89e-01    4.35e-04      3.33e+01    3.08e+01    5.9e-08
  96100      4.33e+01    3.63e+01      6.19e-01    6.27e-01      4.00e+01    3.31e+01    5.9e-08
  96200      4.28e+01    3.52e+01      8.17e-01    7.60e-01      3.85e+01    3.09e+01    5.9e-08
  96300      4.13e+01    5.58e+01      5.83e-01    9.15e-01      3.86e+01    5.13e+01    5.9e-08
  96400      3.59e+01    3.64e+01      7.65e-01    6.42e-01      3.17e+01    3.31e+01    5.9e-08
  96500      3.58e+01    3.74e+01      4.06e-01    7.76e-01      3.37e+01    3.32e+01    5.9e-08
  96600      3.37e+01    3.16e+01      4.01e-01    2.41e-02      3.13e+01    3.08e+01    5.9e-08
  96700      4.16e+01    3.69e+01      5.66e-01    1.68e-01      3.84e+01    3.57e+01    5.9e-08
  96800      3.23e+01    5.58e+01      2.42e-01    9.16e-01      3.09e+01    5.13e+01    5.9e-08
  96900      3.35e+01    3.41e+01      3.31e-01    4.16e-01      3.16e+01    3.22e+01    5.9e-08
  97000      3.65e+01    3.52e+01      4.77e-01    7.64e-01      3.40e+01    3.09e+01    5.9e-08
  97100      3.28e+01    3.74e+01      2.60e-01    7.73e-01      3.13e+01    3.32e+01    5.9e-08
  97200      4.33e+01    3.63e+01      6.19e-01    6.37e-01      4.00e+01    3.31e+01    5.9e-08
  97300      3.44e+01    3.63e+01      4.67e-01    6.36e-01      3.21e+01    3.31e+01    5.9e-08
  97400      3.58e+01    3.69e+01      6.34e-01    1.71e-01      3.25e+01    3.57e+01    5.9e-08
  97500      3.49e+01    3.52e+01      2.70e-01    7.61e-01      3.32e+01    3.09e+01    5.9e-08
  97600      3.50e+01    3.16e+01      2.72e-01    1.41e-03      3.32e+01    3.08e+01    5.9e-08
  97700      3.61e+01    3.69e+01      4.51e-01    1.67e-01      3.37e+01    3.57e+01    5.9e-08
  97800      4.20e+01    3.63e+01      8.04e-01    6.37e-01      3.77e+01    3.31e+01    5.9e-08
  97900      3.28e+01    3.26e+01      2.58e-01    3.38e-01      3.13e+01    3.10e+01    5.9e-08
  98000      4.89e+01    5.57e+01      8.57e-01    9.04e-01      4.45e+01    5.13e+01    5.9e-08
  98100      3.54e+01    5.56e+01      4.52e-01    8.89e-01      3.29e+01    5.13e+01    5.9e-08
  98200      3.62e+01    3.73e+01      6.42e-01    7.63e-01      3.28e+01    3.32e+01    5.9e-08
  98300      3.47e+01    3.69e+01      5.15e-01    1.73e-01      3.21e+01    3.57e+01    5.9e-08
  98400      3.44e+01    3.64e+01      4.67e-01    6.51e-01      3.16e+01    3.31e+01    5.9e-08
  98500      3.47e+01    3.63e+01      4.23e-01    6.30e-01      3.23e+01    3.31e+01    5.9e-08
  98600      4.33e+01    3.68e+01      6.10e-01    1.60e-01      4.00e+01    3.57e+01    5.9e-08
  98700      4.29e+01    3.74e+01      5.67e-01    7.83e-01      4.00e+01    3.32e+01    5.9e-08
  98800      4.19e+01    3.69e+01      7.92e-01    1.80e-01      3.77e+01    3.57e+01    5.9e-08
  98900      4.14e+01    3.51e+01      3.55e-01    7.56e-01      3.92e+01    3.09e+01    5.9e-08
  99000      3.32e+01    3.40e+01      3.77e-01    4.00e-01      3.14e+01    3.22e+01    5.9e-08
  99100      3.32e+01    5.57e+01      3.83e-01    9.02e-01      3.09e+01    5.13e+01    5.9e-08
  99200      3.45e+01    3.41e+01      3.12e-01    4.21e-01      3.30e+01    3.22e+01    5.9e-08
  99300      3.59e+01    3.63e+01      6.03e-01    6.27e-01      3.28e+01    3.31e+01    5.9e-08
  99400      3.65e+01    3.27e+01      5.65e-01    3.53e-01      3.33e+01    3.10e+01    5.9e-08
  99500      4.03e+01    3.16e+01      5.21e-01    1.35e-04      3.78e+01    3.08e+01    5.9e-08
  99600      3.32e+01    3.74e+01      2.15e-01    7.73e-01      3.16e+01    3.32e+01    5.9e-08
  99700      4.00e+01    3.17e+01      4.32e-01    2.73e-02      3.77e+01    3.08e+01    5.9e-08
  99800      4.31e+01    3.74e+01      7.62e-01    7.75e-01      3.92e+01    3.32e+01    5.9e-08
  99900      4.23e+01    3.52e+01      6.89e-01    7.60e-01      3.89e+01    3.09e+01    5.9e-08
 100000      3.52e+01    3.74e+01      6.00e-01    7.71e-01      3.21e+01    3.32e+01    5.9e-08
